[ 2018-04-12T09:40:21+08:00 ] ::1 /lxd_think/
INFO: [ app_init ] --START--
INFO: Run Behavior\BuildLiteBehavior [ RunTime:0.000000s ]
INFO: [ app_init ] --END-- [ RunTime:0.001000s ]
NOTIC: [8] Use of undefined constant DEFAULT_MODULE - assumed 'DEFAULT_MODULE' D:\wamp64\www\lxd_think\Application\Home\Conf\config.php 第 4 行.
NOTIC: [8] Use of undefined constant Index - assumed 'Index' D:\wamp64\www\lxd_think\Application\Home\Conf\config.php 第 4 行.
NOTIC: [8] Use of undefined constant URL_MODEL - assumed 'URL_MODEL' D:\wamp64\www\lxd_think\Application\Home\Conf\config.php 第 5 行.
NOTIC: [2] include(class.phpmailer.php): failed to open stream: No such file or directory D:\wamp64\www\lxd_think\Application\Home\Common\function.php 第 2 行.
NOTIC: [2] include(): Failed opening 'class.phpmailer.php' for inclusion (include_path='.;C:\php\pear') D:\wamp64\www\lxd_think\Application\Home\Common\function.php 第 2 行.
NOTIC: [2] include(class.smtp.php): failed to open stream: No such file or directory D:\wamp64\www\lxd_think\Application\Home\Common\function.php 第 3 行.
NOTIC: [2] include(): Failed opening 'class.smtp.php' for inclusion (include_path='.;C:\php\pear') D:\wamp64\www\lxd_think\Application\Home\Common\function.php 第 3 行.
INFO: [ app_begin ] --START--
INFO: Run Behavior\ReadHtmlCacheBehavior [ RunTime:0.000000s ]
INFO: [ app_begin ] --END-- [ RunTime:0.001000s ]
INFO: [ view_parse ] --START--
INFO: [ template_filter ] --START--
INFO: Run Behavior\ContentReplaceBehavior [ RunTime:0.000000s ]
INFO: [ template_filter ] --END-- [ RunTime:0.000000s ]
INFO: Run Behavior\ParseTemplateBehavior [ RunTime:0.038000s ]
INFO: [ view_parse ] --END-- [ RunTime:0.039000s ]
INFO: [ view_filter ] --START--
INFO: Run Behavior\WriteHtmlCacheBehavior [ RunTime:0.003000s ]
INFO: [ view_filter ] --END-- [ RunTime:0.003000s ]
INFO: [ app_end ] --START--
INFO: Run Behavior\ShowPageTraceBehavior [ RunTime:0.001000s ]
INFO: [ app_end ] --END-- [ RunTime:0.001000s ]

[ 2018-04-12T09:40:23+08:00 ] ::1 /lxd_think/Home/index/verify.html
INFO: [ app_init ] --START--
INFO: Run Behavior\BuildLiteBehavior [ RunTime:0.000000s ]
INFO: [ app_init ] --END-- [ RunTime:0.000000s ]
NOTIC: [8] Use of undefined constant DEFAULT_MODULE - assumed 'DEFAULT_MODULE' D:\wamp64\www\lxd_think\Application\Home\Conf\config.php 第 4 行.
NOTIC: [8] Use of undefined constant Index - assumed 'Index' D:\wamp64\www\lxd_think\Application\Home\Conf\config.php 第 4 行.
NOTIC: [8] Use of undefined constant URL_MODEL - assumed 'URL_MODEL' D:\wamp64\www\lxd_think\Application\Home\Conf\config.php 第 5 行.
NOTIC: [2] include(class.phpmailer.php): failed to open stream: No such file or directory D:\wamp64\www\lxd_think\Application\Home\Common\function.php 第 2 行.
NOTIC: [2] include(): Failed opening 'class.phpmailer.php' for inclusion (include_path='.;C:\php\pear') D:\wamp64\www\lxd_think\Application\Home\Common\function.php 第 2 行.
NOTIC: [2] include(class.smtp.php): failed to open stream: No such file or directory D:\wamp64\www\lxd_think\Application\Home\Common\function.php 第 3 行.
NOTIC: [2] include(): Failed opening 'class.smtp.php' for inclusion (include_path='.;C:\php\pear') D:\wamp64\www\lxd_think\Application\Home\Common\function.php 第 3 行.
INFO: [ app_begin ] --START--
INFO: Run Behavior\ReadHtmlCacheBehavior [ RunTime:0.000000s ]
INFO: [ app_begin ] --END-- [ RunTime:0.000000s ]
INFO: [ app_end ] --START--
INFO: Run Behavior\ShowPageTraceBehavior [ RunTime:0.000000s ]
INFO: [ app_end ] --END-- [ RunTime:0.001000s ]

[ 2018-04-12T09:40:25+08:00 ] ::1 /lxd_think/Home/Index/cn_index.html
INFO: [ app_init ] --START--
INFO: Run Behavior\BuildLiteBehavior [ RunTime:0.000000s ]
INFO: [ app_init ] --END-- [ RunTime:0.001000s ]
NOTIC: [8] Use of undefined constant DEFAULT_MODULE - assumed 'DEFAULT_MODULE' D:\wamp64\www\lxd_think\Application\Home\Conf\config.php 第 4 行.
NOTIC: [8] Use of undefined constant Index - assumed 'Index' D:\wamp64\www\lxd_think\Application\Home\Conf\config.php 第 4 行.
NOTIC: [8] Use of undefined constant URL_MODEL - assumed 'URL_MODEL' D:\wamp64\www\lxd_think\Application\Home\Conf\config.php 第 5 行.
NOTIC: [2] include(class.phpmailer.php): failed to open stream: No such file or directory D:\wamp64\www\lxd_think\Application\Home\Common\function.php 第 2 行.
NOTIC: [2] include(): Failed opening 'class.phpmailer.php' for inclusion (include_path='.;C:\php\pear') D:\wamp64\www\lxd_think\Application\Home\Common\function.php 第 2 行.
NOTIC: [2] include(class.smtp.php): failed to open stream: No such file or directory D:\wamp64\www\lxd_think\Application\Home\Common\function.php 第 3 行.
NOTIC: [2] include(): Failed opening 'class.smtp.php' for inclusion (include_path='.;C:\php\pear') D:\wamp64\www\lxd_think\Application\Home\Common\function.php 第 3 行.
INFO: [ app_begin ] --START--
INFO: Run Behavior\ReadHtmlCacheBehavior [ RunTime:0.000000s ]
INFO: [ app_begin ] --END-- [ RunTime:0.000000s ]
INFO: [ view_parse ] --START--
INFO: [ template_filter ] --START--
INFO: Run Behavior\ContentReplaceBehavior [ RunTime:0.000000s ]
INFO: [ template_filter ] --END-- [ RunTime:0.000000s ]
INFO: Run Behavior\ParseTemplateBehavior [ RunTime:0.038000s ]
INFO: [ view_parse ] --END-- [ RunTime:0.038000s ]
INFO: [ view_filter ] --START--
INFO: Run Behavior\WriteHtmlCacheBehavior [ RunTime:0.001000s ]
INFO: [ view_filter ] --END-- [ RunTime:0.001000s ]
INFO: [ app_end ] --START--
INFO: Run Behavior\ShowPageTraceBehavior [ RunTime:0.001000s ]
INFO: [ app_end ] --END-- [ RunTime:0.001000s ]

[ 2018-04-12T09:40:26+08:00 ] ::1 /lxd_think/Home/index/verify.html
INFO: [ app_init ] --START--
INFO: Run Behavior\BuildLiteBehavior [ RunTime:0.000000s ]
INFO: [ app_init ] --END-- [ RunTime:0.000000s ]
NOTIC: [8] Use of undefined constant DEFAULT_MODULE - assumed 'DEFAULT_MODULE' D:\wamp64\www\lxd_think\Application\Home\Conf\config.php 第 4 行.
NOTIC: [8] Use of undefined constant Index - assumed 'Index' D:\wamp64\www\lxd_think\Application\Home\Conf\config.php 第 4 行.
NOTIC: [8] Use of undefined constant URL_MODEL - assumed 'URL_MODEL' D:\wamp64\www\lxd_think\Application\Home\Conf\config.php 第 5 行.
NOTIC: [2] include(class.phpmailer.php): failed to open stream: No such file or directory D:\wamp64\www\lxd_think\Application\Home\Common\function.php 第 2 行.
NOTIC: [2] include(): Failed opening 'class.phpmailer.php' for inclusion (include_path='.;C:\php\pear') D:\wamp64\www\lxd_think\Application\Home\Common\function.php 第 2 行.
NOTIC: [2] include(class.smtp.php): failed to open stream: No such file or directory D:\wamp64\www\lxd_think\Application\Home\Common\function.php 第 3 行.
NOTIC: [2] include(): Failed opening 'class.smtp.php' for inclusion (include_path='.;C:\php\pear') D:\wamp64\www\lxd_think\Application\Home\Common\function.php 第 3 行.
INFO: [ app_begin ] --START--
INFO: Run Behavior\ReadHtmlCacheBehavior [ RunTime:0.000000s ]
INFO: [ app_begin ] --END-- [ RunTime:0.000000s ]
INFO: [ app_end ] --START--
INFO: Run Behavior\ShowPageTraceBehavior [ RunTime:0.001000s ]
INFO: [ app_end ] --END-- [ RunTime:0.001000s ]

[ 2018-04-12T09:40:38+08:00 ] ::1 /lxd_think/Home/Index/cn_index.html
INFO: [ app_init ] --START--
INFO: Run Behavior\BuildLiteBehavior [ RunTime:0.000000s ]
INFO: [ app_init ] --END-- [ RunTime:0.001000s ]
NOTIC: [8] Use of undefined constant DEFAULT_MODULE - assumed 'DEFAULT_MODULE' D:\wamp64\www\lxd_think\Application\Home\Conf\config.php 第 4 行.
NOTIC: [8] Use of undefined constant Index - assumed 'Index' D:\wamp64\www\lxd_think\Application\Home\Conf\config.php 第 4 行.
NOTIC: [8] Use of undefined constant URL_MODEL - assumed 'URL_MODEL' D:\wamp64\www\lxd_think\Application\Home\Conf\config.php 第 5 行.
NOTIC: [2] include(class.phpmailer.php): failed to open stream: No such file or directory D:\wamp64\www\lxd_think\Application\Home\Common\function.php 第 2 行.
NOTIC: [2] include(): Failed opening 'class.phpmailer.php' for inclusion (include_path='.;C:\php\pear') D:\wamp64\www\lxd_think\Application\Home\Common\function.php 第 2 行.
NOTIC: [2] include(class.smtp.php): failed to open stream: No such file or directory D:\wamp64\www\lxd_think\Application\Home\Common\function.php 第 3 行.
NOTIC: [2] include(): Failed opening 'class.smtp.php' for inclusion (include_path='.;C:\php\pear') D:\wamp64\www\lxd_think\Application\Home\Common\function.php 第 3 行.
INFO: [ app_begin ] --START--
INFO: Run Behavior\ReadHtmlCacheBehavior [ RunTime:0.001000s ]
INFO: [ app_begin ] --END-- [ RunTime:0.001000s ]
INFO: [ view_parse ] --START--
INFO: [ template_filter ] --START--
INFO: Run Behavior\ContentReplaceBehavior [ RunTime:0.000000s ]
INFO: [ template_filter ] --END-- [ RunTime:0.000000s ]
INFO: Run Behavior\ParseTemplateBehavior [ RunTime:0.020000s ]
INFO: [ view_parse ] --END-- [ RunTime:0.020000s ]
INFO: [ view_filter ] --START--
INFO: Run Behavior\WriteHtmlCacheBehavior [ RunTime:0.001000s ]
INFO: [ view_filter ] --END-- [ RunTime:0.001000s ]
INFO: [ app_end ] --START--
INFO: Run Behavior\ShowPageTraceBehavior [ RunTime:0.001000s ]
INFO: [ app_end ] --END-- [ RunTime:0.001000s ]

[ 2018-04-12T09:40:39+08:00 ] ::1 /lxd_think/Home/index/verify.html
INFO: [ app_init ] --START--
INFO: Run Behavior\BuildLiteBehavior [ RunTime:0.000000s ]
INFO: [ app_init ] --END-- [ RunTime:0.000000s ]
NOTIC: [8] Use of undefined constant DEFAULT_MODULE - assumed 'DEFAULT_MODULE' D:\wamp64\www\lxd_think\Application\Home\Conf\config.php 第 4 行.
NOTIC: [8] Use of undefined constant Index - assumed 'Index' D:\wamp64\www\lxd_think\Application\Home\Conf\config.php 第 4 行.
NOTIC: [8] Use of undefined constant URL_MODEL - assumed 'URL_MODEL' D:\wamp64\www\lxd_think\Application\Home\Conf\config.php 第 5 行.
NOTIC: [2] include(class.phpmailer.php): failed to open stream: No such file or directory D:\wamp64\www\lxd_think\Application\Home\Common\function.php 第 2 行.
NOTIC: [2] include(): Failed opening 'class.phpmailer.php' for inclusion (include_path='.;C:\php\pear') D:\wamp64\www\lxd_think\Application\Home\Common\function.php 第 2 行.
NOTIC: [2] include(class.smtp.php): failed to open stream: No such file or directory D:\wamp64\www\lxd_think\Application\Home\Common\function.php 第 3 行.
NOTIC: [2] include(): Failed opening 'class.smtp.php' for inclusion (include_path='.;C:\php\pear') D:\wamp64\www\lxd_think\Application\Home\Common\function.php 第 3 行.
INFO: [ app_begin ] --START--
INFO: Run Behavior\ReadHtmlCacheBehavior [ RunTime:0.000000s ]
INFO: [ app_begin ] --END-- [ RunTime:0.000000s ]
INFO: [ app_end ] --START--
INFO: Run Behavior\ShowPageTraceBehavior [ RunTime:0.001000s ]
INFO: [ app_end ] --END-- [ RunTime:0.001000s ]

[ 2018-04-12T09:40:47+08:00 ] ::1 /lxd_think/Home/Index/cn_advantages.html
INFO: [ app_init ] --START--
INFO: Run Behavior\BuildLiteBehavior [ RunTime:0.000000s ]
INFO: [ app_init ] --END-- [ RunTime:0.001000s ]
NOTIC: [8] Use of undefined constant DEFAULT_MODULE - assumed 'DEFAULT_MODULE' D:\wamp64\www\lxd_think\Application\Home\Conf\config.php 第 4 行.
NOTIC: [8] Use of undefined constant Index - assumed 'Index' D:\wamp64\www\lxd_think\Application\Home\Conf\config.php 第 4 行.
NOTIC: [8] Use of undefined constant URL_MODEL - assumed 'URL_MODEL' D:\wamp64\www\lxd_think\Application\Home\Conf\config.php 第 5 行.
NOTIC: [2] include(class.phpmailer.php): failed to open stream: No such file or directory D:\wamp64\www\lxd_think\Application\Home\Common\function.php 第 2 行.
NOTIC: [2] include(): Failed opening 'class.phpmailer.php' for inclusion (include_path='.;C:\php\pear') D:\wamp64\www\lxd_think\Application\Home\Common\function.php 第 2 行.
NOTIC: [2] include(class.smtp.php): failed to open stream: No such file or directory D:\wamp64\www\lxd_think\Application\Home\Common\function.php 第 3 行.
NOTIC: [2] include(): Failed opening 'class.smtp.php' for inclusion (include_path='.;C:\php\pear') D:\wamp64\www\lxd_think\Application\Home\Common\function.php 第 3 行.
INFO: [ app_begin ] --START--
INFO: Run Behavior\ReadHtmlCacheBehavior [ RunTime:0.001000s ]
INFO: [ app_begin ] --END-- [ RunTime:0.001000s ]
INFO: [ view_parse ] --START--
INFO: [ template_filter ] --START--
INFO: Run Behavior\ContentReplaceBehavior [ RunTime:0.000000s ]
INFO: [ template_filter ] --END-- [ RunTime:0.000000s ]
INFO: Run Behavior\ParseTemplateBehavior [ RunTime:0.021000s ]
INFO: [ view_parse ] --END-- [ RunTime:0.021000s ]
INFO: [ view_filter ] --START--
INFO: Run Behavior\WriteHtmlCacheBehavior [ RunTime:0.000000s ]
INFO: [ view_filter ] --END-- [ RunTime:0.001000s ]
INFO: [ app_end ] --START--
INFO: Run Behavior\ShowPageTraceBehavior [ RunTime:0.001000s ]
INFO: [ app_end ] --END-- [ RunTime:0.001000s ]

[ 2018-04-12T09:40:49+08:00 ] ::1 /lxd_think/Home/index/verify.html
INFO: [ app_init ] --START--
INFO: Run Behavior\BuildLiteBehavior [ RunTime:0.001000s ]
INFO: [ app_init ] --END-- [ RunTime:0.001000s ]
NOTIC: [8] Use of undefined constant DEFAULT_MODULE - assumed 'DEFAULT_MODULE' D:\wamp64\www\lxd_think\Application\Home\Conf\config.php 第 4 行.
NOTIC: [8] Use of undefined constant Index - assumed 'Index' D:\wamp64\www\lxd_think\Application\Home\Conf\config.php 第 4 行.
NOTIC: [8] Use of undefined constant URL_MODEL - assumed 'URL_MODEL' D:\wamp64\www\lxd_think\Application\Home\Conf\config.php 第 5 行.
NOTIC: [2] include(class.phpmailer.php): failed to open stream: No such file or directory D:\wamp64\www\lxd_think\Application\Home\Common\function.php 第 2 行.
NOTIC: [2] include(): Failed opening 'class.phpmailer.php' for inclusion (include_path='.;C:\php\pear') D:\wamp64\www\lxd_think\Application\Home\Common\function.php 第 2 行.
NOTIC: [2] include(class.smtp.php): failed to open stream: No such file or directory D:\wamp64\www\lxd_think\Application\Home\Common\function.php 第 3 行.
NOTIC: [2] include(): Failed opening 'class.smtp.php' for inclusion (include_path='.;C:\php\pear') D:\wamp64\www\lxd_think\Application\Home\Common\function.php 第 3 行.
INFO: [ app_begin ] --START--
INFO: Run Behavior\ReadHtmlCacheBehavior [ RunTime:0.000000s ]
INFO: [ app_begin ] --END-- [ RunTime:0.000000s ]
INFO: [ app_end ] --START--
INFO: Run Behavior\ShowPageTraceBehavior [ RunTime:0.001000s ]
INFO: [ app_end ] --END-- [ RunTime:0.001000s ]

