[ 2018-04-07T07:09:37+08:00 ] 54.202.180.39 /
INFO: [ app_init ] --START--
INFO: Run Behavior\BuildLiteBehavior [ RunTime:0.000026s ]
INFO: [ app_init ] --END-- [ RunTime:0.000376s ]
NOTIC: [8] Use of undefined constant DEFAULT_MODULE - assumed 'DEFAULT_MODULE' /var/www/html/lxd/Application/Home/Conf/config.php 第 4 行.
NOTIC: [8] Use of undefined constant Index - assumed 'Index' /var/www/html/lxd/Application/Home/Conf/config.php 第 4 行.
NOTIC: [8] Use of undefined constant URL_MODEL - assumed 'URL_MODEL' /var/www/html/lxd/Application/Home/Conf/config.php 第 5 行.
NOTIC: [2] include(class.phpmailer.php): failed to open stream: No such file or directory /var/www/html/lxd/Application/Home/Common/function.php 第 2 行.
NOTIC: [2] include(): Failed opening 'class.phpmailer.php' for inclusion (include_path='.:/usr/share/pear:/usr/share/php') /var/www/html/lxd/Application/Home/Common/function.php 第 2 行.
NOTIC: [2] include(class.smtp.php): failed to open stream: No such file or directory /var/www/html/lxd/Application/Home/Common/function.php 第 3 行.
NOTIC: [2] include(): Failed opening 'class.smtp.php' for inclusion (include_path='.:/usr/share/pear:/usr/share/php') /var/www/html/lxd/Application/Home/Common/function.php 第 3 行.
INFO: [ app_begin ] --START--
INFO: Run Behavior\ReadHtmlCacheBehavior [ RunTime:0.000383s ]
INFO: [ app_begin ] --END-- [ RunTime:0.000465s ]
INFO: [ view_parse ] --START--
INFO: [ template_filter ] --START--
INFO: Run Behavior\ContentReplaceBehavior [ RunTime:0.000192s ]
INFO: [ template_filter ] --END-- [ RunTime:0.000292s ]
INFO: Run Behavior\ParseTemplateBehavior [ RunTime:0.012627s ]
INFO: [ view_parse ] --END-- [ RunTime:0.012721s ]
INFO: [ view_filter ] --START--
INFO: Run Behavior\WriteHtmlCacheBehavior [ RunTime:0.000159s ]
INFO: [ view_filter ] --END-- [ RunTime:0.000272s ]
INFO: [ app_end ] --START--
INFO: Run Behavior\ShowPageTraceBehavior [ RunTime:0.000525s ]
INFO: [ app_end ] --END-- [ RunTime:0.000637s ]

[ 2018-04-07T10:42:52+08:00 ] 117.50.19.179 /
INFO: [ app_init ] --START--
INFO: Run Behavior\BuildLiteBehavior [ RunTime:0.000054s ]
INFO: [ app_init ] --END-- [ RunTime:0.000860s ]
NOTIC: [8] Use of undefined constant DEFAULT_MODULE - assumed 'DEFAULT_MODULE' /var/www/html/lxd/Application/Home/Conf/config.php 第 4 行.
NOTIC: [8] Use of undefined constant Index - assumed 'Index' /var/www/html/lxd/Application/Home/Conf/config.php 第 4 行.
NOTIC: [8] Use of undefined constant URL_MODEL - assumed 'URL_MODEL' /var/www/html/lxd/Application/Home/Conf/config.php 第 5 行.
NOTIC: [2] include(class.phpmailer.php): failed to open stream: No such file or directory /var/www/html/lxd/Application/Home/Common/function.php 第 2 行.
NOTIC: [2] include(): Failed opening 'class.phpmailer.php' for inclusion (include_path='.:/usr/share/pear:/usr/share/php') /var/www/html/lxd/Application/Home/Common/function.php 第 2 行.
NOTIC: [2] include(class.smtp.php): failed to open stream: No such file or directory /var/www/html/lxd/Application/Home/Common/function.php 第 3 行.
NOTIC: [2] include(): Failed opening 'class.smtp.php' for inclusion (include_path='.:/usr/share/pear:/usr/share/php') /var/www/html/lxd/Application/Home/Common/function.php 第 3 行.
INFO: [ app_begin ] --START--
INFO: Run Behavior\ReadHtmlCacheBehavior [ RunTime:0.000506s ]
INFO: [ app_begin ] --END-- [ RunTime:0.000586s ]
INFO: [ view_parse ] --START--
INFO: [ template_filter ] --START--
INFO: Run Behavior\ContentReplaceBehavior [ RunTime:0.000197s ]
INFO: [ template_filter ] --END-- [ RunTime:0.000300s ]
INFO: Run Behavior\ParseTemplateBehavior [ RunTime:0.013907s ]
INFO: [ view_parse ] --END-- [ RunTime:0.014002s ]
INFO: [ view_filter ] --START--
INFO: Run Behavior\WriteHtmlCacheBehavior [ RunTime:0.000197s ]
INFO: [ view_filter ] --END-- [ RunTime:0.000249s ]
INFO: [ app_end ] --START--
INFO: Run Behavior\ShowPageTraceBehavior [ RunTime:0.000539s ]
INFO: [ app_end ] --END-- [ RunTime:0.000626s ]

[ 2018-04-07T18:44:16+08:00 ] 107.23.39.188 /
INFO: [ app_init ] --START--
INFO: Run Behavior\BuildLiteBehavior [ RunTime:0.000041s ]
INFO: [ app_init ] --END-- [ RunTime:0.000679s ]
NOTIC: [8] Use of undefined constant DEFAULT_MODULE - assumed 'DEFAULT_MODULE' /var/www/html/lxd/Application/Home/Conf/config.php 第 4 行.
NOTIC: [8] Use of undefined constant Index - assumed 'Index' /var/www/html/lxd/Application/Home/Conf/config.php 第 4 行.
NOTIC: [8] Use of undefined constant URL_MODEL - assumed 'URL_MODEL' /var/www/html/lxd/Application/Home/Conf/config.php 第 5 行.
NOTIC: [2] include(class.phpmailer.php): failed to open stream: No such file or directory /var/www/html/lxd/Application/Home/Common/function.php 第 2 行.
NOTIC: [2] include(): Failed opening 'class.phpmailer.php' for inclusion (include_path='.:/usr/share/pear:/usr/share/php') /var/www/html/lxd/Application/Home/Common/function.php 第 2 行.
NOTIC: [2] include(class.smtp.php): failed to open stream: No such file or directory /var/www/html/lxd/Application/Home/Common/function.php 第 3 行.
NOTIC: [2] include(): Failed opening 'class.smtp.php' for inclusion (include_path='.:/usr/share/pear:/usr/share/php') /var/www/html/lxd/Application/Home/Common/function.php 第 3 行.
INFO: [ app_begin ] --START--
INFO: Run Behavior\ReadHtmlCacheBehavior [ RunTime:0.000434s ]
INFO: [ app_begin ] --END-- [ RunTime:0.000500s ]
INFO: [ view_parse ] --START--
INFO: [ template_filter ] --START--
INFO: Run Behavior\ContentReplaceBehavior [ RunTime:0.000153s ]
INFO: [ template_filter ] --END-- [ RunTime:0.000249s ]
INFO: Run Behavior\ParseTemplateBehavior [ RunTime:0.011700s ]
INFO: [ view_parse ] --END-- [ RunTime:0.011786s ]
INFO: [ view_filter ] --START--
INFO: Run Behavior\WriteHtmlCacheBehavior [ RunTime:0.000197s ]
INFO: [ view_filter ] --END-- [ RunTime:0.000333s ]
INFO: [ app_end ] --START--
INFO: Run Behavior\ShowPageTraceBehavior [ RunTime:0.000490s ]
INFO: [ app_end ] --END-- [ RunTime:0.000557s ]

[ 2018-04-07T19:03:59+08:00 ] 219.155.29.215 /
INFO: [ app_init ] --START--
INFO: Run Behavior\BuildLiteBehavior [ RunTime:0.000025s ]
INFO: [ app_init ] --END-- [ RunTime:0.000472s ]
NOTIC: [8] Use of undefined constant DEFAULT_MODULE - assumed 'DEFAULT_MODULE' /var/www/html/lxd/Application/Home/Conf/config.php 第 4 行.
NOTIC: [8] Use of undefined constant Index - assumed 'Index' /var/www/html/lxd/Application/Home/Conf/config.php 第 4 行.
NOTIC: [8] Use of undefined constant URL_MODEL - assumed 'URL_MODEL' /var/www/html/lxd/Application/Home/Conf/config.php 第 5 行.
NOTIC: [2] include(class.phpmailer.php): failed to open stream: No such file or directory /var/www/html/lxd/Application/Home/Common/function.php 第 2 行.
NOTIC: [2] include(): Failed opening 'class.phpmailer.php' for inclusion (include_path='.:/usr/share/pear:/usr/share/php') /var/www/html/lxd/Application/Home/Common/function.php 第 2 行.
NOTIC: [2] include(class.smtp.php): failed to open stream: No such file or directory /var/www/html/lxd/Application/Home/Common/function.php 第 3 行.
NOTIC: [2] include(): Failed opening 'class.smtp.php' for inclusion (include_path='.:/usr/share/pear:/usr/share/php') /var/www/html/lxd/Application/Home/Common/function.php 第 3 行.
INFO: [ app_begin ] --START--
INFO: Run Behavior\ReadHtmlCacheBehavior [ RunTime:0.000568s ]
INFO: [ app_begin ] --END-- [ RunTime:0.000670s ]
INFO: [ view_parse ] --START--
INFO: [ template_filter ] --START--
INFO: Run Behavior\ContentReplaceBehavior [ RunTime:0.000217s ]
INFO: [ template_filter ] --END-- [ RunTime:0.000353s ]
INFO: Run Behavior\ParseTemplateBehavior [ RunTime:0.017937s ]
INFO: [ view_parse ] --END-- [ RunTime:0.018055s ]
INFO: [ view_filter ] --START--
INFO: Run Behavior\WriteHtmlCacheBehavior [ RunTime:0.000198s ]
INFO: [ view_filter ] --END-- [ RunTime:0.000277s ]
INFO: [ app_end ] --START--
INFO: Run Behavior\ShowPageTraceBehavior [ RunTime:0.001693s ]
INFO: [ app_end ] --END-- [ RunTime:0.001819s ]

[ 2018-04-07T22:01:27+08:00 ] 188.166.124.51 /
INFO: [ app_init ] --START--
INFO: Run Behavior\BuildLiteBehavior [ RunTime:0.000041s ]
INFO: [ app_init ] --END-- [ RunTime:0.000526s ]
NOTIC: [8] Use of undefined constant DEFAULT_MODULE - assumed 'DEFAULT_MODULE' /var/www/html/lxd/Application/Home/Conf/config.php 第 4 行.
NOTIC: [8] Use of undefined constant Index - assumed 'Index' /var/www/html/lxd/Application/Home/Conf/config.php 第 4 行.
NOTIC: [8] Use of undefined constant URL_MODEL - assumed 'URL_MODEL' /var/www/html/lxd/Application/Home/Conf/config.php 第 5 行.
NOTIC: [2] include(class.phpmailer.php): failed to open stream: No such file or directory /var/www/html/lxd/Application/Home/Common/function.php 第 2 行.
NOTIC: [2] include(): Failed opening 'class.phpmailer.php' for inclusion (include_path='.:/usr/share/pear:/usr/share/php') /var/www/html/lxd/Application/Home/Common/function.php 第 2 行.
NOTIC: [2] include(class.smtp.php): failed to open stream: No such file or directory /var/www/html/lxd/Application/Home/Common/function.php 第 3 行.
NOTIC: [2] include(): Failed opening 'class.smtp.php' for inclusion (include_path='.:/usr/share/pear:/usr/share/php') /var/www/html/lxd/Application/Home/Common/function.php 第 3 行.
INFO: [ app_begin ] --START--
INFO: Run Behavior\ReadHtmlCacheBehavior [ RunTime:0.000490s ]
INFO: [ app_begin ] --END-- [ RunTime:0.000576s ]
INFO: [ view_parse ] --START--
INFO: [ template_filter ] --START--
INFO: Run Behavior\ContentReplaceBehavior [ RunTime:0.000162s ]
INFO: [ template_filter ] --END-- [ RunTime:0.000262s ]
INFO: Run Behavior\ParseTemplateBehavior [ RunTime:0.011803s ]
INFO: [ view_parse ] --END-- [ RunTime:0.011875s ]
INFO: [ view_filter ] --START--
INFO: Run Behavior\WriteHtmlCacheBehavior [ RunTime:0.000188s ]
INFO: [ view_filter ] --END-- [ RunTime:0.000250s ]

