[ 2018-04-06T04:19:57+08:00 ] 180.76.15.159 /
INFO: [ app_init ] --START--
INFO: Run Behavior\BuildLiteBehavior [ RunTime:0.000026s ]
INFO: [ app_init ] --END-- [ RunTime:0.000378s ]
NOTIC: [8] Use of undefined constant DEFAULT_MODULE - assumed 'DEFAULT_MODULE' /var/www/html/lxd/Application/Home/Conf/config.php 第 4 行.
NOTIC: [8] Use of undefined constant Index - assumed 'Index' /var/www/html/lxd/Application/Home/Conf/config.php 第 4 行.
NOTIC: [8] Use of undefined constant URL_MODEL - assumed 'URL_MODEL' /var/www/html/lxd/Application/Home/Conf/config.php 第 5 行.
NOTIC: [2] include(class.phpmailer.php): failed to open stream: No such file or directory /var/www/html/lxd/Application/Home/Common/function.php 第 2 行.
NOTIC: [2] include(): Failed opening 'class.phpmailer.php' for inclusion (include_path='.:/usr/share/pear:/usr/share/php') /var/www/html/lxd/Application/Home/Common/function.php 第 2 行.
NOTIC: [2] include(class.smtp.php): failed to open stream: No such file or directory /var/www/html/lxd/Application/Home/Common/function.php 第 3 行.
NOTIC: [2] include(): Failed opening 'class.smtp.php' for inclusion (include_path='.:/usr/share/pear:/usr/share/php') /var/www/html/lxd/Application/Home/Common/function.php 第 3 行.
INFO: [ app_begin ] --START--
INFO: Run Behavior\ReadHtmlCacheBehavior [ RunTime:0.000461s ]
INFO: [ app_begin ] --END-- [ RunTime:0.000525s ]
INFO: [ view_parse ] --START--
INFO: [ template_filter ] --START--
INFO: Run Behavior\ContentReplaceBehavior [ RunTime:0.000160s ]
INFO: [ template_filter ] --END-- [ RunTime:0.000246s ]
INFO: Run Behavior\ParseTemplateBehavior [ RunTime:0.010953s ]
INFO: [ view_parse ] --END-- [ RunTime:0.011019s ]
INFO: [ view_filter ] --START--
INFO: Run Behavior\WriteHtmlCacheBehavior [ RunTime:0.000151s ]
INFO: [ view_filter ] --END-- [ RunTime:0.000204s ]
INFO: [ app_end ] --START--
INFO: Run Behavior\ShowPageTraceBehavior [ RunTime:0.000537s ]
INFO: [ app_end ] --END-- [ RunTime:0.000626s ]

[ 2018-04-06T04:24:38+08:00 ] 179.232.253.105 /
INFO: [ app_init ] --START--
INFO: Run Behavior\BuildLiteBehavior [ RunTime:0.000017s ]
INFO: [ app_init ] --END-- [ RunTime:0.000303s ]
NOTIC: [8] Use of undefined constant DEFAULT_MODULE - assumed 'DEFAULT_MODULE' /var/www/html/lxd/Application/Home/Conf/config.php 第 4 行.
NOTIC: [8] Use of undefined constant Index - assumed 'Index' /var/www/html/lxd/Application/Home/Conf/config.php 第 4 行.
NOTIC: [8] Use of undefined constant URL_MODEL - assumed 'URL_MODEL' /var/www/html/lxd/Application/Home/Conf/config.php 第 5 行.
NOTIC: [2] include(class.phpmailer.php): failed to open stream: No such file or directory /var/www/html/lxd/Application/Home/Common/function.php 第 2 行.
NOTIC: [2] include(): Failed opening 'class.phpmailer.php' for inclusion (include_path='.:/usr/share/pear:/usr/share/php') /var/www/html/lxd/Application/Home/Common/function.php 第 2 行.
NOTIC: [2] include(class.smtp.php): failed to open stream: No such file or directory /var/www/html/lxd/Application/Home/Common/function.php 第 3 行.
NOTIC: [2] include(): Failed opening 'class.smtp.php' for inclusion (include_path='.:/usr/share/pear:/usr/share/php') /var/www/html/lxd/Application/Home/Common/function.php 第 3 行.
INFO: [ app_begin ] --START--
INFO: Run Behavior\ReadHtmlCacheBehavior [ RunTime:0.000414s ]
INFO: [ app_begin ] --END-- [ RunTime:0.000490s ]
INFO: [ view_parse ] --START--
INFO: [ template_filter ] --START--
INFO: Run Behavior\ContentReplaceBehavior [ RunTime:0.000142s ]
INFO: [ template_filter ] --END-- [ RunTime:0.000236s ]
INFO: Run Behavior\ParseTemplateBehavior [ RunTime:0.010545s ]
INFO: [ view_parse ] --END-- [ RunTime:0.010609s ]
INFO: [ view_filter ] --START--
INFO: Run Behavior\WriteHtmlCacheBehavior [ RunTime:0.000142s ]
INFO: [ view_filter ] --END-- [ RunTime:0.000255s ]
INFO: [ app_end ] --START--
INFO: Run Behavior\ShowPageTraceBehavior [ RunTime:0.000398s ]
INFO: [ app_end ] --END-- [ RunTime:0.000456s ]

[ 2018-04-06T08:12:30+08:00 ] 54.67.59.131 /
INFO: [ app_init ] --START--
INFO: Run Behavior\BuildLiteBehavior [ RunTime:0.000027s ]
INFO: [ app_init ] --END-- [ RunTime:0.000409s ]
NOTIC: [8] Use of undefined constant DEFAULT_MODULE - assumed 'DEFAULT_MODULE' /var/www/html/lxd/Application/Home/Conf/config.php 第 4 行.
NOTIC: [8] Use of undefined constant Index - assumed 'Index' /var/www/html/lxd/Application/Home/Conf/config.php 第 4 行.
NOTIC: [8] Use of undefined constant URL_MODEL - assumed 'URL_MODEL' /var/www/html/lxd/Application/Home/Conf/config.php 第 5 行.
NOTIC: [2] include(class.phpmailer.php): failed to open stream: No such file or directory /var/www/html/lxd/Application/Home/Common/function.php 第 2 行.
NOTIC: [2] include(): Failed opening 'class.phpmailer.php' for inclusion (include_path='.:/usr/share/pear:/usr/share/php') /var/www/html/lxd/Application/Home/Common/function.php 第 2 行.
NOTIC: [2] include(class.smtp.php): failed to open stream: No such file or directory /var/www/html/lxd/Application/Home/Common/function.php 第 3 行.
NOTIC: [2] include(): Failed opening 'class.smtp.php' for inclusion (include_path='.:/usr/share/pear:/usr/share/php') /var/www/html/lxd/Application/Home/Common/function.php 第 3 行.
INFO: [ app_begin ] --START--
INFO: Run Behavior\ReadHtmlCacheBehavior [ RunTime:0.000430s ]
INFO: [ app_begin ] --END-- [ RunTime:0.000509s ]
INFO: [ view_parse ] --START--
INFO: [ template_filter ] --START--
INFO: Run Behavior\ContentReplaceBehavior [ RunTime:0.000170s ]
INFO: [ template_filter ] --END-- [ RunTime:0.000277s ]
INFO: Run Behavior\ParseTemplateBehavior [ RunTime:0.011708s ]
INFO: [ view_parse ] --END-- [ RunTime:0.011772s ]
INFO: [ view_filter ] --START--
INFO: Run Behavior\WriteHtmlCacheBehavior [ RunTime:0.000159s ]
INFO: [ view_filter ] --END-- [ RunTime:0.000208s ]
INFO: [ app_end ] --START--
INFO: Run Behavior\ShowPageTraceBehavior [ RunTime:0.000442s ]
INFO: [ app_end ] --END-- [ RunTime:0.000517s ]

[ 2018-04-06T08:15:53+08:00 ] 172.104.108.109 /
INFO: [ app_init ] --START--
INFO: Run Behavior\BuildLiteBehavior [ RunTime:0.000017s ]
INFO: [ app_init ] --END-- [ RunTime:0.000323s ]
NOTIC: [8] Use of undefined constant DEFAULT_MODULE - assumed 'DEFAULT_MODULE' /var/www/html/lxd/Application/Home/Conf/config.php 第 4 行.
NOTIC: [8] Use of undefined constant Index - assumed 'Index' /var/www/html/lxd/Application/Home/Conf/config.php 第 4 行.
NOTIC: [8] Use of undefined constant URL_MODEL - assumed 'URL_MODEL' /var/www/html/lxd/Application/Home/Conf/config.php 第 5 行.
NOTIC: [2] include(class.phpmailer.php): failed to open stream: No such file or directory /var/www/html/lxd/Application/Home/Common/function.php 第 2 行.
NOTIC: [2] include(): Failed opening 'class.phpmailer.php' for inclusion (include_path='.:/usr/share/pear:/usr/share/php') /var/www/html/lxd/Application/Home/Common/function.php 第 2 行.
NOTIC: [2] include(class.smtp.php): failed to open stream: No such file or directory /var/www/html/lxd/Application/Home/Common/function.php 第 3 行.
NOTIC: [2] include(): Failed opening 'class.smtp.php' for inclusion (include_path='.:/usr/share/pear:/usr/share/php') /var/www/html/lxd/Application/Home/Common/function.php 第 3 行.
INFO: [ app_begin ] --START--
INFO: Run Behavior\ReadHtmlCacheBehavior [ RunTime:0.000485s ]
INFO: [ app_begin ] --END-- [ RunTime:0.000560s ]
INFO: [ view_parse ] --START--
INFO: [ template_filter ] --START--
INFO: Run Behavior\ContentReplaceBehavior [ RunTime:0.000143s ]
INFO: [ template_filter ] --END-- [ RunTime:0.000248s ]
INFO: Run Behavior\ParseTemplateBehavior [ RunTime:0.010532s ]
INFO: [ view_parse ] --END-- [ RunTime:0.010598s ]
INFO: [ view_filter ] --START--
INFO: Run Behavior\WriteHtmlCacheBehavior [ RunTime:0.000279s ]
INFO: [ view_filter ] --END-- [ RunTime:0.000331s ]
INFO: [ app_end ] --START--
INFO: Run Behavior\ShowPageTraceBehavior [ RunTime:0.000401s ]
INFO: [ app_end ] --END-- [ RunTime:0.000464s ]

[ 2018-04-06T13:13:39+08:00 ] 112.23.112.234 /Home/index/verify.html
INFO: [ app_init ] --START--
INFO: Run Behavior\BuildLiteBehavior [ RunTime:0.000040s ]
INFO: [ app_init ] --END-- [ RunTime:0.000506s ]
NOTIC: [8] Use of undefined constant DEFAULT_MODULE - assumed 'DEFAULT_MODULE' /var/www/html/lxd/Application/Home/Conf/config.php 第 4 行.
NOTIC: [8] Use of undefined constant Index - assumed 'Index' /var/www/html/lxd/Application/Home/Conf/config.php 第 4 行.
NOTIC: [8] Use of undefined constant URL_MODEL - assumed 'URL_MODEL' /var/www/html/lxd/Application/Home/Conf/config.php 第 5 行.
NOTIC: [2] include(class.phpmailer.php): failed to open stream: No such file or directory /var/www/html/lxd/Application/Home/Common/function.php 第 2 行.
NOTIC: [2] include(): Failed opening 'class.phpmailer.php' for inclusion (include_path='.:/usr/share/pear:/usr/share/php') /var/www/html/lxd/Application/Home/Common/function.php 第 2 行.
NOTIC: [2] include(class.smtp.php): failed to open stream: No such file or directory /var/www/html/lxd/Application/Home/Common/function.php 第 3 行.
NOTIC: [2] include(): Failed opening 'class.smtp.php' for inclusion (include_path='.:/usr/share/pear:/usr/share/php') /var/www/html/lxd/Application/Home/Common/function.php 第 3 行.
INFO: [ app_begin ] --START--
INFO: Run Behavior\ReadHtmlCacheBehavior [ RunTime:0.000517s ]
INFO: [ app_begin ] --END-- [ RunTime:0.000602s ]
INFO: [ app_end ] --START--
INFO: Run Behavior\ShowPageTraceBehavior [ RunTime:0.000628s ]
INFO: [ app_end ] --END-- [ RunTime:0.000736s ]

[ 2018-04-06T13:39:38+08:00 ] 58.27.48.16 /
INFO: [ app_init ] --START--
INFO: Run Behavior\BuildLiteBehavior [ RunTime:0.000019s ]
INFO: [ app_init ] --END-- [ RunTime:0.000400s ]
NOTIC: [8] Use of undefined constant DEFAULT_MODULE - assumed 'DEFAULT_MODULE' /var/www/html/lxd/Application/Home/Conf/config.php 第 4 行.
NOTIC: [8] Use of undefined constant Index - assumed 'Index' /var/www/html/lxd/Application/Home/Conf/config.php 第 4 行.
NOTIC: [8] Use of undefined constant URL_MODEL - assumed 'URL_MODEL' /var/www/html/lxd/Application/Home/Conf/config.php 第 5 行.
NOTIC: [2] include(class.phpmailer.php): failed to open stream: No such file or directory /var/www/html/lxd/Application/Home/Common/function.php 第 2 行.
NOTIC: [2] include(): Failed opening 'class.phpmailer.php' for inclusion (include_path='.:/usr/share/pear:/usr/share/php') /var/www/html/lxd/Application/Home/Common/function.php 第 2 行.
NOTIC: [2] include(class.smtp.php): failed to open stream: No such file or directory /var/www/html/lxd/Application/Home/Common/function.php 第 3 行.
NOTIC: [2] include(): Failed opening 'class.smtp.php' for inclusion (include_path='.:/usr/share/pear:/usr/share/php') /var/www/html/lxd/Application/Home/Common/function.php 第 3 行.
INFO: [ app_begin ] --START--
INFO: Run Behavior\ReadHtmlCacheBehavior [ RunTime:0.000524s ]
INFO: [ app_begin ] --END-- [ RunTime:0.000636s ]
INFO: [ view_parse ] --START--
INFO: [ template_filter ] --START--
INFO: Run Behavior\ContentReplaceBehavior [ RunTime:0.000156s ]
INFO: [ template_filter ] --END-- [ RunTime:0.000255s ]
INFO: Run Behavior\ParseTemplateBehavior [ RunTime:0.011240s ]
INFO: [ view_parse ] --END-- [ RunTime:0.011320s ]
INFO: [ view_filter ] --START--
INFO: Run Behavior\WriteHtmlCacheBehavior [ RunTime:0.000219s ]
INFO: [ view_filter ] --END-- [ RunTime:0.000276s ]
INFO: [ app_end ] --START--
INFO: Run Behavior\ShowPageTraceBehavior [ RunTime:0.000418s ]
INFO: [ app_end ] --END-- [ RunTime:0.000505s ]

[ 2018-04-06T16:39:08+08:00 ] 180.106.209.171 /
INFO: [ app_init ] --START--
INFO: Run Behavior\BuildLiteBehavior [ RunTime:0.000021s ]
INFO: [ app_init ] --END-- [ RunTime:0.000350s ]
NOTIC: [8] Use of undefined constant DEFAULT_MODULE - assumed 'DEFAULT_MODULE' /var/www/html/lxd/Application/Home/Conf/config.php 第 4 行.
NOTIC: [8] Use of undefined constant Index - assumed 'Index' /var/www/html/lxd/Application/Home/Conf/config.php 第 4 行.
NOTIC: [8] Use of undefined constant URL_MODEL - assumed 'URL_MODEL' /var/www/html/lxd/Application/Home/Conf/config.php 第 5 行.
NOTIC: [2] include(class.phpmailer.php): failed to open stream: No such file or directory /var/www/html/lxd/Application/Home/Common/function.php 第 2 行.
NOTIC: [2] include(): Failed opening 'class.phpmailer.php' for inclusion (include_path='.:/usr/share/pear:/usr/share/php') /var/www/html/lxd/Application/Home/Common/function.php 第 2 行.
NOTIC: [2] include(class.smtp.php): failed to open stream: No such file or directory /var/www/html/lxd/Application/Home/Common/function.php 第 3 行.
NOTIC: [2] include(): Failed opening 'class.smtp.php' for inclusion (include_path='.:/usr/share/pear:/usr/share/php') /var/www/html/lxd/Application/Home/Common/function.php 第 3 行.
INFO: [ app_begin ] --START--
INFO: Run Behavior\ReadHtmlCacheBehavior [ RunTime:0.000441s ]
INFO: [ app_begin ] --END-- [ RunTime:0.000509s ]
INFO: [ view_parse ] --START--
INFO: [ template_filter ] --START--
INFO: Run Behavior\ContentReplaceBehavior [ RunTime:0.000234s ]
INFO: [ template_filter ] --END-- [ RunTime:0.000394s ]
INFO: Run Behavior\ParseTemplateBehavior [ RunTime:0.012538s ]
INFO: [ view_parse ] --END-- [ RunTime:0.012622s ]
INFO: [ view_filter ] --START--
INFO: Run Behavior\WriteHtmlCacheBehavior [ RunTime:0.000295s ]
INFO: [ view_filter ] --END-- [ RunTime:0.000376s ]
INFO: [ app_end ] --START--
INFO: Run Behavior\ShowPageTraceBehavior [ RunTime:0.000850s ]
INFO: [ app_end ] --END-- [ RunTime:0.000990s ]

[ 2018-04-06T16:39:09+08:00 ] 180.106.209.171 /?_t_t_t=0.4391085246815227
INFO: [ app_init ] --START--
INFO: Run Behavior\BuildLiteBehavior [ RunTime:0.000047s ]
INFO: [ app_init ] --END-- [ RunTime:0.000360s ]
NOTIC: [8] Use of undefined constant DEFAULT_MODULE - assumed 'DEFAULT_MODULE' /var/www/html/lxd/Application/Home/Conf/config.php 第 4 行.
NOTIC: [8] Use of undefined constant Index - assumed 'Index' /var/www/html/lxd/Application/Home/Conf/config.php 第 4 行.
NOTIC: [8] Use of undefined constant URL_MODEL - assumed 'URL_MODEL' /var/www/html/lxd/Application/Home/Conf/config.php 第 5 行.
NOTIC: [2] include(class.phpmailer.php): failed to open stream: No such file or directory /var/www/html/lxd/Application/Home/Common/function.php 第 2 行.
NOTIC: [2] include(): Failed opening 'class.phpmailer.php' for inclusion (include_path='.:/usr/share/pear:/usr/share/php') /var/www/html/lxd/Application/Home/Common/function.php 第 2 行.
NOTIC: [2] include(class.smtp.php): failed to open stream: No such file or directory /var/www/html/lxd/Application/Home/Common/function.php 第 3 行.
NOTIC: [2] include(): Failed opening 'class.smtp.php' for inclusion (include_path='.:/usr/share/pear:/usr/share/php') /var/www/html/lxd/Application/Home/Common/function.php 第 3 行.
INFO: [ app_begin ] --START--
INFO: Run Behavior\ReadHtmlCacheBehavior [ RunTime:0.000368s ]
INFO: [ app_begin ] --END-- [ RunTime:0.000446s ]
INFO: [ view_parse ] --START--
INFO: [ template_filter ] --START--
INFO: Run Behavior\ContentReplaceBehavior [ RunTime:0.000183s ]
INFO: [ template_filter ] --END-- [ RunTime:0.000302s ]
INFO: Run Behavior\ParseTemplateBehavior [ RunTime:0.011123s ]
INFO: [ view_parse ] --END-- [ RunTime:0.011185s ]
INFO: [ view_filter ] --START--
INFO: Run Behavior\WriteHtmlCacheBehavior [ RunTime:0.000205s ]
INFO: [ view_filter ] --END-- [ RunTime:0.000270s ]
INFO: [ app_end ] --START--
INFO: Run Behavior\ShowPageTraceBehavior [ RunTime:0.000393s ]
INFO: [ app_end ] --END-- [ RunTime:0.000469s ]

[ 2018-04-06T16:39:12+08:00 ] 180.106.209.171 /Home/index/verify.html
INFO: [ app_init ] --START--
INFO: Run Behavior\BuildLiteBehavior [ RunTime:0.000019s ]
INFO: [ app_init ] --END-- [ RunTime:0.000392s ]
NOTIC: [8] Use of undefined constant DEFAULT_MODULE - assumed 'DEFAULT_MODULE' /var/www/html/lxd/Application/Home/Conf/config.php 第 4 行.
NOTIC: [8] Use of undefined constant Index - assumed 'Index' /var/www/html/lxd/Application/Home/Conf/config.php 第 4 行.
NOTIC: [8] Use of undefined constant URL_MODEL - assumed 'URL_MODEL' /var/www/html/lxd/Application/Home/Conf/config.php 第 5 行.
NOTIC: [2] include(class.phpmailer.php): failed to open stream: No such file or directory /var/www/html/lxd/Application/Home/Common/function.php 第 2 行.
NOTIC: [2] include(): Failed opening 'class.phpmailer.php' for inclusion (include_path='.:/usr/share/pear:/usr/share/php') /var/www/html/lxd/Application/Home/Common/function.php 第 2 行.
NOTIC: [2] include(class.smtp.php): failed to open stream: No such file or directory /var/www/html/lxd/Application/Home/Common/function.php 第 3 行.
NOTIC: [2] include(): Failed opening 'class.smtp.php' for inclusion (include_path='.:/usr/share/pear:/usr/share/php') /var/www/html/lxd/Application/Home/Common/function.php 第 3 行.
INFO: [ app_begin ] --START--
INFO: Run Behavior\ReadHtmlCacheBehavior [ RunTime:0.000447s ]
INFO: [ app_begin ] --END-- [ RunTime:0.000530s ]
INFO: [ app_end ] --START--
INFO: Run Behavior\ShowPageTraceBehavior [ RunTime:0.000524s ]
INFO: [ app_end ] --END-- [ RunTime:0.000699s ]

[ 2018-04-06T16:39:49+08:00 ] 180.106.209.171 /Home/Index/advantages.html
INFO: [ app_init ] --START--
INFO: Run Behavior\BuildLiteBehavior [ RunTime:0.000019s ]
INFO: [ app_init ] --END-- [ RunTime:0.000406s ]
NOTIC: [8] Use of undefined constant DEFAULT_MODULE - assumed 'DEFAULT_MODULE' /var/www/html/lxd/Application/Home/Conf/config.php 第 4 行.
NOTIC: [8] Use of undefined constant Index - assumed 'Index' /var/www/html/lxd/Application/Home/Conf/config.php 第 4 行.
NOTIC: [8] Use of undefined constant URL_MODEL - assumed 'URL_MODEL' /var/www/html/lxd/Application/Home/Conf/config.php 第 5 行.
NOTIC: [2] include(class.phpmailer.php): failed to open stream: No such file or directory /var/www/html/lxd/Application/Home/Common/function.php 第 2 行.
NOTIC: [2] include(): Failed opening 'class.phpmailer.php' for inclusion (include_path='.:/usr/share/pear:/usr/share/php') /var/www/html/lxd/Application/Home/Common/function.php 第 2 行.
NOTIC: [2] include(class.smtp.php): failed to open stream: No such file or directory /var/www/html/lxd/Application/Home/Common/function.php 第 3 行.
NOTIC: [2] include(): Failed opening 'class.smtp.php' for inclusion (include_path='.:/usr/share/pear:/usr/share/php') /var/www/html/lxd/Application/Home/Common/function.php 第 3 行.
INFO: [ app_begin ] --START--
INFO: Run Behavior\ReadHtmlCacheBehavior [ RunTime:0.000446s ]
INFO: [ app_begin ] --END-- [ RunTime:0.000549s ]
INFO: [ view_parse ] --START--
INFO: [ template_filter ] --START--
INFO: Run Behavior\ContentReplaceBehavior [ RunTime:0.000196s ]
INFO: [ template_filter ] --END-- [ RunTime:0.000312s ]
INFO: Run Behavior\ParseTemplateBehavior [ RunTime:0.010214s ]
INFO: [ view_parse ] --END-- [ RunTime:0.010305s ]
INFO: [ view_filter ] --START--
INFO: Run Behavior\WriteHtmlCacheBehavior [ RunTime:0.000167s ]
INFO: [ view_filter ] --END-- [ RunTime:0.000281s ]
INFO: [ app_end ] --START--
INFO: Run Behavior\ShowPageTraceBehavior [ RunTime:0.000435s ]
INFO: [ app_end ] --END-- [ RunTime:0.000493s ]

[ 2018-04-06T16:40:01+08:00 ] 180.106.209.171 /Home/index/verify.html
INFO: [ app_init ] --START--
INFO: Run Behavior\BuildLiteBehavior [ RunTime:0.000029s ]
INFO: [ app_init ] --END-- [ RunTime:0.000524s ]
NOTIC: [8] Use of undefined constant DEFAULT_MODULE - assumed 'DEFAULT_MODULE' /var/www/html/lxd/Application/Home/Conf/config.php 第 4 行.
NOTIC: [8] Use of undefined constant Index - assumed 'Index' /var/www/html/lxd/Application/Home/Conf/config.php 第 4 行.
NOTIC: [8] Use of undefined constant URL_MODEL - assumed 'URL_MODEL' /var/www/html/lxd/Application/Home/Conf/config.php 第 5 行.
NOTIC: [2] include(class.phpmailer.php): failed to open stream: No such file or directory /var/www/html/lxd/Application/Home/Common/function.php 第 2 行.
NOTIC: [2] include(): Failed opening 'class.phpmailer.php' for inclusion (include_path='.:/usr/share/pear:/usr/share/php') /var/www/html/lxd/Application/Home/Common/function.php 第 2 行.
NOTIC: [2] include(class.smtp.php): failed to open stream: No such file or directory /var/www/html/lxd/Application/Home/Common/function.php 第 3 行.
NOTIC: [2] include(): Failed opening 'class.smtp.php' for inclusion (include_path='.:/usr/share/pear:/usr/share/php') /var/www/html/lxd/Application/Home/Common/function.php 第 3 行.
INFO: [ app_begin ] --START--
INFO: Run Behavior\ReadHtmlCacheBehavior [ RunTime:0.000659s ]
INFO: [ app_begin ] --END-- [ RunTime:0.000768s ]
INFO: [ app_end ] --START--
INFO: Run Behavior\ShowPageTraceBehavior [ RunTime:0.000754s ]
INFO: [ app_end ] --END-- [ RunTime:0.000902s ]

[ 2018-04-06T16:40:03+08:00 ] 180.106.209.171 /Home/Index/advantages.html
INFO: [ app_init ] --START--
INFO: Run Behavior\BuildLiteBehavior [ RunTime:0.000027s ]
INFO: [ app_init ] --END-- [ RunTime:0.000380s ]
NOTIC: [8] Use of undefined constant DEFAULT_MODULE - assumed 'DEFAULT_MODULE' /var/www/html/lxd/Application/Home/Conf/config.php 第 4 行.
NOTIC: [8] Use of undefined constant Index - assumed 'Index' /var/www/html/lxd/Application/Home/Conf/config.php 第 4 行.
NOTIC: [8] Use of undefined constant URL_MODEL - assumed 'URL_MODEL' /var/www/html/lxd/Application/Home/Conf/config.php 第 5 行.
NOTIC: [2] include(class.phpmailer.php): failed to open stream: No such file or directory /var/www/html/lxd/Application/Home/Common/function.php 第 2 行.
NOTIC: [2] include(): Failed opening 'class.phpmailer.php' for inclusion (include_path='.:/usr/share/pear:/usr/share/php') /var/www/html/lxd/Application/Home/Common/function.php 第 2 行.
NOTIC: [2] include(class.smtp.php): failed to open stream: No such file or directory /var/www/html/lxd/Application/Home/Common/function.php 第 3 行.
NOTIC: [2] include(): Failed opening 'class.smtp.php' for inclusion (include_path='.:/usr/share/pear:/usr/share/php') /var/www/html/lxd/Application/Home/Common/function.php 第 3 行.
INFO: [ app_begin ] --START--
INFO: Run Behavior\ReadHtmlCacheBehavior [ RunTime:0.000641s ]
INFO: [ app_begin ] --END-- [ RunTime:0.000780s ]
INFO: [ view_parse ] --START--
INFO: [ template_filter ] --START--
INFO: Run Behavior\ContentReplaceBehavior [ RunTime:0.000287s ]
INFO: [ template_filter ] --END-- [ RunTime:0.000467s ]
INFO: Run Behavior\ParseTemplateBehavior [ RunTime:0.016117s ]
INFO: [ view_parse ] --END-- [ RunTime:0.016230s ]
INFO: [ view_filter ] --START--
INFO: Run Behavior\WriteHtmlCacheBehavior [ RunTime:0.000333s ]
INFO: [ view_filter ] --END-- [ RunTime:0.000422s ]
INFO: [ app_end ] --START--
INFO: Run Behavior\ShowPageTraceBehavior [ RunTime:0.000662s ]
INFO: [ app_end ] --END-- [ RunTime:0.000756s ]

[ 2018-04-06T16:41:18+08:00 ] 180.106.209.171 /Home/Index/products.html?Single-layer
INFO: [ app_init ] --START--
INFO: Run Behavior\BuildLiteBehavior [ RunTime:0.000018s ]
INFO: [ app_init ] --END-- [ RunTime:0.000372s ]
NOTIC: [8] Use of undefined constant DEFAULT_MODULE - assumed 'DEFAULT_MODULE' /var/www/html/lxd/Application/Home/Conf/config.php 第 4 行.
NOTIC: [8] Use of undefined constant Index - assumed 'Index' /var/www/html/lxd/Application/Home/Conf/config.php 第 4 行.
NOTIC: [8] Use of undefined constant URL_MODEL - assumed 'URL_MODEL' /var/www/html/lxd/Application/Home/Conf/config.php 第 5 行.
NOTIC: [2] include(class.phpmailer.php): failed to open stream: No such file or directory /var/www/html/lxd/Application/Home/Common/function.php 第 2 行.
NOTIC: [2] include(): Failed opening 'class.phpmailer.php' for inclusion (include_path='.:/usr/share/pear:/usr/share/php') /var/www/html/lxd/Application/Home/Common/function.php 第 2 行.
NOTIC: [2] include(class.smtp.php): failed to open stream: No such file or directory /var/www/html/lxd/Application/Home/Common/function.php 第 3 行.
NOTIC: [2] include(): Failed opening 'class.smtp.php' for inclusion (include_path='.:/usr/share/pear:/usr/share/php') /var/www/html/lxd/Application/Home/Common/function.php 第 3 行.
INFO: [ app_begin ] --START--
INFO: Run Behavior\ReadHtmlCacheBehavior [ RunTime:0.000406s ]
INFO: [ app_begin ] --END-- [ RunTime:0.000471s ]
INFO: [ view_parse ] --START--
INFO: [ template_filter ] --START--
INFO: Run Behavior\ContentReplaceBehavior [ RunTime:0.000336s ]
INFO: [ template_filter ] --END-- [ RunTime:0.000450s ]
INFO: Run Behavior\ParseTemplateBehavior [ RunTime:0.011778s ]
INFO: [ view_parse ] --END-- [ RunTime:0.011844s ]
INFO: [ view_filter ] --START--
INFO: Run Behavior\WriteHtmlCacheBehavior [ RunTime:0.000229s ]
INFO: [ view_filter ] --END-- [ RunTime:0.000280s ]
INFO: [ app_end ] --START--
INFO: Run Behavior\ShowPageTraceBehavior [ RunTime:0.000434s ]
INFO: [ app_end ] --END-- [ RunTime:0.000503s ]

[ 2018-04-06T16:41:23+08:00 ] 180.106.209.171 /Home/Index/products.html?Single-layer
INFO: [ app_init ] --START--
INFO: Run Behavior\BuildLiteBehavior [ RunTime:0.000028s ]
INFO: [ app_init ] --END-- [ RunTime:0.000487s ]
NOTIC: [8] Use of undefined constant DEFAULT_MODULE - assumed 'DEFAULT_MODULE' /var/www/html/lxd/Application/Home/Conf/config.php 第 4 行.
NOTIC: [8] Use of undefined constant Index - assumed 'Index' /var/www/html/lxd/Application/Home/Conf/config.php 第 4 行.
NOTIC: [8] Use of undefined constant URL_MODEL - assumed 'URL_MODEL' /var/www/html/lxd/Application/Home/Conf/config.php 第 5 行.
NOTIC: [2] include(class.phpmailer.php): failed to open stream: No such file or directory /var/www/html/lxd/Application/Home/Common/function.php 第 2 行.
NOTIC: [2] include(): Failed opening 'class.phpmailer.php' for inclusion (include_path='.:/usr/share/pear:/usr/share/php') /var/www/html/lxd/Application/Home/Common/function.php 第 2 行.
NOTIC: [2] include(class.smtp.php): failed to open stream: No such file or directory /var/www/html/lxd/Application/Home/Common/function.php 第 3 行.
NOTIC: [2] include(): Failed opening 'class.smtp.php' for inclusion (include_path='.:/usr/share/pear:/usr/share/php') /var/www/html/lxd/Application/Home/Common/function.php 第 3 行.
INFO: [ app_begin ] --START--
INFO: Run Behavior\ReadHtmlCacheBehavior [ RunTime:0.000466s ]
INFO: [ app_begin ] --END-- [ RunTime:0.000604s ]
INFO: [ view_parse ] --START--
INFO: [ template_filter ] --START--
INFO: Run Behavior\ContentReplaceBehavior [ RunTime:0.000456s ]
INFO: [ template_filter ] --END-- [ RunTime:0.000578s ]
INFO: Run Behavior\ParseTemplateBehavior [ RunTime:0.013002s ]
INFO: [ view_parse ] --END-- [ RunTime:0.013213s ]
INFO: [ view_filter ] --START--
INFO: Run Behavior\WriteHtmlCacheBehavior [ RunTime:0.000158s ]
INFO: [ view_filter ] --END-- [ RunTime:0.000226s ]
INFO: [ app_end ] --START--
INFO: Run Behavior\ShowPageTraceBehavior [ RunTime:0.000472s ]
INFO: [ app_end ] --END-- [ RunTime:0.000608s ]

[ 2018-04-06T16:42:00+08:00 ] 180.106.209.171 /Home/Index/index.html
INFO: [ app_init ] --START--
INFO: Run Behavior\BuildLiteBehavior [ RunTime:0.000022s ]
INFO: [ app_init ] --END-- [ RunTime:0.000332s ]
NOTIC: [8] Use of undefined constant DEFAULT_MODULE - assumed 'DEFAULT_MODULE' /var/www/html/lxd/Application/Home/Conf/config.php 第 4 行.
NOTIC: [8] Use of undefined constant Index - assumed 'Index' /var/www/html/lxd/Application/Home/Conf/config.php 第 4 行.
NOTIC: [8] Use of undefined constant URL_MODEL - assumed 'URL_MODEL' /var/www/html/lxd/Application/Home/Conf/config.php 第 5 行.
NOTIC: [2] include(class.phpmailer.php): failed to open stream: No such file or directory /var/www/html/lxd/Application/Home/Common/function.php 第 2 行.
NOTIC: [2] include(): Failed opening 'class.phpmailer.php' for inclusion (include_path='.:/usr/share/pear:/usr/share/php') /var/www/html/lxd/Application/Home/Common/function.php 第 2 行.
NOTIC: [2] include(class.smtp.php): failed to open stream: No such file or directory /var/www/html/lxd/Application/Home/Common/function.php 第 3 行.
NOTIC: [2] include(): Failed opening 'class.smtp.php' for inclusion (include_path='.:/usr/share/pear:/usr/share/php') /var/www/html/lxd/Application/Home/Common/function.php 第 3 行.
INFO: [ app_begin ] --START--
INFO: Run Behavior\ReadHtmlCacheBehavior [ RunTime:0.000536s ]
INFO: [ app_begin ] --END-- [ RunTime:0.000603s ]
INFO: [ view_parse ] --START--
INFO: [ template_filter ] --START--
INFO: Run Behavior\ContentReplaceBehavior [ RunTime:0.000190s ]
INFO: [ template_filter ] --END-- [ RunTime:0.000411s ]
INFO: Run Behavior\ParseTemplateBehavior [ RunTime:0.011325s ]
INFO: [ view_parse ] --END-- [ RunTime:0.011475s ]
INFO: [ view_filter ] --START--
INFO: Run Behavior\WriteHtmlCacheBehavior [ RunTime:0.000185s ]
INFO: [ view_filter ] --END-- [ RunTime:0.000256s ]
INFO: [ app_end ] --START--
INFO: Run Behavior\ShowPageTraceBehavior [ RunTime:0.000510s ]
INFO: [ app_end ] --END-- [ RunTime:0.000570s ]

[ 2018-04-06T16:42:01+08:00 ] 180.106.209.171 /Home/index/verify.html
INFO: [ app_init ] --START--
INFO: Run Behavior\BuildLiteBehavior [ RunTime:0.000025s ]
INFO: [ app_init ] --END-- [ RunTime:0.000383s ]
NOTIC: [8] Use of undefined constant DEFAULT_MODULE - assumed 'DEFAULT_MODULE' /var/www/html/lxd/Application/Home/Conf/config.php 第 4 行.
NOTIC: [8] Use of undefined constant Index - assumed 'Index' /var/www/html/lxd/Application/Home/Conf/config.php 第 4 行.
NOTIC: [8] Use of undefined constant URL_MODEL - assumed 'URL_MODEL' /var/www/html/lxd/Application/Home/Conf/config.php 第 5 行.
NOTIC: [2] include(class.phpmailer.php): failed to open stream: No such file or directory /var/www/html/lxd/Application/Home/Common/function.php 第 2 行.
NOTIC: [2] include(): Failed opening 'class.phpmailer.php' for inclusion (include_path='.:/usr/share/pear:/usr/share/php') /var/www/html/lxd/Application/Home/Common/function.php 第 2 行.
NOTIC: [2] include(class.smtp.php): failed to open stream: No such file or directory /var/www/html/lxd/Application/Home/Common/function.php 第 3 行.
NOTIC: [2] include(): Failed opening 'class.smtp.php' for inclusion (include_path='.:/usr/share/pear:/usr/share/php') /var/www/html/lxd/Application/Home/Common/function.php 第 3 行.
INFO: [ app_begin ] --START--
INFO: Run Behavior\ReadHtmlCacheBehavior [ RunTime:0.000486s ]
INFO: [ app_begin ] --END-- [ RunTime:0.000563s ]
INFO: [ app_end ] --START--
INFO: Run Behavior\ShowPageTraceBehavior [ RunTime:0.000448s ]
INFO: [ app_end ] --END-- [ RunTime:0.000528s ]

[ 2018-04-06T16:43:12+08:00 ] 180.106.209.171 /Home/Index/contact.html
INFO: [ app_init ] --START--
INFO: Run Behavior\BuildLiteBehavior [ RunTime:0.000017s ]
INFO: [ app_init ] --END-- [ RunTime:0.000330s ]
NOTIC: [8] Use of undefined constant DEFAULT_MODULE - assumed 'DEFAULT_MODULE' /var/www/html/lxd/Application/Home/Conf/config.php 第 4 行.
NOTIC: [8] Use of undefined constant Index - assumed 'Index' /var/www/html/lxd/Application/Home/Conf/config.php 第 4 行.
NOTIC: [8] Use of undefined constant URL_MODEL - assumed 'URL_MODEL' /var/www/html/lxd/Application/Home/Conf/config.php 第 5 行.
NOTIC: [2] include(class.phpmailer.php): failed to open stream: No such file or directory /var/www/html/lxd/Application/Home/Common/function.php 第 2 行.
NOTIC: [2] include(): Failed opening 'class.phpmailer.php' for inclusion (include_path='.:/usr/share/pear:/usr/share/php') /var/www/html/lxd/Application/Home/Common/function.php 第 2 行.
NOTIC: [2] include(class.smtp.php): failed to open stream: No such file or directory /var/www/html/lxd/Application/Home/Common/function.php 第 3 行.
NOTIC: [2] include(): Failed opening 'class.smtp.php' for inclusion (include_path='.:/usr/share/pear:/usr/share/php') /var/www/html/lxd/Application/Home/Common/function.php 第 3 行.
INFO: [ app_begin ] --START--
INFO: Run Behavior\ReadHtmlCacheBehavior [ RunTime:0.000585s ]
INFO: [ app_begin ] --END-- [ RunTime:0.000685s ]
INFO: [ view_parse ] --START--
INFO: [ template_filter ] --START--
INFO: Run Behavior\ContentReplaceBehavior [ RunTime:0.000150s ]
INFO: [ template_filter ] --END-- [ RunTime:0.000247s ]
INFO: Run Behavior\ParseTemplateBehavior [ RunTime:0.010015s ]
INFO: [ view_parse ] --END-- [ RunTime:0.010148s ]
INFO: [ view_filter ] --START--
INFO: Run Behavior\WriteHtmlCacheBehavior [ RunTime:0.000151s ]
INFO: [ view_filter ] --END-- [ RunTime:0.000200s ]
INFO: [ app_end ] --START--
INFO: Run Behavior\ShowPageTraceBehavior [ RunTime:0.000495s ]
INFO: [ app_end ] --END-- [ RunTime:0.000583s ]

[ 2018-04-06T16:43:13+08:00 ] 180.106.209.171 /Home/index/verify.html
INFO: [ app_init ] --START--
INFO: Run Behavior\BuildLiteBehavior [ RunTime:0.000029s ]
INFO: [ app_init ] --END-- [ RunTime:0.000436s ]
NOTIC: [8] Use of undefined constant DEFAULT_MODULE - assumed 'DEFAULT_MODULE' /var/www/html/lxd/Application/Home/Conf/config.php 第 4 行.
NOTIC: [8] Use of undefined constant Index - assumed 'Index' /var/www/html/lxd/Application/Home/Conf/config.php 第 4 行.
NOTIC: [8] Use of undefined constant URL_MODEL - assumed 'URL_MODEL' /var/www/html/lxd/Application/Home/Conf/config.php 第 5 行.
NOTIC: [2] include(class.phpmailer.php): failed to open stream: No such file or directory /var/www/html/lxd/Application/Home/Common/function.php 第 2 行.
NOTIC: [2] include(): Failed opening 'class.phpmailer.php' for inclusion (include_path='.:/usr/share/pear:/usr/share/php') /var/www/html/lxd/Application/Home/Common/function.php 第 2 行.
NOTIC: [2] include(class.smtp.php): failed to open stream: No such file or directory /var/www/html/lxd/Application/Home/Common/function.php 第 3 行.
NOTIC: [2] include(): Failed opening 'class.smtp.php' for inclusion (include_path='.:/usr/share/pear:/usr/share/php') /var/www/html/lxd/Application/Home/Common/function.php 第 3 行.
INFO: [ app_begin ] --START--
INFO: Run Behavior\ReadHtmlCacheBehavior [ RunTime:0.000412s ]
INFO: [ app_begin ] --END-- [ RunTime:0.000477s ]
INFO: [ app_end ] --START--
INFO: Run Behavior\ShowPageTraceBehavior [ RunTime:0.000423s ]
INFO: [ app_end ] --END-- [ RunTime:0.000555s ]

[ 2018-04-06T16:45:29+08:00 ] 180.106.209.171 /Home/Index/index.html
INFO: [ app_init ] --START--
INFO: Run Behavior\BuildLiteBehavior [ RunTime:0.000018s ]
INFO: [ app_init ] --END-- [ RunTime:0.000363s ]
NOTIC: [8] Use of undefined constant DEFAULT_MODULE - assumed 'DEFAULT_MODULE' /var/www/html/lxd/Application/Home/Conf/config.php 第 4 行.
NOTIC: [8] Use of undefined constant Index - assumed 'Index' /var/www/html/lxd/Application/Home/Conf/config.php 第 4 行.
NOTIC: [8] Use of undefined constant URL_MODEL - assumed 'URL_MODEL' /var/www/html/lxd/Application/Home/Conf/config.php 第 5 行.
NOTIC: [2] include(class.phpmailer.php): failed to open stream: No such file or directory /var/www/html/lxd/Application/Home/Common/function.php 第 2 行.
NOTIC: [2] include(): Failed opening 'class.phpmailer.php' for inclusion (include_path='.:/usr/share/pear:/usr/share/php') /var/www/html/lxd/Application/Home/Common/function.php 第 2 行.
NOTIC: [2] include(class.smtp.php): failed to open stream: No such file or directory /var/www/html/lxd/Application/Home/Common/function.php 第 3 行.
NOTIC: [2] include(): Failed opening 'class.smtp.php' for inclusion (include_path='.:/usr/share/pear:/usr/share/php') /var/www/html/lxd/Application/Home/Common/function.php 第 3 行.
INFO: [ app_begin ] --START--
INFO: Run Behavior\ReadHtmlCacheBehavior [ RunTime:0.000392s ]
INFO: [ app_begin ] --END-- [ RunTime:0.000455s ]
INFO: [ view_parse ] --START--
INFO: [ template_filter ] --START--
INFO: Run Behavior\ContentReplaceBehavior [ RunTime:0.000222s ]
INFO: [ template_filter ] --END-- [ RunTime:0.000333s ]
INFO: Run Behavior\ParseTemplateBehavior [ RunTime:0.011429s ]
INFO: [ view_parse ] --END-- [ RunTime:0.011646s ]
INFO: [ view_filter ] --START--
INFO: Run Behavior\WriteHtmlCacheBehavior [ RunTime:0.000146s ]
INFO: [ view_filter ] --END-- [ RunTime:0.000218s ]
INFO: [ app_end ] --START--
INFO: Run Behavior\ShowPageTraceBehavior [ RunTime:0.000505s ]
INFO: [ app_end ] --END-- [ RunTime:0.000609s ]

[ 2018-04-06T16:45:29+08:00 ] 180.106.209.171 /Home/index/verify.html
INFO: [ app_init ] --START--
INFO: Run Behavior\BuildLiteBehavior [ RunTime:0.000018s ]
INFO: [ app_init ] --END-- [ RunTime:0.000393s ]
NOTIC: [8] Use of undefined constant DEFAULT_MODULE - assumed 'DEFAULT_MODULE' /var/www/html/lxd/Application/Home/Conf/config.php 第 4 行.
NOTIC: [8] Use of undefined constant Index - assumed 'Index' /var/www/html/lxd/Application/Home/Conf/config.php 第 4 行.
NOTIC: [8] Use of undefined constant URL_MODEL - assumed 'URL_MODEL' /var/www/html/lxd/Application/Home/Conf/config.php 第 5 行.
NOTIC: [2] include(class.phpmailer.php): failed to open stream: No such file or directory /var/www/html/lxd/Application/Home/Common/function.php 第 2 行.
NOTIC: [2] include(): Failed opening 'class.phpmailer.php' for inclusion (include_path='.:/usr/share/pear:/usr/share/php') /var/www/html/lxd/Application/Home/Common/function.php 第 2 行.
NOTIC: [2] include(class.smtp.php): failed to open stream: No such file or directory /var/www/html/lxd/Application/Home/Common/function.php 第 3 行.
NOTIC: [2] include(): Failed opening 'class.smtp.php' for inclusion (include_path='.:/usr/share/pear:/usr/share/php') /var/www/html/lxd/Application/Home/Common/function.php 第 3 行.
INFO: [ app_begin ] --START--
INFO: Run Behavior\ReadHtmlCacheBehavior [ RunTime:0.000408s ]
INFO: [ app_begin ] --END-- [ RunTime:0.000480s ]
INFO: [ app_end ] --START--
INFO: Run Behavior\ShowPageTraceBehavior [ RunTime:0.000616s ]
INFO: [ app_end ] --END-- [ RunTime:0.000774s ]

[ 2018-04-06T17:12:41+08:00 ] 106.120.161.66 /Home/Index/products.html?Single-layer
INFO: [ app_init ] --START--
INFO: Run Behavior\BuildLiteBehavior [ RunTime:0.000027s ]
INFO: [ app_init ] --END-- [ RunTime:0.000360s ]
NOTIC: [8] Use of undefined constant DEFAULT_MODULE - assumed 'DEFAULT_MODULE' /var/www/html/lxd/Application/Home/Conf/config.php 第 4 行.
NOTIC: [8] Use of undefined constant Index - assumed 'Index' /var/www/html/lxd/Application/Home/Conf/config.php 第 4 行.
NOTIC: [8] Use of undefined constant URL_MODEL - assumed 'URL_MODEL' /var/www/html/lxd/Application/Home/Conf/config.php 第 5 行.
NOTIC: [2] include(class.phpmailer.php): failed to open stream: No such file or directory /var/www/html/lxd/Application/Home/Common/function.php 第 2 行.
NOTIC: [2] include(): Failed opening 'class.phpmailer.php' for inclusion (include_path='.:/usr/share/pear:/usr/share/php') /var/www/html/lxd/Application/Home/Common/function.php 第 2 行.
NOTIC: [2] include(class.smtp.php): failed to open stream: No such file or directory /var/www/html/lxd/Application/Home/Common/function.php 第 3 行.
NOTIC: [2] include(): Failed opening 'class.smtp.php' for inclusion (include_path='.:/usr/share/pear:/usr/share/php') /var/www/html/lxd/Application/Home/Common/function.php 第 3 行.
INFO: [ app_begin ] --START--
INFO: Run Behavior\ReadHtmlCacheBehavior [ RunTime:0.000482s ]
INFO: [ app_begin ] --END-- [ RunTime:0.000566s ]
INFO: [ view_parse ] --START--
INFO: [ template_filter ] --START--
INFO: Run Behavior\ContentReplaceBehavior [ RunTime:0.000434s ]
INFO: [ template_filter ] --END-- [ RunTime:0.000548s ]
INFO: Run Behavior\ParseTemplateBehavior [ RunTime:0.012439s ]
INFO: [ view_parse ] --END-- [ RunTime:0.012505s ]
INFO: [ view_filter ] --START--
INFO: Run Behavior\WriteHtmlCacheBehavior [ RunTime:0.000171s ]
INFO: [ view_filter ] --END-- [ RunTime:0.000293s ]
INFO: [ app_end ] --START--
INFO: Run Behavior\ShowPageTraceBehavior [ RunTime:0.000538s ]
INFO: [ app_end ] --END-- [ RunTime:0.000632s ]

[ 2018-04-06T17:12:42+08:00 ] 101.199.121.77 /
INFO: [ app_init ] --START--
INFO: Run Behavior\BuildLiteBehavior [ RunTime:0.000018s ]
INFO: [ app_init ] --END-- [ RunTime:0.000322s ]
NOTIC: [8] Use of undefined constant DEFAULT_MODULE - assumed 'DEFAULT_MODULE' /var/www/html/lxd/Application/Home/Conf/config.php 第 4 行.
NOTIC: [8] Use of undefined constant Index - assumed 'Index' /var/www/html/lxd/Application/Home/Conf/config.php 第 4 行.
NOTIC: [8] Use of undefined constant URL_MODEL - assumed 'URL_MODEL' /var/www/html/lxd/Application/Home/Conf/config.php 第 5 行.
NOTIC: [2] include(class.phpmailer.php): failed to open stream: No such file or directory /var/www/html/lxd/Application/Home/Common/function.php 第 2 行.
NOTIC: [2] include(): Failed opening 'class.phpmailer.php' for inclusion (include_path='.:/usr/share/pear:/usr/share/php') /var/www/html/lxd/Application/Home/Common/function.php 第 2 行.
NOTIC: [2] include(class.smtp.php): failed to open stream: No such file or directory /var/www/html/lxd/Application/Home/Common/function.php 第 3 行.
NOTIC: [2] include(): Failed opening 'class.smtp.php' for inclusion (include_path='.:/usr/share/pear:/usr/share/php') /var/www/html/lxd/Application/Home/Common/function.php 第 3 行.
INFO: [ app_begin ] --START--
INFO: Run Behavior\ReadHtmlCacheBehavior [ RunTime:0.000409s ]
INFO: [ app_begin ] --END-- [ RunTime:0.000473s ]
INFO: [ view_parse ] --START--
INFO: [ template_filter ] --START--
INFO: Run Behavior\ContentReplaceBehavior [ RunTime:0.000180s ]
INFO: [ template_filter ] --END-- [ RunTime:0.000278s ]
INFO: Run Behavior\ParseTemplateBehavior [ RunTime:0.010717s ]
INFO: [ view_parse ] --END-- [ RunTime:0.010778s ]
INFO: [ view_filter ] --START--
INFO: Run Behavior\WriteHtmlCacheBehavior [ RunTime:0.000192s ]
INFO: [ view_filter ] --END-- [ RunTime:0.000242s ]
INFO: [ app_end ] --START--
INFO: Run Behavior\ShowPageTraceBehavior [ RunTime:0.000449s ]
INFO: [ app_end ] --END-- [ RunTime:0.000530s ]

[ 2018-04-06T17:12:48+08:00 ] 101.199.121.77 /Home/index/verify.html
INFO: [ app_init ] --START--
INFO: Run Behavior\BuildLiteBehavior [ RunTime:0.000030s ]
INFO: [ app_init ] --END-- [ RunTime:0.000406s ]
NOTIC: [8] Use of undefined constant DEFAULT_MODULE - assumed 'DEFAULT_MODULE' /var/www/html/lxd/Application/Home/Conf/config.php 第 4 行.
NOTIC: [8] Use of undefined constant Index - assumed 'Index' /var/www/html/lxd/Application/Home/Conf/config.php 第 4 行.
NOTIC: [8] Use of undefined constant URL_MODEL - assumed 'URL_MODEL' /var/www/html/lxd/Application/Home/Conf/config.php 第 5 行.
NOTIC: [2] include(class.phpmailer.php): failed to open stream: No such file or directory /var/www/html/lxd/Application/Home/Common/function.php 第 2 行.
NOTIC: [2] include(): Failed opening 'class.phpmailer.php' for inclusion (include_path='.:/usr/share/pear:/usr/share/php') /var/www/html/lxd/Application/Home/Common/function.php 第 2 行.
NOTIC: [2] include(class.smtp.php): failed to open stream: No such file or directory /var/www/html/lxd/Application/Home/Common/function.php 第 3 行.
NOTIC: [2] include(): Failed opening 'class.smtp.php' for inclusion (include_path='.:/usr/share/pear:/usr/share/php') /var/www/html/lxd/Application/Home/Common/function.php 第 3 行.
INFO: [ app_begin ] --START--
INFO: Run Behavior\ReadHtmlCacheBehavior [ RunTime:0.000454s ]
INFO: [ app_begin ] --END-- [ RunTime:0.000524s ]
INFO: [ app_end ] --START--
INFO: Run Behavior\ShowPageTraceBehavior [ RunTime:0.000520s ]
INFO: [ app_end ] --END-- [ RunTime:0.000627s ]

[ 2018-04-06T17:16:00+08:00 ] 106.120.161.66 /Home/Index/index.html
INFO: [ app_init ] --START--
INFO: Run Behavior\BuildLiteBehavior [ RunTime:0.000025s ]
INFO: [ app_init ] --END-- [ RunTime:0.000383s ]
NOTIC: [8] Use of undefined constant DEFAULT_MODULE - assumed 'DEFAULT_MODULE' /var/www/html/lxd/Application/Home/Conf/config.php 第 4 行.
NOTIC: [8] Use of undefined constant Index - assumed 'Index' /var/www/html/lxd/Application/Home/Conf/config.php 第 4 行.
NOTIC: [8] Use of undefined constant URL_MODEL - assumed 'URL_MODEL' /var/www/html/lxd/Application/Home/Conf/config.php 第 5 行.
NOTIC: [2] include(class.phpmailer.php): failed to open stream: No such file or directory /var/www/html/lxd/Application/Home/Common/function.php 第 2 行.
NOTIC: [2] include(): Failed opening 'class.phpmailer.php' for inclusion (include_path='.:/usr/share/pear:/usr/share/php') /var/www/html/lxd/Application/Home/Common/function.php 第 2 行.
NOTIC: [2] include(class.smtp.php): failed to open stream: No such file or directory /var/www/html/lxd/Application/Home/Common/function.php 第 3 行.
NOTIC: [2] include(): Failed opening 'class.smtp.php' for inclusion (include_path='.:/usr/share/pear:/usr/share/php') /var/www/html/lxd/Application/Home/Common/function.php 第 3 行.
INFO: [ app_begin ] --START--
INFO: Run Behavior\ReadHtmlCacheBehavior [ RunTime:0.000386s ]
INFO: [ app_begin ] --END-- [ RunTime:0.000451s ]
INFO: [ view_parse ] --START--
INFO: [ template_filter ] --START--
INFO: Run Behavior\ContentReplaceBehavior [ RunTime:0.000157s ]
INFO: [ template_filter ] --END-- [ RunTime:0.000264s ]
INFO: Run Behavior\ParseTemplateBehavior [ RunTime:0.010421s ]
INFO: [ view_parse ] --END-- [ RunTime:0.010482s ]
INFO: [ view_filter ] --START--
INFO: Run Behavior\WriteHtmlCacheBehavior [ RunTime:0.000153s ]
INFO: [ view_filter ] --END-- [ RunTime:0.000223s ]
INFO: [ app_end ] --START--
INFO: Run Behavior\ShowPageTraceBehavior [ RunTime:0.000611s ]
INFO: [ app_end ] --END-- [ RunTime:0.000676s ]

[ 2018-04-06T17:16:20+08:00 ] 101.199.112.45 /Home/Index/index.html
INFO: [ app_init ] --START--
INFO: Run Behavior\BuildLiteBehavior [ RunTime:0.000050s ]
INFO: [ app_init ] --END-- [ RunTime:0.000360s ]
NOTIC: [8] Use of undefined constant DEFAULT_MODULE - assumed 'DEFAULT_MODULE' /var/www/html/lxd/Application/Home/Conf/config.php 第 4 行.
NOTIC: [8] Use of undefined constant Index - assumed 'Index' /var/www/html/lxd/Application/Home/Conf/config.php 第 4 行.
NOTIC: [8] Use of undefined constant URL_MODEL - assumed 'URL_MODEL' /var/www/html/lxd/Application/Home/Conf/config.php 第 5 行.
NOTIC: [2] include(class.phpmailer.php): failed to open stream: No such file or directory /var/www/html/lxd/Application/Home/Common/function.php 第 2 行.
NOTIC: [2] include(): Failed opening 'class.phpmailer.php' for inclusion (include_path='.:/usr/share/pear:/usr/share/php') /var/www/html/lxd/Application/Home/Common/function.php 第 2 行.
NOTIC: [2] include(class.smtp.php): failed to open stream: No such file or directory /var/www/html/lxd/Application/Home/Common/function.php 第 3 行.
NOTIC: [2] include(): Failed opening 'class.smtp.php' for inclusion (include_path='.:/usr/share/pear:/usr/share/php') /var/www/html/lxd/Application/Home/Common/function.php 第 3 行.
INFO: [ app_begin ] --START--
INFO: Run Behavior\ReadHtmlCacheBehavior [ RunTime:0.000376s ]
INFO: [ app_begin ] --END-- [ RunTime:0.000439s ]
INFO: [ view_parse ] --START--
INFO: [ template_filter ] --START--
INFO: Run Behavior\ContentReplaceBehavior [ RunTime:0.000141s ]
INFO: [ template_filter ] --END-- [ RunTime:0.000234s ]
INFO: Run Behavior\ParseTemplateBehavior [ RunTime:0.010269s ]
INFO: [ view_parse ] --END-- [ RunTime:0.010330s ]
INFO: [ view_filter ] --START--
INFO: Run Behavior\WriteHtmlCacheBehavior [ RunTime:0.000213s ]
INFO: [ view_filter ] --END-- [ RunTime:0.000264s ]
INFO: [ app_end ] --START--
INFO: Run Behavior\ShowPageTraceBehavior [ RunTime:0.000403s ]
INFO: [ app_end ] --END-- [ RunTime:0.000475s ]

[ 2018-04-06T17:30:57+08:00 ] 106.120.161.66 /
INFO: [ app_init ] --START--
INFO: Run Behavior\BuildLiteBehavior [ RunTime:0.000020s ]
INFO: [ app_init ] --END-- [ RunTime:0.000364s ]
NOTIC: [8] Use of undefined constant DEFAULT_MODULE - assumed 'DEFAULT_MODULE' /var/www/html/lxd/Application/Home/Conf/config.php 第 4 行.
NOTIC: [8] Use of undefined constant Index - assumed 'Index' /var/www/html/lxd/Application/Home/Conf/config.php 第 4 行.
NOTIC: [8] Use of undefined constant URL_MODEL - assumed 'URL_MODEL' /var/www/html/lxd/Application/Home/Conf/config.php 第 5 行.
NOTIC: [2] include(class.phpmailer.php): failed to open stream: No such file or directory /var/www/html/lxd/Application/Home/Common/function.php 第 2 行.
NOTIC: [2] include(): Failed opening 'class.phpmailer.php' for inclusion (include_path='.:/usr/share/pear:/usr/share/php') /var/www/html/lxd/Application/Home/Common/function.php 第 2 行.
NOTIC: [2] include(class.smtp.php): failed to open stream: No such file or directory /var/www/html/lxd/Application/Home/Common/function.php 第 3 行.
NOTIC: [2] include(): Failed opening 'class.smtp.php' for inclusion (include_path='.:/usr/share/pear:/usr/share/php') /var/www/html/lxd/Application/Home/Common/function.php 第 3 行.
INFO: [ app_begin ] --START--
INFO: Run Behavior\ReadHtmlCacheBehavior [ RunTime:0.000511s ]
INFO: [ app_begin ] --END-- [ RunTime:0.000589s ]
INFO: [ view_parse ] --START--
INFO: [ template_filter ] --START--
INFO: Run Behavior\ContentReplaceBehavior [ RunTime:0.000137s ]
INFO: [ template_filter ] --END-- [ RunTime:0.000241s ]
INFO: Run Behavior\ParseTemplateBehavior [ RunTime:0.010951s ]
INFO: [ view_parse ] --END-- [ RunTime:0.011096s ]
INFO: [ view_filter ] --START--
INFO: Run Behavior\WriteHtmlCacheBehavior [ RunTime:0.000169s ]
INFO: [ view_filter ] --END-- [ RunTime:0.000220s ]
INFO: [ app_end ] --START--
INFO: Run Behavior\ShowPageTraceBehavior [ RunTime:0.000507s ]
INFO: [ app_end ] --END-- [ RunTime:0.000589s ]

[ 2018-04-06T20:26:54+08:00 ] 90.162.53.158 /
INFO: [ app_init ] --START--
INFO: Run Behavior\BuildLiteBehavior [ RunTime:0.000027s ]
INFO: [ app_init ] --END-- [ RunTime:0.000444s ]
NOTIC: [8] Use of undefined constant DEFAULT_MODULE - assumed 'DEFAULT_MODULE' /var/www/html/lxd/Application/Home/Conf/config.php 第 4 行.
NOTIC: [8] Use of undefined constant Index - assumed 'Index' /var/www/html/lxd/Application/Home/Conf/config.php 第 4 行.
NOTIC: [8] Use of undefined constant URL_MODEL - assumed 'URL_MODEL' /var/www/html/lxd/Application/Home/Conf/config.php 第 5 行.
NOTIC: [2] include(class.phpmailer.php): failed to open stream: No such file or directory /var/www/html/lxd/Application/Home/Common/function.php 第 2 行.
NOTIC: [2] include(): Failed opening 'class.phpmailer.php' for inclusion (include_path='.:/usr/share/pear:/usr/share/php') /var/www/html/lxd/Application/Home/Common/function.php 第 2 行.
NOTIC: [2] include(class.smtp.php): failed to open stream: No such file or directory /var/www/html/lxd/Application/Home/Common/function.php 第 3 行.
NOTIC: [2] include(): Failed opening 'class.smtp.php' for inclusion (include_path='.:/usr/share/pear:/usr/share/php') /var/www/html/lxd/Application/Home/Common/function.php 第 3 行.
INFO: [ app_begin ] --START--
INFO: Run Behavior\ReadHtmlCacheBehavior [ RunTime:0.000455s ]
INFO: [ app_begin ] --END-- [ RunTime:0.000558s ]
INFO: [ view_parse ] --START--
INFO: [ template_filter ] --START--
INFO: Run Behavior\ContentReplaceBehavior [ RunTime:0.000156s ]
INFO: [ template_filter ] --END-- [ RunTime:0.000275s ]
INFO: Run Behavior\ParseTemplateBehavior [ RunTime:0.011437s ]
INFO: [ view_parse ] --END-- [ RunTime:0.011506s ]
INFO: [ view_filter ] --START--
INFO: Run Behavior\WriteHtmlCacheBehavior [ RunTime:0.000161s ]
INFO: [ view_filter ] --END-- [ RunTime:0.000211s ]
INFO: [ app_end ] --START--
INFO: Run Behavior\ShowPageTraceBehavior [ RunTime:0.000485s ]
INFO: [ app_end ] --END-- [ RunTime:0.000555s ]

