[ 2018-04-11T10:10:19+08:00 ] ::1 /lxd_think/
INFO: [ app_init ] --START--
INFO: Run Behavior\BuildLiteBehavior [ RunTime:0.000000s ]
INFO: [ app_init ] --END-- [ RunTime:0.000000s ]
NOTIC: [8] Use of undefined constant DEFAULT_MODULE - assumed 'DEFAULT_MODULE' D:\wamp64\www\lxd_think\Application\Home\Conf\config.php 第 4 行.
NOTIC: [8] Use of undefined constant Index - assumed 'Index' D:\wamp64\www\lxd_think\Application\Home\Conf\config.php 第 4 行.
NOTIC: [8] Use of undefined constant URL_MODEL - assumed 'URL_MODEL' D:\wamp64\www\lxd_think\Application\Home\Conf\config.php 第 5 行.
NOTIC: [2] include(class.phpmailer.php): failed to open stream: No such file or directory D:\wamp64\www\lxd_think\Application\Home\Common\function.php 第 2 行.
NOTIC: [2] include(): Failed opening 'class.phpmailer.php' for inclusion (include_path='.;C:\php\pear') D:\wamp64\www\lxd_think\Application\Home\Common\function.php 第 2 行.
NOTIC: [2] include(class.smtp.php): failed to open stream: No such file or directory D:\wamp64\www\lxd_think\Application\Home\Common\function.php 第 3 行.
NOTIC: [2] include(): Failed opening 'class.smtp.php' for inclusion (include_path='.;C:\php\pear') D:\wamp64\www\lxd_think\Application\Home\Common\function.php 第 3 行.
INFO: [ app_begin ] --START--
INFO: Run Behavior\ReadHtmlCacheBehavior [ RunTime:0.000000s ]
INFO: [ app_begin ] --END-- [ RunTime:0.000000s ]
INFO: [ view_parse ] --START--
INFO: [ template_filter ] --START--
INFO: Run Behavior\ContentReplaceBehavior [ RunTime:0.000000s ]
INFO: [ template_filter ] --END-- [ RunTime:0.000000s ]
INFO: Run Behavior\ParseTemplateBehavior [ RunTime:0.008000s ]
INFO: [ view_parse ] --END-- [ RunTime:0.008000s ]
INFO: [ view_filter ] --START--
INFO: Run Behavior\WriteHtmlCacheBehavior [ RunTime:0.001000s ]
INFO: [ view_filter ] --END-- [ RunTime:0.001000s ]
INFO: [ app_end ] --START--
INFO: Run Behavior\ShowPageTraceBehavior [ RunTime:0.001000s ]
INFO: [ app_end ] --END-- [ RunTime:0.001000s ]

[ 2018-04-11T10:10:20+08:00 ] ::1 /lxd_think/Home/index/verify.html
INFO: [ app_init ] --START--
INFO: Run Behavior\BuildLiteBehavior [ RunTime:0.001000s ]
INFO: [ app_init ] --END-- [ RunTime:0.001000s ]
NOTIC: [8] Use of undefined constant DEFAULT_MODULE - assumed 'DEFAULT_MODULE' D:\wamp64\www\lxd_think\Application\Home\Conf\config.php 第 4 行.
NOTIC: [8] Use of undefined constant Index - assumed 'Index' D:\wamp64\www\lxd_think\Application\Home\Conf\config.php 第 4 行.
NOTIC: [8] Use of undefined constant URL_MODEL - assumed 'URL_MODEL' D:\wamp64\www\lxd_think\Application\Home\Conf\config.php 第 5 行.
NOTIC: [2] include(class.phpmailer.php): failed to open stream: No such file or directory D:\wamp64\www\lxd_think\Application\Home\Common\function.php 第 2 行.
NOTIC: [2] include(): Failed opening 'class.phpmailer.php' for inclusion (include_path='.;C:\php\pear') D:\wamp64\www\lxd_think\Application\Home\Common\function.php 第 2 行.
NOTIC: [2] include(class.smtp.php): failed to open stream: No such file or directory D:\wamp64\www\lxd_think\Application\Home\Common\function.php 第 3 行.
NOTIC: [2] include(): Failed opening 'class.smtp.php' for inclusion (include_path='.;C:\php\pear') D:\wamp64\www\lxd_think\Application\Home\Common\function.php 第 3 行.
INFO: [ app_begin ] --START--
INFO: Run Behavior\ReadHtmlCacheBehavior [ RunTime:0.000000s ]
INFO: [ app_begin ] --END-- [ RunTime:0.001000s ]
INFO: [ app_end ] --START--
INFO: Run Behavior\ShowPageTraceBehavior [ RunTime:0.000000s ]
INFO: [ app_end ] --END-- [ RunTime:0.000000s ]

[ 2018-04-11T10:10:21+08:00 ] ::1 /lxd_think/Home/index/verify.html
INFO: [ app_init ] --START--
INFO: Run Behavior\BuildLiteBehavior [ RunTime:0.000000s ]
INFO: [ app_init ] --END-- [ RunTime:0.001000s ]
NOTIC: [8] Use of undefined constant DEFAULT_MODULE - assumed 'DEFAULT_MODULE' D:\wamp64\www\lxd_think\Application\Home\Conf\config.php 第 4 行.
NOTIC: [8] Use of undefined constant Index - assumed 'Index' D:\wamp64\www\lxd_think\Application\Home\Conf\config.php 第 4 行.
NOTIC: [8] Use of undefined constant URL_MODEL - assumed 'URL_MODEL' D:\wamp64\www\lxd_think\Application\Home\Conf\config.php 第 5 行.
NOTIC: [2] include(class.phpmailer.php): failed to open stream: No such file or directory D:\wamp64\www\lxd_think\Application\Home\Common\function.php 第 2 行.
NOTIC: [2] include(): Failed opening 'class.phpmailer.php' for inclusion (include_path='.;C:\php\pear') D:\wamp64\www\lxd_think\Application\Home\Common\function.php 第 2 行.
NOTIC: [2] include(class.smtp.php): failed to open stream: No such file or directory D:\wamp64\www\lxd_think\Application\Home\Common\function.php 第 3 行.
NOTIC: [2] include(): Failed opening 'class.smtp.php' for inclusion (include_path='.;C:\php\pear') D:\wamp64\www\lxd_think\Application\Home\Common\function.php 第 3 行.
INFO: [ app_begin ] --START--
INFO: Run Behavior\ReadHtmlCacheBehavior [ RunTime:0.001000s ]
INFO: [ app_begin ] --END-- [ RunTime:0.001000s ]
INFO: [ app_end ] --START--
INFO: Run Behavior\ShowPageTraceBehavior [ RunTime:0.001000s ]
INFO: [ app_end ] --END-- [ RunTime:0.001000s ]

[ 2018-04-11T10:10:57+08:00 ] ::1 /lxd_think/Home/Index/cn_index.html
INFO: [ app_init ] --START--
INFO: Run Behavior\BuildLiteBehavior [ RunTime:0.000000s ]
INFO: [ app_init ] --END-- [ RunTime:0.000000s ]
NOTIC: [8] Use of undefined constant DEFAULT_MODULE - assumed 'DEFAULT_MODULE' D:\wamp64\www\lxd_think\Application\Home\Conf\config.php 第 4 行.
NOTIC: [8] Use of undefined constant Index - assumed 'Index' D:\wamp64\www\lxd_think\Application\Home\Conf\config.php 第 4 行.
NOTIC: [8] Use of undefined constant URL_MODEL - assumed 'URL_MODEL' D:\wamp64\www\lxd_think\Application\Home\Conf\config.php 第 5 行.
NOTIC: [2] include(class.phpmailer.php): failed to open stream: No such file or directory D:\wamp64\www\lxd_think\Application\Home\Common\function.php 第 2 行.
NOTIC: [2] include(): Failed opening 'class.phpmailer.php' for inclusion (include_path='.;C:\php\pear') D:\wamp64\www\lxd_think\Application\Home\Common\function.php 第 2 行.
NOTIC: [2] include(class.smtp.php): failed to open stream: No such file or directory D:\wamp64\www\lxd_think\Application\Home\Common\function.php 第 3 行.
NOTIC: [2] include(): Failed opening 'class.smtp.php' for inclusion (include_path='.;C:\php\pear') D:\wamp64\www\lxd_think\Application\Home\Common\function.php 第 3 行.
INFO: [ app_begin ] --START--
INFO: Run Behavior\ReadHtmlCacheBehavior [ RunTime:0.000000s ]
INFO: [ app_begin ] --END-- [ RunTime:0.000000s ]
INFO: [ view_parse ] --START--
INFO: [ template_filter ] --START--
INFO: Run Behavior\ContentReplaceBehavior [ RunTime:0.000000s ]
INFO: [ template_filter ] --END-- [ RunTime:0.000000s ]
INFO: Run Behavior\ParseTemplateBehavior [ RunTime:0.008000s ]
INFO: [ view_parse ] --END-- [ RunTime:0.008000s ]
INFO: [ view_filter ] --START--
INFO: Run Behavior\WriteHtmlCacheBehavior [ RunTime:0.000000s ]
INFO: [ view_filter ] --END-- [ RunTime:0.000000s ]
INFO: [ app_end ] --START--
INFO: Run Behavior\ShowPageTraceBehavior [ RunTime:0.000000s ]
INFO: [ app_end ] --END-- [ RunTime:0.000000s ]

[ 2018-04-11T10:10:57+08:00 ] ::1 /lxd_think/Home/index/verify.html
INFO: [ app_init ] --START--
INFO: Run Behavior\BuildLiteBehavior [ RunTime:0.000000s ]
INFO: [ app_init ] --END-- [ RunTime:0.001000s ]
NOTIC: [8] Use of undefined constant DEFAULT_MODULE - assumed 'DEFAULT_MODULE' D:\wamp64\www\lxd_think\Application\Home\Conf\config.php 第 4 行.
NOTIC: [8] Use of undefined constant Index - assumed 'Index' D:\wamp64\www\lxd_think\Application\Home\Conf\config.php 第 4 行.
NOTIC: [8] Use of undefined constant URL_MODEL - assumed 'URL_MODEL' D:\wamp64\www\lxd_think\Application\Home\Conf\config.php 第 5 行.
NOTIC: [2] include(class.phpmailer.php): failed to open stream: No such file or directory D:\wamp64\www\lxd_think\Application\Home\Common\function.php 第 2 行.
NOTIC: [2] include(): Failed opening 'class.phpmailer.php' for inclusion (include_path='.;C:\php\pear') D:\wamp64\www\lxd_think\Application\Home\Common\function.php 第 2 行.
NOTIC: [2] include(class.smtp.php): failed to open stream: No such file or directory D:\wamp64\www\lxd_think\Application\Home\Common\function.php 第 3 行.
NOTIC: [2] include(): Failed opening 'class.smtp.php' for inclusion (include_path='.;C:\php\pear') D:\wamp64\www\lxd_think\Application\Home\Common\function.php 第 3 行.
INFO: [ app_begin ] --START--
INFO: Run Behavior\ReadHtmlCacheBehavior [ RunTime:0.000000s ]
INFO: [ app_begin ] --END-- [ RunTime:0.000000s ]
INFO: [ app_end ] --START--
INFO: Run Behavior\ShowPageTraceBehavior [ RunTime:0.001000s ]
INFO: [ app_end ] --END-- [ RunTime:0.001000s ]

[ 2018-04-11T10:11:01+08:00 ] ::1 /lxd_think/Home/Index/cn_advantages.html
INFO: [ app_init ] --START--
INFO: Run Behavior\BuildLiteBehavior [ RunTime:0.000000s ]
INFO: [ app_init ] --END-- [ RunTime:0.001000s ]
NOTIC: [8] Use of undefined constant DEFAULT_MODULE - assumed 'DEFAULT_MODULE' D:\wamp64\www\lxd_think\Application\Home\Conf\config.php 第 4 行.
NOTIC: [8] Use of undefined constant Index - assumed 'Index' D:\wamp64\www\lxd_think\Application\Home\Conf\config.php 第 4 行.
NOTIC: [8] Use of undefined constant URL_MODEL - assumed 'URL_MODEL' D:\wamp64\www\lxd_think\Application\Home\Conf\config.php 第 5 行.
NOTIC: [2] include(class.phpmailer.php): failed to open stream: No such file or directory D:\wamp64\www\lxd_think\Application\Home\Common\function.php 第 2 行.
NOTIC: [2] include(): Failed opening 'class.phpmailer.php' for inclusion (include_path='.;C:\php\pear') D:\wamp64\www\lxd_think\Application\Home\Common\function.php 第 2 行.
NOTIC: [2] include(class.smtp.php): failed to open stream: No such file or directory D:\wamp64\www\lxd_think\Application\Home\Common\function.php 第 3 行.
NOTIC: [2] include(): Failed opening 'class.smtp.php' for inclusion (include_path='.;C:\php\pear') D:\wamp64\www\lxd_think\Application\Home\Common\function.php 第 3 行.
INFO: [ app_begin ] --START--
INFO: Run Behavior\ReadHtmlCacheBehavior [ RunTime:0.000000s ]
INFO: [ app_begin ] --END-- [ RunTime:0.000000s ]
INFO: [ view_parse ] --START--
INFO: [ template_filter ] --START--
INFO: Run Behavior\ContentReplaceBehavior [ RunTime:0.000000s ]
INFO: [ template_filter ] --END-- [ RunTime:0.000000s ]
INFO: Run Behavior\ParseTemplateBehavior [ RunTime:0.008000s ]
INFO: [ view_parse ] --END-- [ RunTime:0.008000s ]
INFO: [ view_filter ] --START--
INFO: Run Behavior\WriteHtmlCacheBehavior [ RunTime:0.000000s ]
INFO: [ view_filter ] --END-- [ RunTime:0.000000s ]
INFO: [ app_end ] --START--
INFO: Run Behavior\ShowPageTraceBehavior [ RunTime:0.000000s ]
INFO: [ app_end ] --END-- [ RunTime:0.001000s ]

[ 2018-04-11T10:11:05+08:00 ] ::1 /lxd_think/Home/Index/cn_advantages.html
INFO: [ app_init ] --START--
INFO: Run Behavior\BuildLiteBehavior [ RunTime:0.000000s ]
INFO: [ app_init ] --END-- [ RunTime:0.000000s ]
NOTIC: [8] Use of undefined constant DEFAULT_MODULE - assumed 'DEFAULT_MODULE' D:\wamp64\www\lxd_think\Application\Home\Conf\config.php 第 4 行.
NOTIC: [8] Use of undefined constant Index - assumed 'Index' D:\wamp64\www\lxd_think\Application\Home\Conf\config.php 第 4 行.
NOTIC: [8] Use of undefined constant URL_MODEL - assumed 'URL_MODEL' D:\wamp64\www\lxd_think\Application\Home\Conf\config.php 第 5 行.
NOTIC: [2] include(class.phpmailer.php): failed to open stream: No such file or directory D:\wamp64\www\lxd_think\Application\Home\Common\function.php 第 2 行.
NOTIC: [2] include(): Failed opening 'class.phpmailer.php' for inclusion (include_path='.;C:\php\pear') D:\wamp64\www\lxd_think\Application\Home\Common\function.php 第 2 行.
NOTIC: [2] include(class.smtp.php): failed to open stream: No such file or directory D:\wamp64\www\lxd_think\Application\Home\Common\function.php 第 3 行.
NOTIC: [2] include(): Failed opening 'class.smtp.php' for inclusion (include_path='.;C:\php\pear') D:\wamp64\www\lxd_think\Application\Home\Common\function.php 第 3 行.
INFO: [ app_begin ] --START--
INFO: Run Behavior\ReadHtmlCacheBehavior [ RunTime:0.000000s ]
INFO: [ app_begin ] --END-- [ RunTime:0.000000s ]
INFO: [ view_parse ] --START--
INFO: [ template_filter ] --START--
INFO: Run Behavior\ContentReplaceBehavior [ RunTime:0.000000s ]
INFO: [ template_filter ] --END-- [ RunTime:0.000000s ]
INFO: Run Behavior\ParseTemplateBehavior [ RunTime:0.007000s ]
INFO: [ view_parse ] --END-- [ RunTime:0.007000s ]
INFO: [ view_filter ] --START--
INFO: Run Behavior\WriteHtmlCacheBehavior [ RunTime:0.000000s ]
INFO: [ view_filter ] --END-- [ RunTime:0.001000s ]
INFO: [ app_end ] --START--
INFO: Run Behavior\ShowPageTraceBehavior [ RunTime:0.001000s ]
INFO: [ app_end ] --END-- [ RunTime:0.001000s ]

[ 2018-04-11T10:11:09+08:00 ] ::1 /lxd_think/Home/Index/cn_products.html?double-layer
INFO: [ app_init ] --START--
INFO: Run Behavior\BuildLiteBehavior [ RunTime:0.000000s ]
INFO: [ app_init ] --END-- [ RunTime:0.000000s ]
NOTIC: [8] Use of undefined constant DEFAULT_MODULE - assumed 'DEFAULT_MODULE' D:\wamp64\www\lxd_think\Application\Home\Conf\config.php 第 4 行.
NOTIC: [8] Use of undefined constant Index - assumed 'Index' D:\wamp64\www\lxd_think\Application\Home\Conf\config.php 第 4 行.
NOTIC: [8] Use of undefined constant URL_MODEL - assumed 'URL_MODEL' D:\wamp64\www\lxd_think\Application\Home\Conf\config.php 第 5 行.
NOTIC: [2] include(class.phpmailer.php): failed to open stream: No such file or directory D:\wamp64\www\lxd_think\Application\Home\Common\function.php 第 2 行.
NOTIC: [2] include(): Failed opening 'class.phpmailer.php' for inclusion (include_path='.;C:\php\pear') D:\wamp64\www\lxd_think\Application\Home\Common\function.php 第 2 行.
NOTIC: [2] include(class.smtp.php): failed to open stream: No such file or directory D:\wamp64\www\lxd_think\Application\Home\Common\function.php 第 3 行.
NOTIC: [2] include(): Failed opening 'class.smtp.php' for inclusion (include_path='.;C:\php\pear') D:\wamp64\www\lxd_think\Application\Home\Common\function.php 第 3 行.
INFO: [ app_begin ] --START--
INFO: Run Behavior\ReadHtmlCacheBehavior [ RunTime:0.001000s ]
INFO: [ app_begin ] --END-- [ RunTime:0.001000s ]
INFO: [ view_parse ] --START--
INFO: [ template_filter ] --START--
INFO: Run Behavior\ContentReplaceBehavior [ RunTime:0.008000s ]
INFO: [ template_filter ] --END-- [ RunTime:0.008000s ]
INFO: Run Behavior\ParseTemplateBehavior [ RunTime:0.016000s ]
INFO: [ view_parse ] --END-- [ RunTime:0.016000s ]
INFO: [ view_filter ] --START--
INFO: Run Behavior\WriteHtmlCacheBehavior [ RunTime:0.001000s ]
INFO: [ view_filter ] --END-- [ RunTime:0.001000s ]
INFO: [ app_end ] --START--
INFO: Run Behavior\ShowPageTraceBehavior [ RunTime:0.001000s ]
INFO: [ app_end ] --END-- [ RunTime:0.001000s ]

[ 2018-04-11T10:13:50+08:00 ] ::1 /lxd_think/Home/Index/cn_index.html
INFO: [ app_init ] --START--
INFO: Run Behavior\BuildLiteBehavior [ RunTime:0.000000s ]
INFO: [ app_init ] --END-- [ RunTime:0.000000s ]
NOTIC: [8] Use of undefined constant DEFAULT_MODULE - assumed 'DEFAULT_MODULE' D:\wamp64\www\lxd_think\Application\Home\Conf\config.php 第 4 行.
NOTIC: [8] Use of undefined constant Index - assumed 'Index' D:\wamp64\www\lxd_think\Application\Home\Conf\config.php 第 4 行.
NOTIC: [8] Use of undefined constant URL_MODEL - assumed 'URL_MODEL' D:\wamp64\www\lxd_think\Application\Home\Conf\config.php 第 5 行.
NOTIC: [2] include(class.phpmailer.php): failed to open stream: No such file or directory D:\wamp64\www\lxd_think\Application\Home\Common\function.php 第 2 行.
NOTIC: [2] include(): Failed opening 'class.phpmailer.php' for inclusion (include_path='.;C:\php\pear') D:\wamp64\www\lxd_think\Application\Home\Common\function.php 第 2 行.
NOTIC: [2] include(class.smtp.php): failed to open stream: No such file or directory D:\wamp64\www\lxd_think\Application\Home\Common\function.php 第 3 行.
NOTIC: [2] include(): Failed opening 'class.smtp.php' for inclusion (include_path='.;C:\php\pear') D:\wamp64\www\lxd_think\Application\Home\Common\function.php 第 3 行.
INFO: [ app_begin ] --START--
INFO: Run Behavior\ReadHtmlCacheBehavior [ RunTime:0.000000s ]
INFO: [ app_begin ] --END-- [ RunTime:0.000000s ]
INFO: [ view_parse ] --START--
INFO: [ template_filter ] --START--
INFO: Run Behavior\ContentReplaceBehavior [ RunTime:0.000000s ]
INFO: [ template_filter ] --END-- [ RunTime:0.000000s ]
INFO: Run Behavior\ParseTemplateBehavior [ RunTime:0.008000s ]
INFO: [ view_parse ] --END-- [ RunTime:0.008000s ]
INFO: [ view_filter ] --START--
INFO: Run Behavior\WriteHtmlCacheBehavior [ RunTime:0.001000s ]
INFO: [ view_filter ] --END-- [ RunTime:0.001000s ]
INFO: [ app_end ] --START--
INFO: Run Behavior\ShowPageTraceBehavior [ RunTime:0.001000s ]
INFO: [ app_end ] --END-- [ RunTime:0.001000s ]

[ 2018-04-11T10:13:50+08:00 ] ::1 /lxd_think/Home/index/verify.html
INFO: [ app_init ] --START--
INFO: Run Behavior\BuildLiteBehavior [ RunTime:0.000000s ]
INFO: [ app_init ] --END-- [ RunTime:0.001000s ]
NOTIC: [8] Use of undefined constant DEFAULT_MODULE - assumed 'DEFAULT_MODULE' D:\wamp64\www\lxd_think\Application\Home\Conf\config.php 第 4 行.
NOTIC: [8] Use of undefined constant Index - assumed 'Index' D:\wamp64\www\lxd_think\Application\Home\Conf\config.php 第 4 行.
NOTIC: [8] Use of undefined constant URL_MODEL - assumed 'URL_MODEL' D:\wamp64\www\lxd_think\Application\Home\Conf\config.php 第 5 行.
NOTIC: [2] include(class.phpmailer.php): failed to open stream: No such file or directory D:\wamp64\www\lxd_think\Application\Home\Common\function.php 第 2 行.
NOTIC: [2] include(): Failed opening 'class.phpmailer.php' for inclusion (include_path='.;C:\php\pear') D:\wamp64\www\lxd_think\Application\Home\Common\function.php 第 2 行.
NOTIC: [2] include(class.smtp.php): failed to open stream: No such file or directory D:\wamp64\www\lxd_think\Application\Home\Common\function.php 第 3 行.
NOTIC: [2] include(): Failed opening 'class.smtp.php' for inclusion (include_path='.;C:\php\pear') D:\wamp64\www\lxd_think\Application\Home\Common\function.php 第 3 行.
INFO: [ app_begin ] --START--
INFO: Run Behavior\ReadHtmlCacheBehavior [ RunTime:0.000000s ]
INFO: [ app_begin ] --END-- [ RunTime:0.000000s ]
INFO: [ app_end ] --START--
INFO: Run Behavior\ShowPageTraceBehavior [ RunTime:0.000000s ]
INFO: [ app_end ] --END-- [ RunTime:0.000000s ]

[ 2018-04-11T10:14:31+08:00 ] ::1 /lxd_think/Home/Index/cn_index.html
INFO: [ app_init ] --START--
INFO: Run Behavior\BuildLiteBehavior [ RunTime:0.000000s ]
INFO: [ app_init ] --END-- [ RunTime:0.000000s ]
NOTIC: [8] Use of undefined constant DEFAULT_MODULE - assumed 'DEFAULT_MODULE' D:\wamp64\www\lxd_think\Application\Home\Conf\config.php 第 4 行.
NOTIC: [8] Use of undefined constant Index - assumed 'Index' D:\wamp64\www\lxd_think\Application\Home\Conf\config.php 第 4 行.
NOTIC: [8] Use of undefined constant URL_MODEL - assumed 'URL_MODEL' D:\wamp64\www\lxd_think\Application\Home\Conf\config.php 第 5 行.
NOTIC: [2] include(class.phpmailer.php): failed to open stream: No such file or directory D:\wamp64\www\lxd_think\Application\Home\Common\function.php 第 2 行.
NOTIC: [2] include(): Failed opening 'class.phpmailer.php' for inclusion (include_path='.;C:\php\pear') D:\wamp64\www\lxd_think\Application\Home\Common\function.php 第 2 行.
NOTIC: [2] include(class.smtp.php): failed to open stream: No such file or directory D:\wamp64\www\lxd_think\Application\Home\Common\function.php 第 3 行.
NOTIC: [2] include(): Failed opening 'class.smtp.php' for inclusion (include_path='.;C:\php\pear') D:\wamp64\www\lxd_think\Application\Home\Common\function.php 第 3 行.
INFO: [ app_begin ] --START--
INFO: Run Behavior\ReadHtmlCacheBehavior [ RunTime:0.001000s ]
INFO: [ app_begin ] --END-- [ RunTime:0.001000s ]
INFO: [ view_parse ] --START--
INFO: [ template_filter ] --START--
INFO: Run Behavior\ContentReplaceBehavior [ RunTime:0.000000s ]
INFO: [ template_filter ] --END-- [ RunTime:0.001000s ]
INFO: Run Behavior\ParseTemplateBehavior [ RunTime:0.009000s ]
INFO: [ view_parse ] --END-- [ RunTime:0.009000s ]
INFO: [ view_filter ] --START--
INFO: Run Behavior\WriteHtmlCacheBehavior [ RunTime:0.001000s ]
INFO: [ view_filter ] --END-- [ RunTime:0.001000s ]
INFO: [ app_end ] --START--
INFO: Run Behavior\ShowPageTraceBehavior [ RunTime:0.001000s ]
INFO: [ app_end ] --END-- [ RunTime:0.001000s ]

[ 2018-04-11T10:14:31+08:00 ] ::1 /lxd_think/Home/index/verify.html
INFO: [ app_init ] --START--
INFO: Run Behavior\BuildLiteBehavior [ RunTime:0.000000s ]
INFO: [ app_init ] --END-- [ RunTime:0.000000s ]
NOTIC: [8] Use of undefined constant DEFAULT_MODULE - assumed 'DEFAULT_MODULE' D:\wamp64\www\lxd_think\Application\Home\Conf\config.php 第 4 行.
NOTIC: [8] Use of undefined constant Index - assumed 'Index' D:\wamp64\www\lxd_think\Application\Home\Conf\config.php 第 4 行.
NOTIC: [8] Use of undefined constant URL_MODEL - assumed 'URL_MODEL' D:\wamp64\www\lxd_think\Application\Home\Conf\config.php 第 5 行.
NOTIC: [2] include(class.phpmailer.php): failed to open stream: No such file or directory D:\wamp64\www\lxd_think\Application\Home\Common\function.php 第 2 行.
NOTIC: [2] include(): Failed opening 'class.phpmailer.php' for inclusion (include_path='.;C:\php\pear') D:\wamp64\www\lxd_think\Application\Home\Common\function.php 第 2 行.
NOTIC: [2] include(class.smtp.php): failed to open stream: No such file or directory D:\wamp64\www\lxd_think\Application\Home\Common\function.php 第 3 行.
NOTIC: [2] include(): Failed opening 'class.smtp.php' for inclusion (include_path='.;C:\php\pear') D:\wamp64\www\lxd_think\Application\Home\Common\function.php 第 3 行.
INFO: [ app_begin ] --START--
INFO: Run Behavior\ReadHtmlCacheBehavior [ RunTime:0.000000s ]
INFO: [ app_begin ] --END-- [ RunTime:0.001000s ]
INFO: [ app_end ] --START--
INFO: Run Behavior\ShowPageTraceBehavior [ RunTime:0.001000s ]
INFO: [ app_end ] --END-- [ RunTime:0.001000s ]

[ 2018-04-11T10:15:01+08:00 ] ::1 /lxd_think/Home/Index/cn_index.html
INFO: [ app_init ] --START--
INFO: Run Behavior\BuildLiteBehavior [ RunTime:0.000000s ]
INFO: [ app_init ] --END-- [ RunTime:0.001000s ]
NOTIC: [8] Use of undefined constant DEFAULT_MODULE - assumed 'DEFAULT_MODULE' D:\wamp64\www\lxd_think\Application\Home\Conf\config.php 第 4 行.
NOTIC: [8] Use of undefined constant Index - assumed 'Index' D:\wamp64\www\lxd_think\Application\Home\Conf\config.php 第 4 行.
NOTIC: [8] Use of undefined constant URL_MODEL - assumed 'URL_MODEL' D:\wamp64\www\lxd_think\Application\Home\Conf\config.php 第 5 行.
NOTIC: [2] include(class.phpmailer.php): failed to open stream: No such file or directory D:\wamp64\www\lxd_think\Application\Home\Common\function.php 第 2 行.
NOTIC: [2] include(): Failed opening 'class.phpmailer.php' for inclusion (include_path='.;C:\php\pear') D:\wamp64\www\lxd_think\Application\Home\Common\function.php 第 2 行.
NOTIC: [2] include(class.smtp.php): failed to open stream: No such file or directory D:\wamp64\www\lxd_think\Application\Home\Common\function.php 第 3 行.
NOTIC: [2] include(): Failed opening 'class.smtp.php' for inclusion (include_path='.;C:\php\pear') D:\wamp64\www\lxd_think\Application\Home\Common\function.php 第 3 行.
INFO: [ app_begin ] --START--
INFO: Run Behavior\ReadHtmlCacheBehavior [ RunTime:0.000000s ]
INFO: [ app_begin ] --END-- [ RunTime:0.000000s ]
INFO: [ view_parse ] --START--
INFO: [ template_filter ] --START--
INFO: Run Behavior\ContentReplaceBehavior [ RunTime:0.001000s ]
INFO: [ template_filter ] --END-- [ RunTime:0.001000s ]
INFO: Run Behavior\ParseTemplateBehavior [ RunTime:0.010000s ]
INFO: [ view_parse ] --END-- [ RunTime:0.010000s ]
INFO: [ view_filter ] --START--
INFO: Run Behavior\WriteHtmlCacheBehavior [ RunTime:0.001000s ]
INFO: [ view_filter ] --END-- [ RunTime:0.001000s ]
INFO: [ app_end ] --START--
INFO: Run Behavior\ShowPageTraceBehavior [ RunTime:0.001000s ]
INFO: [ app_end ] --END-- [ RunTime:0.001000s ]

[ 2018-04-11T10:15:01+08:00 ] ::1 /lxd_think/Home/index/verify.html
INFO: [ app_init ] --START--
INFO: Run Behavior\BuildLiteBehavior [ RunTime:0.000000s ]
INFO: [ app_init ] --END-- [ RunTime:0.001000s ]
NOTIC: [8] Use of undefined constant DEFAULT_MODULE - assumed 'DEFAULT_MODULE' D:\wamp64\www\lxd_think\Application\Home\Conf\config.php 第 4 行.
NOTIC: [8] Use of undefined constant Index - assumed 'Index' D:\wamp64\www\lxd_think\Application\Home\Conf\config.php 第 4 行.
NOTIC: [8] Use of undefined constant URL_MODEL - assumed 'URL_MODEL' D:\wamp64\www\lxd_think\Application\Home\Conf\config.php 第 5 行.
NOTIC: [2] include(class.phpmailer.php): failed to open stream: No such file or directory D:\wamp64\www\lxd_think\Application\Home\Common\function.php 第 2 行.
NOTIC: [2] include(): Failed opening 'class.phpmailer.php' for inclusion (include_path='.;C:\php\pear') D:\wamp64\www\lxd_think\Application\Home\Common\function.php 第 2 行.
NOTIC: [2] include(class.smtp.php): failed to open stream: No such file or directory D:\wamp64\www\lxd_think\Application\Home\Common\function.php 第 3 行.
NOTIC: [2] include(): Failed opening 'class.smtp.php' for inclusion (include_path='.;C:\php\pear') D:\wamp64\www\lxd_think\Application\Home\Common\function.php 第 3 行.
INFO: [ app_begin ] --START--
INFO: Run Behavior\ReadHtmlCacheBehavior [ RunTime:0.001000s ]
INFO: [ app_begin ] --END-- [ RunTime:0.001000s ]
INFO: [ app_end ] --START--
INFO: Run Behavior\ShowPageTraceBehavior [ RunTime:0.000000s ]
INFO: [ app_end ] --END-- [ RunTime:0.000000s ]

[ 2018-04-11T10:17:23+08:00 ] ::1 /lxd_think/Home/Index/cn_contact.html
INFO: [ app_init ] --START--
INFO: Run Behavior\BuildLiteBehavior [ RunTime:0.000000s ]
INFO: [ app_init ] --END-- [ RunTime:0.001000s ]
NOTIC: [8] Use of undefined constant DEFAULT_MODULE - assumed 'DEFAULT_MODULE' D:\wamp64\www\lxd_think\Application\Home\Conf\config.php 第 4 行.
NOTIC: [8] Use of undefined constant Index - assumed 'Index' D:\wamp64\www\lxd_think\Application\Home\Conf\config.php 第 4 行.
NOTIC: [8] Use of undefined constant URL_MODEL - assumed 'URL_MODEL' D:\wamp64\www\lxd_think\Application\Home\Conf\config.php 第 5 行.
NOTIC: [2] include(class.phpmailer.php): failed to open stream: No such file or directory D:\wamp64\www\lxd_think\Application\Home\Common\function.php 第 2 行.
NOTIC: [2] include(): Failed opening 'class.phpmailer.php' for inclusion (include_path='.;C:\php\pear') D:\wamp64\www\lxd_think\Application\Home\Common\function.php 第 2 行.
NOTIC: [2] include(class.smtp.php): failed to open stream: No such file or directory D:\wamp64\www\lxd_think\Application\Home\Common\function.php 第 3 行.
NOTIC: [2] include(): Failed opening 'class.smtp.php' for inclusion (include_path='.;C:\php\pear') D:\wamp64\www\lxd_think\Application\Home\Common\function.php 第 3 行.
INFO: [ app_begin ] --START--
INFO: Run Behavior\ReadHtmlCacheBehavior [ RunTime:0.001000s ]
INFO: [ app_begin ] --END-- [ RunTime:0.001000s ]
INFO: [ view_parse ] --START--
INFO: [ template_filter ] --START--
INFO: Run Behavior\ContentReplaceBehavior [ RunTime:0.000000s ]
INFO: [ template_filter ] --END-- [ RunTime:0.000000s ]
INFO: Run Behavior\ParseTemplateBehavior [ RunTime:0.008000s ]
INFO: [ view_parse ] --END-- [ RunTime:0.008000s ]
INFO: [ view_filter ] --START--
INFO: Run Behavior\WriteHtmlCacheBehavior [ RunTime:0.000000s ]
INFO: [ view_filter ] --END-- [ RunTime:0.001000s ]
INFO: [ app_end ] --START--
INFO: Run Behavior\ShowPageTraceBehavior [ RunTime:0.001000s ]
INFO: [ app_end ] --END-- [ RunTime:0.001000s ]

[ 2018-04-11T10:17:23+08:00 ] ::1 /lxd_think/Home/index/verify.html
INFO: [ app_init ] --START--
INFO: Run Behavior\BuildLiteBehavior [ RunTime:0.000000s ]
INFO: [ app_init ] --END-- [ RunTime:0.000000s ]
NOTIC: [8] Use of undefined constant DEFAULT_MODULE - assumed 'DEFAULT_MODULE' D:\wamp64\www\lxd_think\Application\Home\Conf\config.php 第 4 行.
NOTIC: [8] Use of undefined constant Index - assumed 'Index' D:\wamp64\www\lxd_think\Application\Home\Conf\config.php 第 4 行.
NOTIC: [8] Use of undefined constant URL_MODEL - assumed 'URL_MODEL' D:\wamp64\www\lxd_think\Application\Home\Conf\config.php 第 5 行.
NOTIC: [2] include(class.phpmailer.php): failed to open stream: No such file or directory D:\wamp64\www\lxd_think\Application\Home\Common\function.php 第 2 行.
NOTIC: [2] include(): Failed opening 'class.phpmailer.php' for inclusion (include_path='.;C:\php\pear') D:\wamp64\www\lxd_think\Application\Home\Common\function.php 第 2 行.
NOTIC: [2] include(class.smtp.php): failed to open stream: No such file or directory D:\wamp64\www\lxd_think\Application\Home\Common\function.php 第 3 行.
NOTIC: [2] include(): Failed opening 'class.smtp.php' for inclusion (include_path='.;C:\php\pear') D:\wamp64\www\lxd_think\Application\Home\Common\function.php 第 3 行.
INFO: [ app_begin ] --START--
INFO: Run Behavior\ReadHtmlCacheBehavior [ RunTime:0.000000s ]
INFO: [ app_begin ] --END-- [ RunTime:0.001000s ]
INFO: [ app_end ] --START--
INFO: Run Behavior\ShowPageTraceBehavior [ RunTime:0.001000s ]
INFO: [ app_end ] --END-- [ RunTime:0.001000s ]

[ 2018-04-11T10:19:31+08:00 ] ::1 /lxd_think/Home/Index/cn_advantages.html
INFO: [ app_init ] --START--
INFO: Run Behavior\BuildLiteBehavior [ RunTime:0.000000s ]
INFO: [ app_init ] --END-- [ RunTime:0.001000s ]
NOTIC: [8] Use of undefined constant DEFAULT_MODULE - assumed 'DEFAULT_MODULE' D:\wamp64\www\lxd_think\Application\Home\Conf\config.php 第 4 行.
NOTIC: [8] Use of undefined constant Index - assumed 'Index' D:\wamp64\www\lxd_think\Application\Home\Conf\config.php 第 4 行.
NOTIC: [8] Use of undefined constant URL_MODEL - assumed 'URL_MODEL' D:\wamp64\www\lxd_think\Application\Home\Conf\config.php 第 5 行.
NOTIC: [2] include(class.phpmailer.php): failed to open stream: No such file or directory D:\wamp64\www\lxd_think\Application\Home\Common\function.php 第 2 行.
NOTIC: [2] include(): Failed opening 'class.phpmailer.php' for inclusion (include_path='.;C:\php\pear') D:\wamp64\www\lxd_think\Application\Home\Common\function.php 第 2 行.
NOTIC: [2] include(class.smtp.php): failed to open stream: No such file or directory D:\wamp64\www\lxd_think\Application\Home\Common\function.php 第 3 行.
NOTIC: [2] include(): Failed opening 'class.smtp.php' for inclusion (include_path='.;C:\php\pear') D:\wamp64\www\lxd_think\Application\Home\Common\function.php 第 3 行.
INFO: [ app_begin ] --START--
INFO: Run Behavior\ReadHtmlCacheBehavior [ RunTime:0.001000s ]
INFO: [ app_begin ] --END-- [ RunTime:0.001000s ]
INFO: [ view_parse ] --START--
INFO: [ template_filter ] --START--
INFO: Run Behavior\ContentReplaceBehavior [ RunTime:0.000000s ]
INFO: [ template_filter ] --END-- [ RunTime:0.001000s ]
INFO: Run Behavior\ParseTemplateBehavior [ RunTime:0.011000s ]
INFO: [ view_parse ] --END-- [ RunTime:0.011000s ]
INFO: [ view_filter ] --START--
INFO: Run Behavior\WriteHtmlCacheBehavior [ RunTime:0.001000s ]
INFO: [ view_filter ] --END-- [ RunTime:0.001000s ]
INFO: [ app_end ] --START--
INFO: Run Behavior\ShowPageTraceBehavior [ RunTime:0.001000s ]
INFO: [ app_end ] --END-- [ RunTime:0.001000s ]

[ 2018-04-11T10:19:42+08:00 ] ::1 /lxd_think/Home/Index/cn_index.html
INFO: [ app_init ] --START--
INFO: Run Behavior\BuildLiteBehavior [ RunTime:0.000000s ]
INFO: [ app_init ] --END-- [ RunTime:0.000000s ]
NOTIC: [8] Use of undefined constant DEFAULT_MODULE - assumed 'DEFAULT_MODULE' D:\wamp64\www\lxd_think\Application\Home\Conf\config.php 第 4 行.
NOTIC: [8] Use of undefined constant Index - assumed 'Index' D:\wamp64\www\lxd_think\Application\Home\Conf\config.php 第 4 行.
NOTIC: [8] Use of undefined constant URL_MODEL - assumed 'URL_MODEL' D:\wamp64\www\lxd_think\Application\Home\Conf\config.php 第 5 行.
NOTIC: [2] include(class.phpmailer.php): failed to open stream: No such file or directory D:\wamp64\www\lxd_think\Application\Home\Common\function.php 第 2 行.
NOTIC: [2] include(): Failed opening 'class.phpmailer.php' for inclusion (include_path='.;C:\php\pear') D:\wamp64\www\lxd_think\Application\Home\Common\function.php 第 2 行.
NOTIC: [2] include(class.smtp.php): failed to open stream: No such file or directory D:\wamp64\www\lxd_think\Application\Home\Common\function.php 第 3 行.
NOTIC: [2] include(): Failed opening 'class.smtp.php' for inclusion (include_path='.;C:\php\pear') D:\wamp64\www\lxd_think\Application\Home\Common\function.php 第 3 行.
INFO: [ app_begin ] --START--
INFO: Run Behavior\ReadHtmlCacheBehavior [ RunTime:0.001000s ]
INFO: [ app_begin ] --END-- [ RunTime:0.001000s ]
INFO: [ view_parse ] --START--
INFO: [ template_filter ] --START--
INFO: Run Behavior\ContentReplaceBehavior [ RunTime:0.000000s ]
INFO: [ template_filter ] --END-- [ RunTime:0.000000s ]
INFO: Run Behavior\ParseTemplateBehavior [ RunTime:0.008000s ]
INFO: [ view_parse ] --END-- [ RunTime:0.008000s ]
INFO: [ view_filter ] --START--
INFO: Run Behavior\WriteHtmlCacheBehavior [ RunTime:0.001000s ]
INFO: [ view_filter ] --END-- [ RunTime:0.001000s ]
INFO: [ app_end ] --START--
INFO: Run Behavior\ShowPageTraceBehavior [ RunTime:0.001000s ]
INFO: [ app_end ] --END-- [ RunTime:0.001000s ]

[ 2018-04-11T10:19:42+08:00 ] ::1 /lxd_think/Home/index/verify.html
INFO: [ app_init ] --START--
INFO: Run Behavior\BuildLiteBehavior [ RunTime:0.000000s ]
INFO: [ app_init ] --END-- [ RunTime:0.000000s ]
NOTIC: [8] Use of undefined constant DEFAULT_MODULE - assumed 'DEFAULT_MODULE' D:\wamp64\www\lxd_think\Application\Home\Conf\config.php 第 4 行.
NOTIC: [8] Use of undefined constant Index - assumed 'Index' D:\wamp64\www\lxd_think\Application\Home\Conf\config.php 第 4 行.
NOTIC: [8] Use of undefined constant URL_MODEL - assumed 'URL_MODEL' D:\wamp64\www\lxd_think\Application\Home\Conf\config.php 第 5 行.
NOTIC: [2] include(class.phpmailer.php): failed to open stream: No such file or directory D:\wamp64\www\lxd_think\Application\Home\Common\function.php 第 2 行.
NOTIC: [2] include(): Failed opening 'class.phpmailer.php' for inclusion (include_path='.;C:\php\pear') D:\wamp64\www\lxd_think\Application\Home\Common\function.php 第 2 行.
NOTIC: [2] include(class.smtp.php): failed to open stream: No such file or directory D:\wamp64\www\lxd_think\Application\Home\Common\function.php 第 3 行.
NOTIC: [2] include(): Failed opening 'class.smtp.php' for inclusion (include_path='.;C:\php\pear') D:\wamp64\www\lxd_think\Application\Home\Common\function.php 第 3 行.
INFO: [ app_begin ] --START--
INFO: Run Behavior\ReadHtmlCacheBehavior [ RunTime:0.001000s ]
INFO: [ app_begin ] --END-- [ RunTime:0.001000s ]
INFO: [ app_end ] --START--
INFO: Run Behavior\ShowPageTraceBehavior [ RunTime:0.000000s ]
INFO: [ app_end ] --END-- [ RunTime:0.000000s ]

[ 2018-04-11T10:20:08+08:00 ] ::1 /lxd_think/Home/Index/cn_products.html?transection
INFO: [ app_init ] --START--
INFO: Run Behavior\BuildLiteBehavior [ RunTime:0.000000s ]
INFO: [ app_init ] --END-- [ RunTime:0.000000s ]
NOTIC: [8] Use of undefined constant DEFAULT_MODULE - assumed 'DEFAULT_MODULE' D:\wamp64\www\lxd_think\Application\Home\Conf\config.php 第 4 行.
NOTIC: [8] Use of undefined constant Index - assumed 'Index' D:\wamp64\www\lxd_think\Application\Home\Conf\config.php 第 4 行.
NOTIC: [8] Use of undefined constant URL_MODEL - assumed 'URL_MODEL' D:\wamp64\www\lxd_think\Application\Home\Conf\config.php 第 5 行.
NOTIC: [2] include(class.phpmailer.php): failed to open stream: No such file or directory D:\wamp64\www\lxd_think\Application\Home\Common\function.php 第 2 行.
NOTIC: [2] include(): Failed opening 'class.phpmailer.php' for inclusion (include_path='.;C:\php\pear') D:\wamp64\www\lxd_think\Application\Home\Common\function.php 第 2 行.
NOTIC: [2] include(class.smtp.php): failed to open stream: No such file or directory D:\wamp64\www\lxd_think\Application\Home\Common\function.php 第 3 行.
NOTIC: [2] include(): Failed opening 'class.smtp.php' for inclusion (include_path='.;C:\php\pear') D:\wamp64\www\lxd_think\Application\Home\Common\function.php 第 3 行.
INFO: [ app_begin ] --START--
INFO: Run Behavior\ReadHtmlCacheBehavior [ RunTime:0.001000s ]
INFO: [ app_begin ] --END-- [ RunTime:0.001000s ]
INFO: [ view_parse ] --START--
INFO: [ template_filter ] --START--
INFO: Run Behavior\ContentReplaceBehavior [ RunTime:0.000000s ]
INFO: [ template_filter ] --END-- [ RunTime:0.000000s ]
INFO: Run Behavior\ParseTemplateBehavior [ RunTime:0.009000s ]
INFO: [ view_parse ] --END-- [ RunTime:0.009000s ]
INFO: [ view_filter ] --START--
INFO: Run Behavior\WriteHtmlCacheBehavior [ RunTime:0.000000s ]
INFO: [ view_filter ] --END-- [ RunTime:0.000000s ]
INFO: [ app_end ] --START--
INFO: Run Behavior\ShowPageTraceBehavior [ RunTime:0.000000s ]
INFO: [ app_end ] --END-- [ RunTime:0.000000s ]

[ 2018-04-11T10:20:18+08:00 ] ::1 /lxd_think/Home/Index/cn_index.html
INFO: [ app_init ] --START--
INFO: Run Behavior\BuildLiteBehavior [ RunTime:0.001000s ]
INFO: [ app_init ] --END-- [ RunTime:0.001000s ]
NOTIC: [8] Use of undefined constant DEFAULT_MODULE - assumed 'DEFAULT_MODULE' D:\wamp64\www\lxd_think\Application\Home\Conf\config.php 第 4 行.
NOTIC: [8] Use of undefined constant Index - assumed 'Index' D:\wamp64\www\lxd_think\Application\Home\Conf\config.php 第 4 行.
NOTIC: [8] Use of undefined constant URL_MODEL - assumed 'URL_MODEL' D:\wamp64\www\lxd_think\Application\Home\Conf\config.php 第 5 行.
NOTIC: [2] include(class.phpmailer.php): failed to open stream: No such file or directory D:\wamp64\www\lxd_think\Application\Home\Common\function.php 第 2 行.
NOTIC: [2] include(): Failed opening 'class.phpmailer.php' for inclusion (include_path='.;C:\php\pear') D:\wamp64\www\lxd_think\Application\Home\Common\function.php 第 2 行.
NOTIC: [2] include(class.smtp.php): failed to open stream: No such file or directory D:\wamp64\www\lxd_think\Application\Home\Common\function.php 第 3 行.
NOTIC: [2] include(): Failed opening 'class.smtp.php' for inclusion (include_path='.;C:\php\pear') D:\wamp64\www\lxd_think\Application\Home\Common\function.php 第 3 行.
INFO: [ app_begin ] --START--
INFO: Run Behavior\ReadHtmlCacheBehavior [ RunTime:0.000000s ]
INFO: [ app_begin ] --END-- [ RunTime:0.000000s ]
INFO: [ view_parse ] --START--
INFO: [ template_filter ] --START--
INFO: Run Behavior\ContentReplaceBehavior [ RunTime:0.000000s ]
INFO: [ template_filter ] --END-- [ RunTime:0.000000s ]
INFO: Run Behavior\ParseTemplateBehavior [ RunTime:0.010000s ]
INFO: [ view_parse ] --END-- [ RunTime:0.010000s ]
INFO: [ view_filter ] --START--
INFO: Run Behavior\WriteHtmlCacheBehavior [ RunTime:0.001000s ]
INFO: [ view_filter ] --END-- [ RunTime:0.001000s ]
INFO: [ app_end ] --START--
INFO: Run Behavior\ShowPageTraceBehavior [ RunTime:0.001000s ]
INFO: [ app_end ] --END-- [ RunTime:0.001000s ]

[ 2018-04-11T10:20:18+08:00 ] ::1 /lxd_think/Home/index/verify.html
INFO: [ app_init ] --START--
INFO: Run Behavior\BuildLiteBehavior [ RunTime:0.000000s ]
INFO: [ app_init ] --END-- [ RunTime:0.000000s ]
NOTIC: [8] Use of undefined constant DEFAULT_MODULE - assumed 'DEFAULT_MODULE' D:\wamp64\www\lxd_think\Application\Home\Conf\config.php 第 4 行.
NOTIC: [8] Use of undefined constant Index - assumed 'Index' D:\wamp64\www\lxd_think\Application\Home\Conf\config.php 第 4 行.
NOTIC: [8] Use of undefined constant URL_MODEL - assumed 'URL_MODEL' D:\wamp64\www\lxd_think\Application\Home\Conf\config.php 第 5 行.
NOTIC: [2] include(class.phpmailer.php): failed to open stream: No such file or directory D:\wamp64\www\lxd_think\Application\Home\Common\function.php 第 2 行.
NOTIC: [2] include(): Failed opening 'class.phpmailer.php' for inclusion (include_path='.;C:\php\pear') D:\wamp64\www\lxd_think\Application\Home\Common\function.php 第 2 行.
NOTIC: [2] include(class.smtp.php): failed to open stream: No such file or directory D:\wamp64\www\lxd_think\Application\Home\Common\function.php 第 3 行.
NOTIC: [2] include(): Failed opening 'class.smtp.php' for inclusion (include_path='.;C:\php\pear') D:\wamp64\www\lxd_think\Application\Home\Common\function.php 第 3 行.
INFO: [ app_begin ] --START--
INFO: Run Behavior\ReadHtmlCacheBehavior [ RunTime:0.000000s ]
INFO: [ app_begin ] --END-- [ RunTime:0.001000s ]
INFO: [ app_end ] --START--
INFO: Run Behavior\ShowPageTraceBehavior [ RunTime:0.001000s ]
INFO: [ app_end ] --END-- [ RunTime:0.001000s ]

[ 2018-04-11T10:20:25+08:00 ] ::1 /lxd_think/Home/Index/index.html
INFO: [ app_init ] --START--
INFO: Run Behavior\BuildLiteBehavior [ RunTime:0.000000s ]
INFO: [ app_init ] --END-- [ RunTime:0.000000s ]
NOTIC: [8] Use of undefined constant DEFAULT_MODULE - assumed 'DEFAULT_MODULE' D:\wamp64\www\lxd_think\Application\Home\Conf\config.php 第 4 行.
NOTIC: [8] Use of undefined constant Index - assumed 'Index' D:\wamp64\www\lxd_think\Application\Home\Conf\config.php 第 4 行.
NOTIC: [8] Use of undefined constant URL_MODEL - assumed 'URL_MODEL' D:\wamp64\www\lxd_think\Application\Home\Conf\config.php 第 5 行.
NOTIC: [2] include(class.phpmailer.php): failed to open stream: No such file or directory D:\wamp64\www\lxd_think\Application\Home\Common\function.php 第 2 行.
NOTIC: [2] include(): Failed opening 'class.phpmailer.php' for inclusion (include_path='.;C:\php\pear') D:\wamp64\www\lxd_think\Application\Home\Common\function.php 第 2 行.
NOTIC: [2] include(class.smtp.php): failed to open stream: No such file or directory D:\wamp64\www\lxd_think\Application\Home\Common\function.php 第 3 行.
NOTIC: [2] include(): Failed opening 'class.smtp.php' for inclusion (include_path='.;C:\php\pear') D:\wamp64\www\lxd_think\Application\Home\Common\function.php 第 3 行.
INFO: [ app_begin ] --START--
INFO: Run Behavior\ReadHtmlCacheBehavior [ RunTime:0.000000s ]
INFO: [ app_begin ] --END-- [ RunTime:0.000000s ]
INFO: [ view_parse ] --START--
INFO: [ template_filter ] --START--
INFO: Run Behavior\ContentReplaceBehavior [ RunTime:0.000000s ]
INFO: [ template_filter ] --END-- [ RunTime:0.000000s ]
INFO: Run Behavior\ParseTemplateBehavior [ RunTime:0.009000s ]
INFO: [ view_parse ] --END-- [ RunTime:0.009000s ]
INFO: [ view_filter ] --START--
INFO: Run Behavior\WriteHtmlCacheBehavior [ RunTime:0.001000s ]
INFO: [ view_filter ] --END-- [ RunTime:0.001000s ]
INFO: [ app_end ] --START--
INFO: Run Behavior\ShowPageTraceBehavior [ RunTime:0.001000s ]
INFO: [ app_end ] --END-- [ RunTime:0.001000s ]

[ 2018-04-11T10:20:25+08:00 ] ::1 /lxd_think/Home/index/verify.html
INFO: [ app_init ] --START--
INFO: Run Behavior\BuildLiteBehavior [ RunTime:0.000000s ]
INFO: [ app_init ] --END-- [ RunTime:0.000000s ]
NOTIC: [8] Use of undefined constant DEFAULT_MODULE - assumed 'DEFAULT_MODULE' D:\wamp64\www\lxd_think\Application\Home\Conf\config.php 第 4 行.
NOTIC: [8] Use of undefined constant Index - assumed 'Index' D:\wamp64\www\lxd_think\Application\Home\Conf\config.php 第 4 行.
NOTIC: [8] Use of undefined constant URL_MODEL - assumed 'URL_MODEL' D:\wamp64\www\lxd_think\Application\Home\Conf\config.php 第 5 行.
NOTIC: [2] include(class.phpmailer.php): failed to open stream: No such file or directory D:\wamp64\www\lxd_think\Application\Home\Common\function.php 第 2 行.
NOTIC: [2] include(): Failed opening 'class.phpmailer.php' for inclusion (include_path='.;C:\php\pear') D:\wamp64\www\lxd_think\Application\Home\Common\function.php 第 2 行.
NOTIC: [2] include(class.smtp.php): failed to open stream: No such file or directory D:\wamp64\www\lxd_think\Application\Home\Common\function.php 第 3 行.
NOTIC: [2] include(): Failed opening 'class.smtp.php' for inclusion (include_path='.;C:\php\pear') D:\wamp64\www\lxd_think\Application\Home\Common\function.php 第 3 行.
INFO: [ app_begin ] --START--
INFO: Run Behavior\ReadHtmlCacheBehavior [ RunTime:0.001000s ]
INFO: [ app_begin ] --END-- [ RunTime:0.001000s ]
INFO: [ app_end ] --START--
INFO: Run Behavior\ShowPageTraceBehavior [ RunTime:0.000000s ]
INFO: [ app_end ] --END-- [ RunTime:0.001000s ]

[ 2018-04-11T10:20:26+08:00 ] ::1 /lxd_think/Home/Index/index.html
INFO: [ app_init ] --START--
INFO: Run Behavior\BuildLiteBehavior [ RunTime:0.000000s ]
INFO: [ app_init ] --END-- [ RunTime:0.000000s ]
NOTIC: [8] Use of undefined constant DEFAULT_MODULE - assumed 'DEFAULT_MODULE' D:\wamp64\www\lxd_think\Application\Home\Conf\config.php 第 4 行.
NOTIC: [8] Use of undefined constant Index - assumed 'Index' D:\wamp64\www\lxd_think\Application\Home\Conf\config.php 第 4 行.
NOTIC: [8] Use of undefined constant URL_MODEL - assumed 'URL_MODEL' D:\wamp64\www\lxd_think\Application\Home\Conf\config.php 第 5 行.
NOTIC: [2] include(class.phpmailer.php): failed to open stream: No such file or directory D:\wamp64\www\lxd_think\Application\Home\Common\function.php 第 2 行.
NOTIC: [2] include(): Failed opening 'class.phpmailer.php' for inclusion (include_path='.;C:\php\pear') D:\wamp64\www\lxd_think\Application\Home\Common\function.php 第 2 行.
NOTIC: [2] include(class.smtp.php): failed to open stream: No such file or directory D:\wamp64\www\lxd_think\Application\Home\Common\function.php 第 3 行.
NOTIC: [2] include(): Failed opening 'class.smtp.php' for inclusion (include_path='.;C:\php\pear') D:\wamp64\www\lxd_think\Application\Home\Common\function.php 第 3 行.
INFO: [ app_begin ] --START--
INFO: Run Behavior\ReadHtmlCacheBehavior [ RunTime:0.000000s ]
INFO: [ app_begin ] --END-- [ RunTime:0.000000s ]
INFO: [ view_parse ] --START--
INFO: [ template_filter ] --START--
INFO: Run Behavior\ContentReplaceBehavior [ RunTime:0.000000s ]
INFO: [ template_filter ] --END-- [ RunTime:0.001000s ]
INFO: Run Behavior\ParseTemplateBehavior [ RunTime:0.008000s ]
INFO: [ view_parse ] --END-- [ RunTime:0.009000s ]
INFO: [ view_filter ] --START--
INFO: Run Behavior\WriteHtmlCacheBehavior [ RunTime:0.000000s ]
INFO: [ view_filter ] --END-- [ RunTime:0.000000s ]
INFO: [ app_end ] --START--
INFO: Run Behavior\ShowPageTraceBehavior [ RunTime:0.001000s ]
INFO: [ app_end ] --END-- [ RunTime:0.001000s ]

[ 2018-04-11T10:20:27+08:00 ] ::1 /lxd_think/Home/index/verify.html
INFO: [ app_init ] --START--
INFO: Run Behavior\BuildLiteBehavior [ RunTime:0.000000s ]
INFO: [ app_init ] --END-- [ RunTime:0.001000s ]
NOTIC: [8] Use of undefined constant DEFAULT_MODULE - assumed 'DEFAULT_MODULE' D:\wamp64\www\lxd_think\Application\Home\Conf\config.php 第 4 行.
NOTIC: [8] Use of undefined constant Index - assumed 'Index' D:\wamp64\www\lxd_think\Application\Home\Conf\config.php 第 4 行.
NOTIC: [8] Use of undefined constant URL_MODEL - assumed 'URL_MODEL' D:\wamp64\www\lxd_think\Application\Home\Conf\config.php 第 5 行.
NOTIC: [2] include(class.phpmailer.php): failed to open stream: No such file or directory D:\wamp64\www\lxd_think\Application\Home\Common\function.php 第 2 行.
NOTIC: [2] include(): Failed opening 'class.phpmailer.php' for inclusion (include_path='.;C:\php\pear') D:\wamp64\www\lxd_think\Application\Home\Common\function.php 第 2 行.
NOTIC: [2] include(class.smtp.php): failed to open stream: No such file or directory D:\wamp64\www\lxd_think\Application\Home\Common\function.php 第 3 行.
NOTIC: [2] include(): Failed opening 'class.smtp.php' for inclusion (include_path='.;C:\php\pear') D:\wamp64\www\lxd_think\Application\Home\Common\function.php 第 3 行.
INFO: [ app_begin ] --START--
INFO: Run Behavior\ReadHtmlCacheBehavior [ RunTime:0.001000s ]
INFO: [ app_begin ] --END-- [ RunTime:0.001000s ]
INFO: [ app_end ] --START--
INFO: Run Behavior\ShowPageTraceBehavior [ RunTime:0.001000s ]
INFO: [ app_end ] --END-- [ RunTime:0.001000s ]

