[ 2018-04-14T22:02:20+08:00 ] ::1 /lxd_think/
INFO: [ app_init ] --START--
INFO: Run Behavior\BuildLiteBehavior [ RunTime:0.000000s ]
INFO: [ app_init ] --END-- [ RunTime:0.005000s ]
NOTIC: [8] Use of undefined constant DEFAULT_MODULE - assumed 'DEFAULT_MODULE' D:\wamp64\www\lxd_think\Application\Home\Conf\config.php 第 4 行.
NOTIC: [8] Use of undefined constant Index - assumed 'Index' D:\wamp64\www\lxd_think\Application\Home\Conf\config.php 第 4 行.
NOTIC: [8] Use of undefined constant URL_MODEL - assumed 'URL_MODEL' D:\wamp64\www\lxd_think\Application\Home\Conf\config.php 第 5 行.
NOTIC: [2] include(class.phpmailer.php): failed to open stream: No such file or directory D:\wamp64\www\lxd_think\Application\Home\Common\function.php 第 2 行.
NOTIC: [2] include(): Failed opening 'class.phpmailer.php' for inclusion (include_path='.;C:\php\pear') D:\wamp64\www\lxd_think\Application\Home\Common\function.php 第 2 行.
NOTIC: [2] include(class.smtp.php): failed to open stream: No such file or directory D:\wamp64\www\lxd_think\Application\Home\Common\function.php 第 3 行.
NOTIC: [2] include(): Failed opening 'class.smtp.php' for inclusion (include_path='.;C:\php\pear') D:\wamp64\www\lxd_think\Application\Home\Common\function.php 第 3 行.
INFO: [ app_begin ] --START--
INFO: Run Behavior\ReadHtmlCacheBehavior [ RunTime:0.000000s ]
INFO: [ app_begin ] --END-- [ RunTime:0.000000s ]
INFO: [ view_parse ] --START--
INFO: [ template_filter ] --START--
INFO: Run Behavior\ContentReplaceBehavior [ RunTime:0.001000s ]
INFO: [ template_filter ] --END-- [ RunTime:0.001000s ]
INFO: Run Behavior\ParseTemplateBehavior [ RunTime:0.008000s ]
INFO: [ view_parse ] --END-- [ RunTime:0.008000s ]
INFO: [ view_filter ] --START--
INFO: Run Behavior\WriteHtmlCacheBehavior [ RunTime:0.000000s ]
INFO: [ view_filter ] --END-- [ RunTime:0.001000s ]
INFO: [ app_end ] --START--
INFO: Run Behavior\ShowPageTraceBehavior [ RunTime:0.000000s ]
INFO: [ app_end ] --END-- [ RunTime:0.000000s ]

[ 2018-04-14T22:02:21+08:00 ] ::1 /lxd_think/Home/index/verify.html
INFO: [ app_init ] --START--
INFO: Run Behavior\BuildLiteBehavior [ RunTime:0.000000s ]
INFO: [ app_init ] --END-- [ RunTime:0.000000s ]
NOTIC: [8] Use of undefined constant DEFAULT_MODULE - assumed 'DEFAULT_MODULE' D:\wamp64\www\lxd_think\Application\Home\Conf\config.php 第 4 行.
NOTIC: [8] Use of undefined constant Index - assumed 'Index' D:\wamp64\www\lxd_think\Application\Home\Conf\config.php 第 4 行.
NOTIC: [8] Use of undefined constant URL_MODEL - assumed 'URL_MODEL' D:\wamp64\www\lxd_think\Application\Home\Conf\config.php 第 5 行.
NOTIC: [2] include(class.phpmailer.php): failed to open stream: No such file or directory D:\wamp64\www\lxd_think\Application\Home\Common\function.php 第 2 行.
NOTIC: [2] include(): Failed opening 'class.phpmailer.php' for inclusion (include_path='.;C:\php\pear') D:\wamp64\www\lxd_think\Application\Home\Common\function.php 第 2 行.
NOTIC: [2] include(class.smtp.php): failed to open stream: No such file or directory D:\wamp64\www\lxd_think\Application\Home\Common\function.php 第 3 行.
NOTIC: [2] include(): Failed opening 'class.smtp.php' for inclusion (include_path='.;C:\php\pear') D:\wamp64\www\lxd_think\Application\Home\Common\function.php 第 3 行.
INFO: [ app_begin ] --START--
INFO: Run Behavior\ReadHtmlCacheBehavior [ RunTime:0.001000s ]
INFO: [ app_begin ] --END-- [ RunTime:0.001000s ]
INFO: [ app_end ] --START--
INFO: Run Behavior\ShowPageTraceBehavior [ RunTime:0.001000s ]
INFO: [ app_end ] --END-- [ RunTime:0.001000s ]

[ 2018-04-14T14:21:22+08:00 ] ::1 /lxd_think/
INFO: [ app_init ] --START--
INFO: Run Behavior\BuildLiteBehavior [ RunTime:0.000000s ]
INFO: [ app_init ] --END-- [ RunTime:0.004000s ]
NOTIC: [8] Use of undefined constant DEFAULT_MODULE - assumed 'DEFAULT_MODULE' D:\wamp64\www\lxd_think\Application\Home\Conf\config.php 第 4 行.
NOTIC: [8] Use of undefined constant Index - assumed 'Index' D:\wamp64\www\lxd_think\Application\Home\Conf\config.php 第 4 行.
NOTIC: [8] Use of undefined constant URL_MODEL - assumed 'URL_MODEL' D:\wamp64\www\lxd_think\Application\Home\Conf\config.php 第 5 行.
NOTIC: [2] include(class.phpmailer.php): failed to open stream: No such file or directory D:\wamp64\www\lxd_think\Application\Home\Common\function.php 第 2 行.
NOTIC: [2] include(): Failed opening 'class.phpmailer.php' for inclusion (include_path='.;C:\php\pear') D:\wamp64\www\lxd_think\Application\Home\Common\function.php 第 2 行.
NOTIC: [2] include(class.smtp.php): failed to open stream: No such file or directory D:\wamp64\www\lxd_think\Application\Home\Common\function.php 第 3 行.
NOTIC: [2] include(): Failed opening 'class.smtp.php' for inclusion (include_path='.;C:\php\pear') D:\wamp64\www\lxd_think\Application\Home\Common\function.php 第 3 行.
INFO: [ app_begin ] --START--
INFO: Run Behavior\ReadHtmlCacheBehavior [ RunTime:0.001000s ]
INFO: [ app_begin ] --END-- [ RunTime:0.001000s ]
INFO: [ view_parse ] --START--
INFO: [ template_filter ] --START--
INFO: Run Behavior\ContentReplaceBehavior [ RunTime:0.002000s ]
INFO: [ template_filter ] --END-- [ RunTime:0.002000s ]
INFO: Run Behavior\ParseTemplateBehavior [ RunTime:0.060000s ]
INFO: [ view_parse ] --END-- [ RunTime:0.060000s ]
INFO: [ view_filter ] --START--
INFO: Run Behavior\WriteHtmlCacheBehavior [ RunTime:0.000000s ]
INFO: [ view_filter ] --END-- [ RunTime:0.000000s ]
INFO: [ app_end ] --START--
INFO: Run Behavior\ShowPageTraceBehavior [ RunTime:0.000000s ]
INFO: [ app_end ] --END-- [ RunTime:0.000000s ]

[ 2018-04-14T14:21:23+08:00 ] ::1 /lxd_think/Home/index/verify.html
INFO: [ app_init ] --START--
INFO: Run Behavior\BuildLiteBehavior [ RunTime:0.000000s ]
INFO: [ app_init ] --END-- [ RunTime:0.000000s ]
NOTIC: [8] Use of undefined constant DEFAULT_MODULE - assumed 'DEFAULT_MODULE' D:\wamp64\www\lxd_think\Application\Home\Conf\config.php 第 4 行.
NOTIC: [8] Use of undefined constant Index - assumed 'Index' D:\wamp64\www\lxd_think\Application\Home\Conf\config.php 第 4 行.
NOTIC: [8] Use of undefined constant URL_MODEL - assumed 'URL_MODEL' D:\wamp64\www\lxd_think\Application\Home\Conf\config.php 第 5 行.
NOTIC: [2] include(class.phpmailer.php): failed to open stream: No such file or directory D:\wamp64\www\lxd_think\Application\Home\Common\function.php 第 2 行.
NOTIC: [2] include(): Failed opening 'class.phpmailer.php' for inclusion (include_path='.;C:\php\pear') D:\wamp64\www\lxd_think\Application\Home\Common\function.php 第 2 行.
NOTIC: [2] include(class.smtp.php): failed to open stream: No such file or directory D:\wamp64\www\lxd_think\Application\Home\Common\function.php 第 3 行.
NOTIC: [2] include(): Failed opening 'class.smtp.php' for inclusion (include_path='.;C:\php\pear') D:\wamp64\www\lxd_think\Application\Home\Common\function.php 第 3 行.
INFO: [ app_begin ] --START--
INFO: Run Behavior\ReadHtmlCacheBehavior [ RunTime:0.001000s ]
INFO: [ app_begin ] --END-- [ RunTime:0.001000s ]
INFO: [ app_end ] --START--
INFO: Run Behavior\ShowPageTraceBehavior [ RunTime:0.000000s ]
INFO: [ app_end ] --END-- [ RunTime:0.000000s ]

[ 2018-04-14T14:21:25+08:00 ] ::1 /lxd_think/Home/Index/index.html
INFO: [ app_init ] --START--
INFO: Run Behavior\BuildLiteBehavior [ RunTime:0.000000s ]
INFO: [ app_init ] --END-- [ RunTime:0.000000s ]
NOTIC: [8] Use of undefined constant DEFAULT_MODULE - assumed 'DEFAULT_MODULE' D:\wamp64\www\lxd_think\Application\Home\Conf\config.php 第 4 行.
NOTIC: [8] Use of undefined constant Index - assumed 'Index' D:\wamp64\www\lxd_think\Application\Home\Conf\config.php 第 4 行.
NOTIC: [8] Use of undefined constant URL_MODEL - assumed 'URL_MODEL' D:\wamp64\www\lxd_think\Application\Home\Conf\config.php 第 5 行.
NOTIC: [2] include(class.phpmailer.php): failed to open stream: No such file or directory D:\wamp64\www\lxd_think\Application\Home\Common\function.php 第 2 行.
NOTIC: [2] include(): Failed opening 'class.phpmailer.php' for inclusion (include_path='.;C:\php\pear') D:\wamp64\www\lxd_think\Application\Home\Common\function.php 第 2 行.
NOTIC: [2] include(class.smtp.php): failed to open stream: No such file or directory D:\wamp64\www\lxd_think\Application\Home\Common\function.php 第 3 行.
NOTIC: [2] include(): Failed opening 'class.smtp.php' for inclusion (include_path='.;C:\php\pear') D:\wamp64\www\lxd_think\Application\Home\Common\function.php 第 3 行.
INFO: [ app_begin ] --START--
INFO: Run Behavior\ReadHtmlCacheBehavior [ RunTime:0.000000s ]
INFO: [ app_begin ] --END-- [ RunTime:0.001000s ]
INFO: [ view_parse ] --START--
INFO: [ template_filter ] --START--
INFO: Run Behavior\ContentReplaceBehavior [ RunTime:0.000000s ]
INFO: [ template_filter ] --END-- [ RunTime:0.000000s ]
INFO: Run Behavior\ParseTemplateBehavior [ RunTime:0.009000s ]
INFO: [ view_parse ] --END-- [ RunTime:0.009000s ]
INFO: [ view_filter ] --START--
INFO: Run Behavior\WriteHtmlCacheBehavior [ RunTime:0.000000s ]
INFO: [ view_filter ] --END-- [ RunTime:0.000000s ]
INFO: [ app_end ] --START--
INFO: Run Behavior\ShowPageTraceBehavior [ RunTime:0.000000s ]
INFO: [ app_end ] --END-- [ RunTime:0.000000s ]

[ 2018-04-14T14:21:25+08:00 ] ::1 /lxd_think/Home/index/verify.html
INFO: [ app_init ] --START--
INFO: Run Behavior\BuildLiteBehavior [ RunTime:0.000000s ]
INFO: [ app_init ] --END-- [ RunTime:0.000000s ]
NOTIC: [8] Use of undefined constant DEFAULT_MODULE - assumed 'DEFAULT_MODULE' D:\wamp64\www\lxd_think\Application\Home\Conf\config.php 第 4 行.
NOTIC: [8] Use of undefined constant Index - assumed 'Index' D:\wamp64\www\lxd_think\Application\Home\Conf\config.php 第 4 行.
NOTIC: [8] Use of undefined constant URL_MODEL - assumed 'URL_MODEL' D:\wamp64\www\lxd_think\Application\Home\Conf\config.php 第 5 行.
NOTIC: [2] include(class.phpmailer.php): failed to open stream: No such file or directory D:\wamp64\www\lxd_think\Application\Home\Common\function.php 第 2 行.
NOTIC: [2] include(): Failed opening 'class.phpmailer.php' for inclusion (include_path='.;C:\php\pear') D:\wamp64\www\lxd_think\Application\Home\Common\function.php 第 2 行.
NOTIC: [2] include(class.smtp.php): failed to open stream: No such file or directory D:\wamp64\www\lxd_think\Application\Home\Common\function.php 第 3 行.
NOTIC: [2] include(): Failed opening 'class.smtp.php' for inclusion (include_path='.;C:\php\pear') D:\wamp64\www\lxd_think\Application\Home\Common\function.php 第 3 行.
INFO: [ app_begin ] --START--
INFO: Run Behavior\ReadHtmlCacheBehavior [ RunTime:0.001000s ]
INFO: [ app_begin ] --END-- [ RunTime:0.001000s ]
INFO: [ app_end ] --START--
INFO: Run Behavior\ShowPageTraceBehavior [ RunTime:0.000000s ]
INFO: [ app_end ] --END-- [ RunTime:0.000000s ]

[ 2018-04-14T14:22:28+08:00 ] ::1 /lxd_think/Home/Index/
INFO: [ app_init ] --START--
INFO: Run Behavior\BuildLiteBehavior [ RunTime:0.000000s ]
INFO: [ app_init ] --END-- [ RunTime:0.000000s ]
NOTIC: [8] Use of undefined constant DEFAULT_MODULE - assumed 'DEFAULT_MODULE' D:\wamp64\www\lxd_think\Application\Home\Conf\config.php 第 4 行.
NOTIC: [8] Use of undefined constant Index - assumed 'Index' D:\wamp64\www\lxd_think\Application\Home\Conf\config.php 第 4 行.
NOTIC: [8] Use of undefined constant URL_MODEL - assumed 'URL_MODEL' D:\wamp64\www\lxd_think\Application\Home\Conf\config.php 第 5 行.
NOTIC: [2] include(class.phpmailer.php): failed to open stream: No such file or directory D:\wamp64\www\lxd_think\Application\Home\Common\function.php 第 2 行.
NOTIC: [2] include(): Failed opening 'class.phpmailer.php' for inclusion (include_path='.;C:\php\pear') D:\wamp64\www\lxd_think\Application\Home\Common\function.php 第 2 行.
NOTIC: [2] include(class.smtp.php): failed to open stream: No such file or directory D:\wamp64\www\lxd_think\Application\Home\Common\function.php 第 3 行.
NOTIC: [2] include(): Failed opening 'class.smtp.php' for inclusion (include_path='.;C:\php\pear') D:\wamp64\www\lxd_think\Application\Home\Common\function.php 第 3 行.
INFO: [ app_begin ] --START--
INFO: Run Behavior\ReadHtmlCacheBehavior [ RunTime:0.001000s ]
INFO: [ app_begin ] --END-- [ RunTime:0.001000s ]
INFO: [ view_parse ] --START--
INFO: [ template_filter ] --START--
INFO: Run Behavior\ContentReplaceBehavior [ RunTime:0.000000s ]
INFO: [ template_filter ] --END-- [ RunTime:0.000000s ]
INFO: Run Behavior\ParseTemplateBehavior [ RunTime:0.008000s ]
INFO: [ view_parse ] --END-- [ RunTime:0.008000s ]
INFO: [ view_filter ] --START--
INFO: Run Behavior\WriteHtmlCacheBehavior [ RunTime:0.000000s ]
INFO: [ view_filter ] --END-- [ RunTime:0.000000s ]
INFO: [ app_end ] --START--
INFO: Run Behavior\ShowPageTraceBehavior [ RunTime:0.000000s ]
INFO: [ app_end ] --END-- [ RunTime:0.000000s ]

[ 2018-04-14T14:22:29+08:00 ] ::1 /lxd_think/Home/index/verify.html
INFO: [ app_init ] --START--
INFO: Run Behavior\BuildLiteBehavior [ RunTime:0.000000s ]
INFO: [ app_init ] --END-- [ RunTime:0.001000s ]
NOTIC: [8] Use of undefined constant DEFAULT_MODULE - assumed 'DEFAULT_MODULE' D:\wamp64\www\lxd_think\Application\Home\Conf\config.php 第 4 行.
NOTIC: [8] Use of undefined constant Index - assumed 'Index' D:\wamp64\www\lxd_think\Application\Home\Conf\config.php 第 4 行.
NOTIC: [8] Use of undefined constant URL_MODEL - assumed 'URL_MODEL' D:\wamp64\www\lxd_think\Application\Home\Conf\config.php 第 5 行.
NOTIC: [2] include(class.phpmailer.php): failed to open stream: No such file or directory D:\wamp64\www\lxd_think\Application\Home\Common\function.php 第 2 行.
NOTIC: [2] include(): Failed opening 'class.phpmailer.php' for inclusion (include_path='.;C:\php\pear') D:\wamp64\www\lxd_think\Application\Home\Common\function.php 第 2 行.
NOTIC: [2] include(class.smtp.php): failed to open stream: No such file or directory D:\wamp64\www\lxd_think\Application\Home\Common\function.php 第 3 行.
NOTIC: [2] include(): Failed opening 'class.smtp.php' for inclusion (include_path='.;C:\php\pear') D:\wamp64\www\lxd_think\Application\Home\Common\function.php 第 3 行.
INFO: [ app_begin ] --START--
INFO: Run Behavior\ReadHtmlCacheBehavior [ RunTime:0.000000s ]
INFO: [ app_begin ] --END-- [ RunTime:0.001000s ]
INFO: [ app_end ] --START--
INFO: Run Behavior\ShowPageTraceBehavior [ RunTime:0.000000s ]
INFO: [ app_end ] --END-- [ RunTime:0.000000s ]

[ 2018-04-14T14:22:42+08:00 ] ::1 /lxd_think/Home/advantages/
INFO: [ app_init ] --START--
INFO: Run Behavior\BuildLiteBehavior [ RunTime:0.000000s ]
INFO: [ app_init ] --END-- [ RunTime:0.001000s ]
NOTIC: [8] Use of undefined constant DEFAULT_MODULE - assumed 'DEFAULT_MODULE' D:\wamp64\www\lxd_think\Application\Home\Conf\config.php 第 4 行.
NOTIC: [8] Use of undefined constant Index - assumed 'Index' D:\wamp64\www\lxd_think\Application\Home\Conf\config.php 第 4 行.
NOTIC: [8] Use of undefined constant URL_MODEL - assumed 'URL_MODEL' D:\wamp64\www\lxd_think\Application\Home\Conf\config.php 第 5 行.
NOTIC: [2] include(class.phpmailer.php): failed to open stream: No such file or directory D:\wamp64\www\lxd_think\Application\Home\Common\function.php 第 2 行.
NOTIC: [2] include(): Failed opening 'class.phpmailer.php' for inclusion (include_path='.;C:\php\pear') D:\wamp64\www\lxd_think\Application\Home\Common\function.php 第 2 行.
NOTIC: [2] include(class.smtp.php): failed to open stream: No such file or directory D:\wamp64\www\lxd_think\Application\Home\Common\function.php 第 3 行.
NOTIC: [2] include(): Failed opening 'class.smtp.php' for inclusion (include_path='.;C:\php\pear') D:\wamp64\www\lxd_think\Application\Home\Common\function.php 第 3 行.
INFO: [ app_begin ] --START--
INFO: Run Behavior\ReadHtmlCacheBehavior [ RunTime:0.000000s ]
INFO: [ app_begin ] --END-- [ RunTime:0.000000s ]
ERR: 无法加载控制器:Advantages

[ 2018-04-14T14:22:56+08:00 ] ::1 /lxd_think/Home/index/
INFO: [ app_init ] --START--
INFO: Run Behavior\BuildLiteBehavior [ RunTime:0.000000s ]
INFO: [ app_init ] --END-- [ RunTime:0.000000s ]
NOTIC: [8] Use of undefined constant DEFAULT_MODULE - assumed 'DEFAULT_MODULE' D:\wamp64\www\lxd_think\Application\Home\Conf\config.php 第 4 行.
NOTIC: [8] Use of undefined constant Index - assumed 'Index' D:\wamp64\www\lxd_think\Application\Home\Conf\config.php 第 4 行.
NOTIC: [8] Use of undefined constant URL_MODEL - assumed 'URL_MODEL' D:\wamp64\www\lxd_think\Application\Home\Conf\config.php 第 5 行.
NOTIC: [2] include(class.phpmailer.php): failed to open stream: No such file or directory D:\wamp64\www\lxd_think\Application\Home\Common\function.php 第 2 行.
NOTIC: [2] include(): Failed opening 'class.phpmailer.php' for inclusion (include_path='.;C:\php\pear') D:\wamp64\www\lxd_think\Application\Home\Common\function.php 第 2 行.
NOTIC: [2] include(class.smtp.php): failed to open stream: No such file or directory D:\wamp64\www\lxd_think\Application\Home\Common\function.php 第 3 行.
NOTIC: [2] include(): Failed opening 'class.smtp.php' for inclusion (include_path='.;C:\php\pear') D:\wamp64\www\lxd_think\Application\Home\Common\function.php 第 3 行.
INFO: [ app_begin ] --START--
INFO: Run Behavior\ReadHtmlCacheBehavior [ RunTime:0.000000s ]
INFO: [ app_begin ] --END-- [ RunTime:0.000000s ]
INFO: [ view_parse ] --START--
INFO: [ template_filter ] --START--
INFO: Run Behavior\ContentReplaceBehavior [ RunTime:0.000000s ]
INFO: [ template_filter ] --END-- [ RunTime:0.000000s ]
INFO: Run Behavior\ParseTemplateBehavior [ RunTime:0.008000s ]
INFO: [ view_parse ] --END-- [ RunTime:0.009000s ]
INFO: [ view_filter ] --START--
INFO: Run Behavior\WriteHtmlCacheBehavior [ RunTime:0.000000s ]
INFO: [ view_filter ] --END-- [ RunTime:0.000000s ]
INFO: [ app_end ] --START--
INFO: Run Behavior\ShowPageTraceBehavior [ RunTime:0.000000s ]
INFO: [ app_end ] --END-- [ RunTime:0.001000s ]

[ 2018-04-14T14:22:57+08:00 ] ::1 /lxd_think/Home/index/verify.html
INFO: [ app_init ] --START--
INFO: Run Behavior\BuildLiteBehavior [ RunTime:0.000000s ]
INFO: [ app_init ] --END-- [ RunTime:0.001000s ]
NOTIC: [8] Use of undefined constant DEFAULT_MODULE - assumed 'DEFAULT_MODULE' D:\wamp64\www\lxd_think\Application\Home\Conf\config.php 第 4 行.
NOTIC: [8] Use of undefined constant Index - assumed 'Index' D:\wamp64\www\lxd_think\Application\Home\Conf\config.php 第 4 行.
NOTIC: [8] Use of undefined constant URL_MODEL - assumed 'URL_MODEL' D:\wamp64\www\lxd_think\Application\Home\Conf\config.php 第 5 行.
NOTIC: [2] include(class.phpmailer.php): failed to open stream: No such file or directory D:\wamp64\www\lxd_think\Application\Home\Common\function.php 第 2 行.
NOTIC: [2] include(): Failed opening 'class.phpmailer.php' for inclusion (include_path='.;C:\php\pear') D:\wamp64\www\lxd_think\Application\Home\Common\function.php 第 2 行.
NOTIC: [2] include(class.smtp.php): failed to open stream: No such file or directory D:\wamp64\www\lxd_think\Application\Home\Common\function.php 第 3 行.
NOTIC: [2] include(): Failed opening 'class.smtp.php' for inclusion (include_path='.;C:\php\pear') D:\wamp64\www\lxd_think\Application\Home\Common\function.php 第 3 行.
INFO: [ app_begin ] --START--
INFO: Run Behavior\ReadHtmlCacheBehavior [ RunTime:0.001000s ]
INFO: [ app_begin ] --END-- [ RunTime:0.001000s ]
INFO: [ app_end ] --START--
INFO: Run Behavior\ShowPageTraceBehavior [ RunTime:0.000000s ]
INFO: [ app_end ] --END-- [ RunTime:0.000000s ]

[ 2018-04-14T14:23:06+08:00 ] ::1 /lxd_think/Home/Index/index.html
INFO: [ app_init ] --START--
INFO: Run Behavior\BuildLiteBehavior [ RunTime:0.000000s ]
INFO: [ app_init ] --END-- [ RunTime:0.000000s ]
NOTIC: [8] Use of undefined constant DEFAULT_MODULE - assumed 'DEFAULT_MODULE' D:\wamp64\www\lxd_think\Application\Home\Conf\config.php 第 4 行.
NOTIC: [8] Use of undefined constant Index - assumed 'Index' D:\wamp64\www\lxd_think\Application\Home\Conf\config.php 第 4 行.
NOTIC: [8] Use of undefined constant URL_MODEL - assumed 'URL_MODEL' D:\wamp64\www\lxd_think\Application\Home\Conf\config.php 第 5 行.
NOTIC: [2] include(class.phpmailer.php): failed to open stream: No such file or directory D:\wamp64\www\lxd_think\Application\Home\Common\function.php 第 2 行.
NOTIC: [2] include(): Failed opening 'class.phpmailer.php' for inclusion (include_path='.;C:\php\pear') D:\wamp64\www\lxd_think\Application\Home\Common\function.php 第 2 行.
NOTIC: [2] include(class.smtp.php): failed to open stream: No such file or directory D:\wamp64\www\lxd_think\Application\Home\Common\function.php 第 3 行.
NOTIC: [2] include(): Failed opening 'class.smtp.php' for inclusion (include_path='.;C:\php\pear') D:\wamp64\www\lxd_think\Application\Home\Common\function.php 第 3 行.
INFO: [ app_begin ] --START--
INFO: Run Behavior\ReadHtmlCacheBehavior [ RunTime:0.001000s ]
INFO: [ app_begin ] --END-- [ RunTime:0.001000s ]
INFO: [ view_parse ] --START--
INFO: [ template_filter ] --START--
INFO: Run Behavior\ContentReplaceBehavior [ RunTime:0.001000s ]
INFO: [ template_filter ] --END-- [ RunTime:0.001000s ]
INFO: Run Behavior\ParseTemplateBehavior [ RunTime:0.007000s ]
INFO: [ view_parse ] --END-- [ RunTime:0.007000s ]
INFO: [ view_filter ] --START--
INFO: Run Behavior\WriteHtmlCacheBehavior [ RunTime:0.000000s ]
INFO: [ view_filter ] --END-- [ RunTime:0.000000s ]
INFO: [ app_end ] --START--
INFO: Run Behavior\ShowPageTraceBehavior [ RunTime:0.000000s ]
INFO: [ app_end ] --END-- [ RunTime:0.000000s ]

[ 2018-04-14T14:23:06+08:00 ] ::1 /lxd_think/Home/index/verify.html
INFO: [ app_init ] --START--
INFO: Run Behavior\BuildLiteBehavior [ RunTime:0.000000s ]
INFO: [ app_init ] --END-- [ RunTime:0.000000s ]
NOTIC: [8] Use of undefined constant DEFAULT_MODULE - assumed 'DEFAULT_MODULE' D:\wamp64\www\lxd_think\Application\Home\Conf\config.php 第 4 行.
NOTIC: [8] Use of undefined constant Index - assumed 'Index' D:\wamp64\www\lxd_think\Application\Home\Conf\config.php 第 4 行.
NOTIC: [8] Use of undefined constant URL_MODEL - assumed 'URL_MODEL' D:\wamp64\www\lxd_think\Application\Home\Conf\config.php 第 5 行.
NOTIC: [2] include(class.phpmailer.php): failed to open stream: No such file or directory D:\wamp64\www\lxd_think\Application\Home\Common\function.php 第 2 行.
NOTIC: [2] include(): Failed opening 'class.phpmailer.php' for inclusion (include_path='.;C:\php\pear') D:\wamp64\www\lxd_think\Application\Home\Common\function.php 第 2 行.
NOTIC: [2] include(class.smtp.php): failed to open stream: No such file or directory D:\wamp64\www\lxd_think\Application\Home\Common\function.php 第 3 行.
NOTIC: [2] include(): Failed opening 'class.smtp.php' for inclusion (include_path='.;C:\php\pear') D:\wamp64\www\lxd_think\Application\Home\Common\function.php 第 3 行.
INFO: [ app_begin ] --START--
INFO: Run Behavior\ReadHtmlCacheBehavior [ RunTime:0.000000s ]
INFO: [ app_begin ] --END-- [ RunTime:0.001000s ]
INFO: [ app_end ] --START--
INFO: Run Behavior\ShowPageTraceBehavior [ RunTime:0.000000s ]
INFO: [ app_end ] --END-- [ RunTime:0.000000s ]

[ 2018-04-14T14:23:08+08:00 ] ::1 /lxd_think/Home/Index/index
INFO: [ app_init ] --START--
INFO: Run Behavior\BuildLiteBehavior [ RunTime:0.000000s ]
INFO: [ app_init ] --END-- [ RunTime:0.001000s ]
NOTIC: [8] Use of undefined constant DEFAULT_MODULE - assumed 'DEFAULT_MODULE' D:\wamp64\www\lxd_think\Application\Home\Conf\config.php 第 4 行.
NOTIC: [8] Use of undefined constant Index - assumed 'Index' D:\wamp64\www\lxd_think\Application\Home\Conf\config.php 第 4 行.
NOTIC: [8] Use of undefined constant URL_MODEL - assumed 'URL_MODEL' D:\wamp64\www\lxd_think\Application\Home\Conf\config.php 第 5 行.
NOTIC: [2] include(class.phpmailer.php): failed to open stream: No such file or directory D:\wamp64\www\lxd_think\Application\Home\Common\function.php 第 2 行.
NOTIC: [2] include(): Failed opening 'class.phpmailer.php' for inclusion (include_path='.;C:\php\pear') D:\wamp64\www\lxd_think\Application\Home\Common\function.php 第 2 行.
NOTIC: [2] include(class.smtp.php): failed to open stream: No such file or directory D:\wamp64\www\lxd_think\Application\Home\Common\function.php 第 3 行.
NOTIC: [2] include(): Failed opening 'class.smtp.php' for inclusion (include_path='.;C:\php\pear') D:\wamp64\www\lxd_think\Application\Home\Common\function.php 第 3 行.
INFO: [ app_begin ] --START--
INFO: Run Behavior\ReadHtmlCacheBehavior [ RunTime:0.001000s ]
INFO: [ app_begin ] --END-- [ RunTime:0.001000s ]
INFO: [ view_parse ] --START--
INFO: [ template_filter ] --START--
INFO: Run Behavior\ContentReplaceBehavior [ RunTime:0.001000s ]
INFO: [ template_filter ] --END-- [ RunTime:0.001000s ]
INFO: Run Behavior\ParseTemplateBehavior [ RunTime:0.007000s ]
INFO: [ view_parse ] --END-- [ RunTime:0.007000s ]
INFO: [ view_filter ] --START--
INFO: Run Behavior\WriteHtmlCacheBehavior [ RunTime:0.000000s ]
INFO: [ view_filter ] --END-- [ RunTime:0.000000s ]
INFO: [ app_end ] --START--
INFO: Run Behavior\ShowPageTraceBehavior [ RunTime:0.000000s ]
INFO: [ app_end ] --END-- [ RunTime:0.001000s ]

[ 2018-04-14T14:23:08+08:00 ] ::1 /lxd_think/Home/index/verify.html
INFO: [ app_init ] --START--
INFO: Run Behavior\BuildLiteBehavior [ RunTime:0.000000s ]
INFO: [ app_init ] --END-- [ RunTime:0.001000s ]
NOTIC: [8] Use of undefined constant DEFAULT_MODULE - assumed 'DEFAULT_MODULE' D:\wamp64\www\lxd_think\Application\Home\Conf\config.php 第 4 行.
NOTIC: [8] Use of undefined constant Index - assumed 'Index' D:\wamp64\www\lxd_think\Application\Home\Conf\config.php 第 4 行.
NOTIC: [8] Use of undefined constant URL_MODEL - assumed 'URL_MODEL' D:\wamp64\www\lxd_think\Application\Home\Conf\config.php 第 5 行.
NOTIC: [2] include(class.phpmailer.php): failed to open stream: No such file or directory D:\wamp64\www\lxd_think\Application\Home\Common\function.php 第 2 行.
NOTIC: [2] include(): Failed opening 'class.phpmailer.php' for inclusion (include_path='.;C:\php\pear') D:\wamp64\www\lxd_think\Application\Home\Common\function.php 第 2 行.
NOTIC: [2] include(class.smtp.php): failed to open stream: No such file or directory D:\wamp64\www\lxd_think\Application\Home\Common\function.php 第 3 行.
NOTIC: [2] include(): Failed opening 'class.smtp.php' for inclusion (include_path='.;C:\php\pear') D:\wamp64\www\lxd_think\Application\Home\Common\function.php 第 3 行.
INFO: [ app_begin ] --START--
INFO: Run Behavior\ReadHtmlCacheBehavior [ RunTime:0.001000s ]
INFO: [ app_begin ] --END-- [ RunTime:0.001000s ]
INFO: [ app_end ] --START--
INFO: Run Behavior\ShowPageTraceBehavior [ RunTime:0.000000s ]
INFO: [ app_end ] --END-- [ RunTime:0.001000s ]

[ 2018-04-14T14:23:15+08:00 ] ::1 /lxd_think/Home/Index/advantages.html
INFO: [ app_init ] --START--
INFO: Run Behavior\BuildLiteBehavior [ RunTime:0.000000s ]
INFO: [ app_init ] --END-- [ RunTime:0.000000s ]
NOTIC: [8] Use of undefined constant DEFAULT_MODULE - assumed 'DEFAULT_MODULE' D:\wamp64\www\lxd_think\Application\Home\Conf\config.php 第 4 行.
NOTIC: [8] Use of undefined constant Index - assumed 'Index' D:\wamp64\www\lxd_think\Application\Home\Conf\config.php 第 4 行.
NOTIC: [8] Use of undefined constant URL_MODEL - assumed 'URL_MODEL' D:\wamp64\www\lxd_think\Application\Home\Conf\config.php 第 5 行.
NOTIC: [2] include(class.phpmailer.php): failed to open stream: No such file or directory D:\wamp64\www\lxd_think\Application\Home\Common\function.php 第 2 行.
NOTIC: [2] include(): Failed opening 'class.phpmailer.php' for inclusion (include_path='.;C:\php\pear') D:\wamp64\www\lxd_think\Application\Home\Common\function.php 第 2 行.
NOTIC: [2] include(class.smtp.php): failed to open stream: No such file or directory D:\wamp64\www\lxd_think\Application\Home\Common\function.php 第 3 行.
NOTIC: [2] include(): Failed opening 'class.smtp.php' for inclusion (include_path='.;C:\php\pear') D:\wamp64\www\lxd_think\Application\Home\Common\function.php 第 3 行.
INFO: [ app_begin ] --START--
INFO: Run Behavior\ReadHtmlCacheBehavior [ RunTime:0.001000s ]
INFO: [ app_begin ] --END-- [ RunTime:0.001000s ]
INFO: [ view_parse ] --START--
INFO: [ template_filter ] --START--
INFO: Run Behavior\ContentReplaceBehavior [ RunTime:0.000000s ]
INFO: [ template_filter ] --END-- [ RunTime:0.000000s ]
INFO: Run Behavior\ParseTemplateBehavior [ RunTime:0.040000s ]
INFO: [ view_parse ] --END-- [ RunTime:0.041000s ]
INFO: [ view_filter ] --START--
INFO: Run Behavior\WriteHtmlCacheBehavior [ RunTime:0.000000s ]
INFO: [ view_filter ] --END-- [ RunTime:0.000000s ]
INFO: [ app_end ] --START--
INFO: Run Behavior\ShowPageTraceBehavior [ RunTime:0.001000s ]
INFO: [ app_end ] --END-- [ RunTime:0.001000s ]

[ 2018-04-14T14:23:18+08:00 ] ::1 /lxd_think/Home/Index/advantages
INFO: [ app_init ] --START--
INFO: Run Behavior\BuildLiteBehavior [ RunTime:0.000000s ]
INFO: [ app_init ] --END-- [ RunTime:0.001000s ]
NOTIC: [8] Use of undefined constant DEFAULT_MODULE - assumed 'DEFAULT_MODULE' D:\wamp64\www\lxd_think\Application\Home\Conf\config.php 第 4 行.
NOTIC: [8] Use of undefined constant Index - assumed 'Index' D:\wamp64\www\lxd_think\Application\Home\Conf\config.php 第 4 行.
NOTIC: [8] Use of undefined constant URL_MODEL - assumed 'URL_MODEL' D:\wamp64\www\lxd_think\Application\Home\Conf\config.php 第 5 行.
NOTIC: [2] include(class.phpmailer.php): failed to open stream: No such file or directory D:\wamp64\www\lxd_think\Application\Home\Common\function.php 第 2 行.
NOTIC: [2] include(): Failed opening 'class.phpmailer.php' for inclusion (include_path='.;C:\php\pear') D:\wamp64\www\lxd_think\Application\Home\Common\function.php 第 2 行.
NOTIC: [2] include(class.smtp.php): failed to open stream: No such file or directory D:\wamp64\www\lxd_think\Application\Home\Common\function.php 第 3 行.
NOTIC: [2] include(): Failed opening 'class.smtp.php' for inclusion (include_path='.;C:\php\pear') D:\wamp64\www\lxd_think\Application\Home\Common\function.php 第 3 行.
INFO: [ app_begin ] --START--
INFO: Run Behavior\ReadHtmlCacheBehavior [ RunTime:0.001000s ]
INFO: [ app_begin ] --END-- [ RunTime:0.001000s ]
INFO: [ view_parse ] --START--
INFO: [ template_filter ] --START--
INFO: Run Behavior\ContentReplaceBehavior [ RunTime:0.000000s ]
INFO: [ template_filter ] --END-- [ RunTime:0.000000s ]
INFO: Run Behavior\ParseTemplateBehavior [ RunTime:0.007000s ]
INFO: [ view_parse ] --END-- [ RunTime:0.007000s ]
INFO: [ view_filter ] --START--
INFO: Run Behavior\WriteHtmlCacheBehavior [ RunTime:0.001000s ]
INFO: [ view_filter ] --END-- [ RunTime:0.001000s ]
INFO: [ app_end ] --START--
INFO: Run Behavior\ShowPageTraceBehavior [ RunTime:0.001000s ]
INFO: [ app_end ] --END-- [ RunTime:0.001000s ]

[ 2018-04-14T14:23:58+08:00 ] ::1 /lxd_think/Home/Index/contact.html
INFO: [ app_init ] --START--
INFO: Run Behavior\BuildLiteBehavior [ RunTime:0.000000s ]
INFO: [ app_init ] --END-- [ RunTime:0.001000s ]
NOTIC: [8] Use of undefined constant DEFAULT_MODULE - assumed 'DEFAULT_MODULE' D:\wamp64\www\lxd_think\Application\Home\Conf\config.php 第 4 行.
NOTIC: [8] Use of undefined constant Index - assumed 'Index' D:\wamp64\www\lxd_think\Application\Home\Conf\config.php 第 4 行.
NOTIC: [8] Use of undefined constant URL_MODEL - assumed 'URL_MODEL' D:\wamp64\www\lxd_think\Application\Home\Conf\config.php 第 5 行.
NOTIC: [2] include(class.phpmailer.php): failed to open stream: No such file or directory D:\wamp64\www\lxd_think\Application\Home\Common\function.php 第 2 行.
NOTIC: [2] include(): Failed opening 'class.phpmailer.php' for inclusion (include_path='.;C:\php\pear') D:\wamp64\www\lxd_think\Application\Home\Common\function.php 第 2 行.
NOTIC: [2] include(class.smtp.php): failed to open stream: No such file or directory D:\wamp64\www\lxd_think\Application\Home\Common\function.php 第 3 行.
NOTIC: [2] include(): Failed opening 'class.smtp.php' for inclusion (include_path='.;C:\php\pear') D:\wamp64\www\lxd_think\Application\Home\Common\function.php 第 3 行.
INFO: [ app_begin ] --START--
INFO: Run Behavior\ReadHtmlCacheBehavior [ RunTime:0.001000s ]
INFO: [ app_begin ] --END-- [ RunTime:0.001000s ]
INFO: [ view_parse ] --START--
INFO: [ template_filter ] --START--
INFO: Run Behavior\ContentReplaceBehavior [ RunTime:0.000000s ]
INFO: [ template_filter ] --END-- [ RunTime:0.000000s ]
INFO: Run Behavior\ParseTemplateBehavior [ RunTime:0.029000s ]
INFO: [ view_parse ] --END-- [ RunTime:0.029000s ]
INFO: [ view_filter ] --START--
INFO: Run Behavior\WriteHtmlCacheBehavior [ RunTime:0.000000s ]
INFO: [ view_filter ] --END-- [ RunTime:0.000000s ]
INFO: [ app_end ] --START--
INFO: Run Behavior\ShowPageTraceBehavior [ RunTime:0.001000s ]
INFO: [ app_end ] --END-- [ RunTime:0.001000s ]

[ 2018-04-14T14:23:58+08:00 ] ::1 /lxd_think/Home/index/verify.html
INFO: [ app_init ] --START--
INFO: Run Behavior\BuildLiteBehavior [ RunTime:0.000000s ]
INFO: [ app_init ] --END-- [ RunTime:0.000000s ]
NOTIC: [8] Use of undefined constant DEFAULT_MODULE - assumed 'DEFAULT_MODULE' D:\wamp64\www\lxd_think\Application\Home\Conf\config.php 第 4 行.
NOTIC: [8] Use of undefined constant Index - assumed 'Index' D:\wamp64\www\lxd_think\Application\Home\Conf\config.php 第 4 行.
NOTIC: [8] Use of undefined constant URL_MODEL - assumed 'URL_MODEL' D:\wamp64\www\lxd_think\Application\Home\Conf\config.php 第 5 行.
NOTIC: [2] include(class.phpmailer.php): failed to open stream: No such file or directory D:\wamp64\www\lxd_think\Application\Home\Common\function.php 第 2 行.
NOTIC: [2] include(): Failed opening 'class.phpmailer.php' for inclusion (include_path='.;C:\php\pear') D:\wamp64\www\lxd_think\Application\Home\Common\function.php 第 2 行.
NOTIC: [2] include(class.smtp.php): failed to open stream: No such file or directory D:\wamp64\www\lxd_think\Application\Home\Common\function.php 第 3 行.
NOTIC: [2] include(): Failed opening 'class.smtp.php' for inclusion (include_path='.;C:\php\pear') D:\wamp64\www\lxd_think\Application\Home\Common\function.php 第 3 行.
INFO: [ app_begin ] --START--
INFO: Run Behavior\ReadHtmlCacheBehavior [ RunTime:0.000000s ]
INFO: [ app_begin ] --END-- [ RunTime:0.000000s ]
INFO: [ app_end ] --START--
INFO: Run Behavior\ShowPageTraceBehavior [ RunTime:0.001000s ]
INFO: [ app_end ] --END-- [ RunTime:0.001000s ]

