[ 2018-04-05T00:59:18+08:00 ] 13.93.180.98 /manager/html
INFO: [ app_init ] --START--
INFO: Run Behavior\BuildLiteBehavior [ RunTime:0.000018s ]
INFO: [ app_init ] --END-- [ RunTime:0.000433s ]
ERR: 无法加载模块:Manager

[ 2018-04-05T10:53:52+08:00 ] 185.174.100.148 http://www.msftncsi.com/ncsi.txt
INFO: [ app_init ] --START--
INFO: Run Behavior\BuildLiteBehavior [ RunTime:0.000018s ]
INFO: [ app_init ] --END-- [ RunTime:0.000384s ]
ERR: 无法加载模块:Ncsi

[ 2018-04-05T10:53:52+08:00 ] 185.174.100.148 /HNAP1/
INFO: [ app_init ] --START--
INFO: Run Behavior\BuildLiteBehavior [ RunTime:0.000017s ]
INFO: [ app_init ] --END-- [ RunTime:0.000332s ]
ERR: 无法加载模块:HNAP1

[ 2018-04-05T10:53:52+08:00 ] 185.174.100.148 /hudson/script
INFO: [ app_init ] --START--
INFO: Run Behavior\BuildLiteBehavior [ RunTime:0.000020s ]
INFO: [ app_init ] --END-- [ RunTime:0.000496s ]
ERR: 无法加载模块:Hudson

[ 2018-04-05T10:53:52+08:00 ] 185.174.100.148 /script
INFO: [ app_init ] --START--
INFO: Run Behavior\BuildLiteBehavior [ RunTime:0.000020s ]
INFO: [ app_init ] --END-- [ RunTime:0.000368s ]
ERR: 无法加载模块:Script

[ 2018-04-05T10:53:52+08:00 ] 185.174.100.148 /sqlite/main.php
INFO: [ app_init ] --START--
INFO: Run Behavior\BuildLiteBehavior [ RunTime:0.000019s ]
INFO: [ app_init ] --END-- [ RunTime:0.000390s ]
ERR: 无法加载模块:Sqlite

[ 2018-04-05T10:53:52+08:00 ] 185.174.100.148 /sqlitemanager/main.php
INFO: [ app_init ] --START--
INFO: Run Behavior\BuildLiteBehavior [ RunTime:0.000019s ]
INFO: [ app_init ] --END-- [ RunTime:0.000355s ]
ERR: 无法加载模块:Sqlitemanager

[ 2018-04-05T10:53:53+08:00 ] 185.174.100.148 /SQLiteManager/main.php
INFO: [ app_init ] --START--
INFO: Run Behavior\BuildLiteBehavior [ RunTime:0.000018s ]
INFO: [ app_init ] --END-- [ RunTime:0.000316s ]
ERR: 无法加载模块:SQLiteManager

[ 2018-04-05T10:53:53+08:00 ] 185.174.100.148 /SQLite/main.php
INFO: [ app_init ] --START--
INFO: Run Behavior\BuildLiteBehavior [ RunTime:0.000019s ]
INFO: [ app_init ] --END-- [ RunTime:0.000317s ]
ERR: 无法加载模块:SQLite

[ 2018-04-05T10:53:53+08:00 ] 185.174.100.148 /SQlite/main.php
INFO: [ app_init ] --START--
INFO: Run Behavior\BuildLiteBehavior [ RunTime:0.000027s ]
INFO: [ app_init ] --END-- [ RunTime:0.000447s ]
ERR: 无法加载模块:SQlite

[ 2018-04-05T10:53:53+08:00 ] 185.174.100.148 /main.php
INFO: [ app_init ] --START--
INFO: Run Behavior\BuildLiteBehavior [ RunTime:0.000019s ]
INFO: [ app_init ] --END-- [ RunTime:0.000342s ]
ERR: 无法加载模块:Main

[ 2018-04-05T10:53:53+08:00 ] 185.174.100.148 /test/sqlite/SQLiteManager-1.2.0/SQLiteManager-1.2.0/main.php
INFO: [ app_init ] --START--
INFO: Run Behavior\BuildLiteBehavior [ RunTime:0.000021s ]
INFO: [ app_init ] --END-- [ RunTime:0.000378s ]
ERR: 无法加载模块:Test

[ 2018-04-05T10:53:53+08:00 ] 185.174.100.148 /SQLiteManager-1.2.4/main.php
INFO: [ app_init ] --START--
INFO: Run Behavior\BuildLiteBehavior [ RunTime:0.000019s ]
INFO: [ app_init ] --END-- [ RunTime:0.000300s ]
ERR: 无法加载模块:SQLiteManager-1.2.4

[ 2018-04-05T10:53:53+08:00 ] 185.174.100.148 /agSearch/SQlite/main.php
INFO: [ app_init ] --START--
INFO: Run Behavior\BuildLiteBehavior [ RunTime:0.000019s ]
INFO: [ app_init ] --END-- [ RunTime:0.000346s ]
ERR: 无法加载模块:AgSearch

[ 2018-04-05T10:53:53+08:00 ] 185.174.100.148 /phpmyadmin/
INFO: [ app_init ] --START--
INFO: Run Behavior\BuildLiteBehavior [ RunTime:0.000018s ]
INFO: [ app_init ] --END-- [ RunTime:0.000316s ]
ERR: 无法加载模块:Phpmyadmin

[ 2018-04-05T10:53:53+08:00 ] 185.174.100.148 /phpMyAdmin/
INFO: [ app_init ] --START--
INFO: Run Behavior\BuildLiteBehavior [ RunTime:0.000018s ]
INFO: [ app_init ] --END-- [ RunTime:0.000310s ]
ERR: 无法加载模块:PhpMyAdmin

[ 2018-04-05T10:53:53+08:00 ] 185.174.100.148 /PMA/
INFO: [ app_init ] --START--
INFO: Run Behavior\BuildLiteBehavior [ RunTime:0.000027s ]
INFO: [ app_init ] --END-- [ RunTime:0.000405s ]
ERR: 无法加载模块:PMA

[ 2018-04-05T10:53:53+08:00 ] 185.174.100.148 /pma/
INFO: [ app_init ] --START--
INFO: Run Behavior\BuildLiteBehavior [ RunTime:0.000028s ]
INFO: [ app_init ] --END-- [ RunTime:0.000392s ]
ERR: 无法加载模块:Pma

[ 2018-04-05T10:53:53+08:00 ] 185.174.100.148 /admin/
INFO: [ app_init ] --START--
INFO: Run Behavior\BuildLiteBehavior [ RunTime:0.000024s ]
INFO: [ app_init ] --END-- [ RunTime:0.000481s ]
ERR: 无法加载模块:Admin

[ 2018-04-05T10:53:53+08:00 ] 185.174.100.148 /dbadmin/
INFO: [ app_init ] --START--
INFO: Run Behavior\BuildLiteBehavior [ RunTime:0.000018s ]
INFO: [ app_init ] --END-- [ RunTime:0.000358s ]
ERR: 无法加载模块:Dbadmin

[ 2018-04-05T10:53:53+08:00 ] 185.174.100.148 /mysql/
INFO: [ app_init ] --START--
INFO: Run Behavior\BuildLiteBehavior [ RunTime:0.000018s ]
INFO: [ app_init ] --END-- [ RunTime:0.000369s ]
ERR: 无法加载模块:Mysql

[ 2018-04-05T10:53:53+08:00 ] 185.174.100.148 /myadmin/
INFO: [ app_init ] --START--
INFO: Run Behavior\BuildLiteBehavior [ RunTime:0.000017s ]
INFO: [ app_init ] --END-- [ RunTime:0.000321s ]
ERR: 无法加载模块:Myadmin

[ 2018-04-05T10:53:53+08:00 ] 185.174.100.148 /phpmyadmin2/
INFO: [ app_init ] --START--
INFO: Run Behavior\BuildLiteBehavior [ RunTime:0.000018s ]
INFO: [ app_init ] --END-- [ RunTime:0.000326s ]
ERR: 无法加载模块:Phpmyadmin2

[ 2018-04-05T10:53:53+08:00 ] 185.174.100.148 /phpMyAdmin2/
INFO: [ app_init ] --START--
INFO: Run Behavior\BuildLiteBehavior [ RunTime:0.000017s ]
INFO: [ app_init ] --END-- [ RunTime:0.000298s ]
ERR: 无法加载模块:PhpMyAdmin2

[ 2018-04-05T10:53:53+08:00 ] 185.174.100.148 /phpMyAdmin-2/
INFO: [ app_init ] --START--
INFO: Run Behavior\BuildLiteBehavior [ RunTime:0.000018s ]
INFO: [ app_init ] --END-- [ RunTime:0.000337s ]
ERR: 无法加载模块:PhpMyAdmin-2

[ 2018-04-05T10:53:53+08:00 ] 185.174.100.148 /php-my-admin/
INFO: [ app_init ] --START--
INFO: Run Behavior\BuildLiteBehavior [ RunTime:0.000020s ]
INFO: [ app_init ] --END-- [ RunTime:0.000474s ]
ERR: 无法加载模块:Php-my-admin

[ 2018-04-05T10:53:53+08:00 ] 185.174.100.148 /phpMyAdmin-2.2.3/
INFO: [ app_init ] --START--
INFO: Run Behavior\BuildLiteBehavior [ RunTime:0.000020s ]
INFO: [ app_init ] --END-- [ RunTime:0.000384s ]
ERR: 无法加载模块:PhpMyAdmin-2.2

[ 2018-04-05T10:53:53+08:00 ] 185.174.100.148 /phpMyAdmin-2.2.6/
INFO: [ app_init ] --START--
INFO: Run Behavior\BuildLiteBehavior [ RunTime:0.000019s ]
INFO: [ app_init ] --END-- [ RunTime:0.000342s ]
ERR: 无法加载模块:PhpMyAdmin-2.2

[ 2018-04-05T10:53:53+08:00 ] 185.174.100.148 /phpMyAdmin-2.5.1/
INFO: [ app_init ] --START--
INFO: Run Behavior\BuildLiteBehavior [ RunTime:0.000026s ]
INFO: [ app_init ] --END-- [ RunTime:0.000451s ]
ERR: 无法加载模块:PhpMyAdmin-2.5

[ 2018-04-05T10:53:54+08:00 ] 185.174.100.148 /phpMyAdmin-2.5.4/
INFO: [ app_init ] --START--
INFO: Run Behavior\BuildLiteBehavior [ RunTime:0.000026s ]
INFO: [ app_init ] --END-- [ RunTime:0.000331s ]
ERR: 无法加载模块:PhpMyAdmin-2.5

[ 2018-04-05T10:53:54+08:00 ] 185.174.100.148 /phpMyAdmin-2.5.5-rc1/
INFO: [ app_init ] --START--
INFO: Run Behavior\BuildLiteBehavior [ RunTime:0.000029s ]
INFO: [ app_init ] --END-- [ RunTime:0.000521s ]
ERR: 无法加载模块:PhpMyAdmin-2.5

[ 2018-04-05T10:53:54+08:00 ] 185.174.100.148 /phpMyAdmin-2.5.5-rc2/
INFO: [ app_init ] --START--
INFO: Run Behavior\BuildLiteBehavior [ RunTime:0.000022s ]
INFO: [ app_init ] --END-- [ RunTime:0.000404s ]
ERR: 无法加载模块:PhpMyAdmin-2.5

[ 2018-04-05T10:53:54+08:00 ] 185.174.100.148 /phpMyAdmin-2.5.5/
INFO: [ app_init ] --START--
INFO: Run Behavior\BuildLiteBehavior [ RunTime:0.000018s ]
INFO: [ app_init ] --END-- [ RunTime:0.000409s ]
ERR: 无法加载模块:PhpMyAdmin-2.5

[ 2018-04-05T10:53:54+08:00 ] 185.174.100.148 /phpMyAdmin-2.5.5-pl1/
INFO: [ app_init ] --START--
INFO: Run Behavior\BuildLiteBehavior [ RunTime:0.000028s ]
INFO: [ app_init ] --END-- [ RunTime:0.000529s ]
ERR: 无法加载模块:PhpMyAdmin-2.5

[ 2018-04-05T10:53:54+08:00 ] 185.174.100.148 /phpMyAdmin-2.5.6-rc1/
INFO: [ app_init ] --START--
INFO: Run Behavior\BuildLiteBehavior [ RunTime:0.000028s ]
INFO: [ app_init ] --END-- [ RunTime:0.000559s ]
ERR: 无法加载模块:PhpMyAdmin-2.5

[ 2018-04-05T10:53:54+08:00 ] 185.174.100.148 /phpMyAdmin-2.5.6-rc2/
INFO: [ app_init ] --START--
INFO: Run Behavior\BuildLiteBehavior [ RunTime:0.000018s ]
INFO: [ app_init ] --END-- [ RunTime:0.000344s ]
ERR: 无法加载模块:PhpMyAdmin-2.5

[ 2018-04-05T10:53:54+08:00 ] 185.174.100.148 /phpMyAdmin-2.5.6/
INFO: [ app_init ] --START--
INFO: Run Behavior\BuildLiteBehavior [ RunTime:0.000020s ]
INFO: [ app_init ] --END-- [ RunTime:0.000471s ]
ERR: 无法加载模块:PhpMyAdmin-2.5

[ 2018-04-05T10:53:54+08:00 ] 185.174.100.148 /phpMyAdmin-2.5.7/
INFO: [ app_init ] --START--
INFO: Run Behavior\BuildLiteBehavior [ RunTime:0.000018s ]
INFO: [ app_init ] --END-- [ RunTime:0.000337s ]
ERR: 无法加载模块:PhpMyAdmin-2.5

[ 2018-04-05T10:53:54+08:00 ] 185.174.100.148 /phpMyAdmin-2.5.7-pl1/
INFO: [ app_init ] --START--
INFO: Run Behavior\BuildLiteBehavior [ RunTime:0.000019s ]
INFO: [ app_init ] --END-- [ RunTime:0.000368s ]
ERR: 无法加载模块:PhpMyAdmin-2.5

[ 2018-04-05T10:53:54+08:00 ] 185.174.100.148 /phpMyAdmin-2.6.0-alpha/
INFO: [ app_init ] --START--
INFO: Run Behavior\BuildLiteBehavior [ RunTime:0.000029s ]
INFO: [ app_init ] --END-- [ RunTime:0.000552s ]
ERR: 无法加载模块:PhpMyAdmin-2.6

[ 2018-04-05T10:53:54+08:00 ] 185.174.100.148 /phpMyAdmin-2.6.0-alpha2/
INFO: [ app_init ] --START--
INFO: Run Behavior\BuildLiteBehavior [ RunTime:0.000028s ]
INFO: [ app_init ] --END-- [ RunTime:0.000895s ]
ERR: 无法加载模块:PhpMyAdmin-2.6

[ 2018-04-05T10:53:54+08:00 ] 185.174.100.148 /phpMyAdmin-2.6.0-beta1/
INFO: [ app_init ] --START--
INFO: Run Behavior\BuildLiteBehavior [ RunTime:0.000030s ]
INFO: [ app_init ] --END-- [ RunTime:0.000548s ]
ERR: 无法加载模块:PhpMyAdmin-2.6

[ 2018-04-05T10:53:54+08:00 ] 185.174.100.148 /phpMyAdmin-2.6.0-beta2/
INFO: [ app_init ] --START--
INFO: Run Behavior\BuildLiteBehavior [ RunTime:0.000038s ]
INFO: [ app_init ] --END-- [ RunTime:0.000452s ]
ERR: 无法加载模块:PhpMyAdmin-2.6

[ 2018-04-05T10:53:54+08:00 ] 185.174.100.148 /phpMyAdmin-2.6.0-rc1/
INFO: [ app_init ] --START--
INFO: Run Behavior\BuildLiteBehavior [ RunTime:0.000030s ]
INFO: [ app_init ] --END-- [ RunTime:0.000514s ]
ERR: 无法加载模块:PhpMyAdmin-2.6

[ 2018-04-05T10:53:54+08:00 ] 185.174.100.148 /phpMyAdmin-2.6.0-rc2/
INFO: [ app_init ] --START--
INFO: Run Behavior\BuildLiteBehavior [ RunTime:0.000029s ]
INFO: [ app_init ] --END-- [ RunTime:0.000403s ]
ERR: 无法加载模块:PhpMyAdmin-2.6

[ 2018-04-05T10:53:54+08:00 ] 185.174.100.148 /phpMyAdmin-2.6.0-rc3/
INFO: [ app_init ] --START--
INFO: Run Behavior\BuildLiteBehavior [ RunTime:0.000018s ]
INFO: [ app_init ] --END-- [ RunTime:0.000365s ]
ERR: 无法加载模块:PhpMyAdmin-2.6

[ 2018-04-05T10:53:54+08:00 ] 185.174.100.148 /phpMyAdmin-2.6.0/
INFO: [ app_init ] --START--
INFO: Run Behavior\BuildLiteBehavior [ RunTime:0.000041s ]
INFO: [ app_init ] --END-- [ RunTime:0.000355s ]
ERR: 无法加载模块:PhpMyAdmin-2.6

[ 2018-04-05T10:53:54+08:00 ] 185.174.100.148 /phpMyAdmin-2.6.0-pl1/
INFO: [ app_init ] --START--
INFO: Run Behavior\BuildLiteBehavior [ RunTime:0.000029s ]
INFO: [ app_init ] --END-- [ RunTime:0.000416s ]
ERR: 无法加载模块:PhpMyAdmin-2.6

[ 2018-04-05T10:53:54+08:00 ] 185.174.100.148 /phpMyAdmin-2.6.0-pl2/
INFO: [ app_init ] --START--
INFO: Run Behavior\BuildLiteBehavior [ RunTime:0.000030s ]
INFO: [ app_init ] --END-- [ RunTime:0.000548s ]
ERR: 无法加载模块:PhpMyAdmin-2.6

[ 2018-04-05T10:53:54+08:00 ] 185.174.100.148 /phpMyAdmin-2.6.0-pl3/
INFO: [ app_init ] --START--
INFO: Run Behavior\BuildLiteBehavior [ RunTime:0.000029s ]
INFO: [ app_init ] --END-- [ RunTime:0.000530s ]
ERR: 无法加载模块:PhpMyAdmin-2.6

[ 2018-04-05T10:53:54+08:00 ] 185.174.100.148 /phpMyAdmin-2.6.1-rc1/
INFO: [ app_init ] --START--
INFO: Run Behavior\BuildLiteBehavior [ RunTime:0.000027s ]
INFO: [ app_init ] --END-- [ RunTime:0.000482s ]
ERR: 无法加载模块:PhpMyAdmin-2.6

[ 2018-04-05T10:53:54+08:00 ] 185.174.100.148 /phpMyAdmin-2.6.1-rc2/
INFO: [ app_init ] --START--
INFO: Run Behavior\BuildLiteBehavior [ RunTime:0.000026s ]
INFO: [ app_init ] --END-- [ RunTime:0.000510s ]
ERR: 无法加载模块:PhpMyAdmin-2.6

[ 2018-04-05T10:53:54+08:00 ] 185.174.100.148 /phpMyAdmin-2.6.1/
INFO: [ app_init ] --START--
INFO: Run Behavior\BuildLiteBehavior [ RunTime:0.000026s ]
INFO: [ app_init ] --END-- [ RunTime:0.000474s ]
ERR: 无法加载模块:PhpMyAdmin-2.6

[ 2018-04-05T10:53:54+08:00 ] 185.174.100.148 /phpMyAdmin-2.6.1-pl1/
INFO: [ app_init ] --START--
INFO: Run Behavior\BuildLiteBehavior [ RunTime:0.000044s ]
INFO: [ app_init ] --END-- [ RunTime:0.004160s ]
ERR: 无法加载模块:PhpMyAdmin-2.6

[ 2018-04-05T10:53:54+08:00 ] 185.174.100.148 /phpMyAdmin-2.6.1-pl2/
INFO: [ app_init ] --START--
INFO: Run Behavior\BuildLiteBehavior [ RunTime:0.000056s ]
INFO: [ app_init ] --END-- [ RunTime:0.000585s ]
ERR: 无法加载模块:PhpMyAdmin-2.6

[ 2018-04-05T10:53:54+08:00 ] 185.174.100.148 /phpMyAdmin-2.6.1-pl3/
INFO: [ app_init ] --START--
INFO: Run Behavior\BuildLiteBehavior [ RunTime:0.000018s ]
INFO: [ app_init ] --END-- [ RunTime:0.000305s ]
ERR: 无法加载模块:PhpMyAdmin-2.6

[ 2018-04-05T10:53:54+08:00 ] 185.174.100.148 /phpMyAdmin-2.6.2-rc1/
INFO: [ app_init ] --START--
INFO: Run Behavior\BuildLiteBehavior [ RunTime:0.000026s ]
INFO: [ app_init ] --END-- [ RunTime:0.000612s ]
ERR: 无法加载模块:PhpMyAdmin-2.6

[ 2018-04-05T10:53:54+08:00 ] 185.174.100.148 /phpMyAdmin-2.6.2-beta1/
INFO: [ app_init ] --START--
INFO: Run Behavior\BuildLiteBehavior [ RunTime:0.000018s ]
INFO: [ app_init ] --END-- [ RunTime:0.000376s ]
ERR: 无法加载模块:PhpMyAdmin-2.6

[ 2018-04-05T10:53:54+08:00 ] 185.174.100.148 /phpMyAdmin-2.6.2-rc1/
INFO: [ app_init ] --START--
INFO: Run Behavior\BuildLiteBehavior [ RunTime:0.000019s ]
INFO: [ app_init ] --END-- [ RunTime:0.000370s ]
ERR: 无法加载模块:PhpMyAdmin-2.6

[ 2018-04-05T10:53:54+08:00 ] 185.174.100.148 /phpMyAdmin-2.6.2/
INFO: [ app_init ] --START--
INFO: Run Behavior\BuildLiteBehavior [ RunTime:0.000019s ]
INFO: [ app_init ] --END-- [ RunTime:0.000310s ]
ERR: 无法加载模块:PhpMyAdmin-2.6

[ 2018-04-05T10:53:54+08:00 ] 185.174.100.148 /phpMyAdmin-2.6.2-pl1/
INFO: [ app_init ] --START--
INFO: Run Behavior\BuildLiteBehavior [ RunTime:0.000020s ]
INFO: [ app_init ] --END-- [ RunTime:0.000698s ]
ERR: 无法加载模块:PhpMyAdmin-2.6

[ 2018-04-05T10:53:54+08:00 ] 185.174.100.148 /phpMyAdmin-2.6.3/
INFO: [ app_init ] --START--
INFO: Run Behavior\BuildLiteBehavior [ RunTime:0.000025s ]
INFO: [ app_init ] --END-- [ RunTime:0.000430s ]
ERR: 无法加载模块:PhpMyAdmin-2.6

[ 2018-04-05T10:53:55+08:00 ] 185.174.100.148 /phpMyAdmin-2.6.3-rc1/
INFO: [ app_init ] --START--
INFO: Run Behavior\BuildLiteBehavior [ RunTime:0.000019s ]
INFO: [ app_init ] --END-- [ RunTime:0.000347s ]
ERR: 无法加载模块:PhpMyAdmin-2.6

[ 2018-04-05T10:53:55+08:00 ] 185.174.100.148 /phpMyAdmin-2.6.3/
INFO: [ app_init ] --START--
INFO: Run Behavior\BuildLiteBehavior [ RunTime:0.000017s ]
INFO: [ app_init ] --END-- [ RunTime:0.000342s ]
ERR: 无法加载模块:PhpMyAdmin-2.6

[ 2018-04-05T10:53:55+08:00 ] 185.174.100.148 /phpMyAdmin-2.6.3-pl1/
INFO: [ app_init ] --START--
INFO: Run Behavior\BuildLiteBehavior [ RunTime:0.000028s ]
INFO: [ app_init ] --END-- [ RunTime:0.000525s ]
ERR: 无法加载模块:PhpMyAdmin-2.6

[ 2018-04-05T10:53:55+08:00 ] 185.174.100.148 /phpMyAdmin-2.6.4-rc1/
INFO: [ app_init ] --START--
INFO: Run Behavior\BuildLiteBehavior [ RunTime:0.000018s ]
INFO: [ app_init ] --END-- [ RunTime:0.000300s ]
ERR: 无法加载模块:PhpMyAdmin-2.6

[ 2018-04-05T10:53:55+08:00 ] 185.174.100.148 /phpMyAdmin-2.6.4-pl1/
INFO: [ app_init ] --START--
INFO: Run Behavior\BuildLiteBehavior [ RunTime:0.000018s ]
INFO: [ app_init ] --END-- [ RunTime:0.000305s ]
ERR: 无法加载模块:PhpMyAdmin-2.6

[ 2018-04-05T10:53:55+08:00 ] 185.174.100.148 /phpMyAdmin-2.6.4-pl2/
INFO: [ app_init ] --START--
INFO: Run Behavior\BuildLiteBehavior [ RunTime:0.000019s ]
INFO: [ app_init ] --END-- [ RunTime:0.000341s ]
ERR: 无法加载模块:PhpMyAdmin-2.6

[ 2018-04-05T10:53:55+08:00 ] 185.174.100.148 /phpMyAdmin-2.6.4-pl3/
INFO: [ app_init ] --START--
INFO: Run Behavior\BuildLiteBehavior [ RunTime:0.000018s ]
INFO: [ app_init ] --END-- [ RunTime:0.000383s ]
ERR: 无法加载模块:PhpMyAdmin-2.6

[ 2018-04-05T10:53:55+08:00 ] 185.174.100.148 /phpMyAdmin-2.6.4-pl4/
INFO: [ app_init ] --START--
INFO: Run Behavior\BuildLiteBehavior [ RunTime:0.000018s ]
INFO: [ app_init ] --END-- [ RunTime:0.000367s ]
ERR: 无法加载模块:PhpMyAdmin-2.6

[ 2018-04-05T10:53:55+08:00 ] 185.174.100.148 /phpMyAdmin-2.6.4/
INFO: [ app_init ] --START--
INFO: Run Behavior\BuildLiteBehavior [ RunTime:0.000023s ]
INFO: [ app_init ] --END-- [ RunTime:0.000377s ]
ERR: 无法加载模块:PhpMyAdmin-2.6

[ 2018-04-05T10:53:55+08:00 ] 185.174.100.148 /phpMyAdmin-2.7.0-beta1/
INFO: [ app_init ] --START--
INFO: Run Behavior\BuildLiteBehavior [ RunTime:0.000026s ]
INFO: [ app_init ] --END-- [ RunTime:0.000438s ]
ERR: 无法加载模块:PhpMyAdmin-2.7

[ 2018-04-05T10:53:55+08:00 ] 185.174.100.148 /phpMyAdmin-2.7.0-rc1/
INFO: [ app_init ] --START--
INFO: Run Behavior\BuildLiteBehavior [ RunTime:0.000027s ]
INFO: [ app_init ] --END-- [ RunTime:0.000494s ]
ERR: 无法加载模块:PhpMyAdmin-2.7

[ 2018-04-05T10:53:55+08:00 ] 185.174.100.148 /phpMyAdmin-2.7.0-pl1/
INFO: [ app_init ] --START--
INFO: Run Behavior\BuildLiteBehavior [ RunTime:0.000017s ]
INFO: [ app_init ] --END-- [ RunTime:0.000312s ]
ERR: 无法加载模块:PhpMyAdmin-2.7

[ 2018-04-05T10:53:55+08:00 ] 185.174.100.148 /phpMyAdmin-2.7.0-pl2/
INFO: [ app_init ] --START--
INFO: Run Behavior\BuildLiteBehavior [ RunTime:0.000019s ]
INFO: [ app_init ] --END-- [ RunTime:0.000356s ]
ERR: 无法加载模块:PhpMyAdmin-2.7

[ 2018-04-05T10:53:55+08:00 ] 185.174.100.148 /phpMyAdmin-2.7.0/
INFO: [ app_init ] --START--
INFO: Run Behavior\BuildLiteBehavior [ RunTime:0.000028s ]
INFO: [ app_init ] --END-- [ RunTime:0.000555s ]
ERR: 无法加载模块:PhpMyAdmin-2.7

[ 2018-04-05T10:53:55+08:00 ] 185.174.100.148 /phpMyAdmin-2.8.0-beta1/
INFO: [ app_init ] --START--
INFO: Run Behavior\BuildLiteBehavior [ RunTime:0.000018s ]
INFO: [ app_init ] --END-- [ RunTime:0.000369s ]
ERR: 无法加载模块:PhpMyAdmin-2.8

[ 2018-04-05T10:53:55+08:00 ] 185.174.100.148 /phpMyAdmin-2.8.0-rc1/
INFO: [ app_init ] --START--
INFO: Run Behavior\BuildLiteBehavior [ RunTime:0.000017s ]
INFO: [ app_init ] --END-- [ RunTime:0.000341s ]
ERR: 无法加载模块:PhpMyAdmin-2.8

[ 2018-04-05T10:53:55+08:00 ] 185.174.100.148 /phpMyAdmin-2.8.0-rc2/
INFO: [ app_init ] --START--
INFO: Run Behavior\BuildLiteBehavior [ RunTime:0.000026s ]
INFO: [ app_init ] --END-- [ RunTime:0.000634s ]
ERR: 无法加载模块:PhpMyAdmin-2.8

[ 2018-04-05T10:53:55+08:00 ] 185.174.100.148 /phpMyAdmin-2.8.0/
INFO: [ app_init ] --START--
INFO: Run Behavior\BuildLiteBehavior [ RunTime:0.000019s ]
INFO: [ app_init ] --END-- [ RunTime:0.000354s ]
ERR: 无法加载模块:PhpMyAdmin-2.8

[ 2018-04-05T10:53:55+08:00 ] 185.174.100.148 /phpMyAdmin-2.8.0.1/
INFO: [ app_init ] --START--
INFO: Run Behavior\BuildLiteBehavior [ RunTime:0.000019s ]
INFO: [ app_init ] --END-- [ RunTime:0.000450s ]
ERR: 无法加载模块:PhpMyAdmin-2.8.0

[ 2018-04-05T10:53:55+08:00 ] 185.174.100.148 /phpMyAdmin-2.8.0.2/
INFO: [ app_init ] --START--
INFO: Run Behavior\BuildLiteBehavior [ RunTime:0.000054s ]
INFO: [ app_init ] --END-- [ RunTime:0.000387s ]
ERR: 无法加载模块:PhpMyAdmin-2.8.0

[ 2018-04-05T10:53:55+08:00 ] 185.174.100.148 /phpMyAdmin-2.8.0.3/
INFO: [ app_init ] --START--
INFO: Run Behavior\BuildLiteBehavior [ RunTime:0.000027s ]
INFO: [ app_init ] --END-- [ RunTime:0.000402s ]
ERR: 无法加载模块:PhpMyAdmin-2.8.0

[ 2018-04-05T10:53:55+08:00 ] 185.174.100.148 /phpMyAdmin-2.8.0.4/
INFO: [ app_init ] --START--
INFO: Run Behavior\BuildLiteBehavior [ RunTime:0.000030s ]
INFO: [ app_init ] --END-- [ RunTime:0.000537s ]
ERR: 无法加载模块:PhpMyAdmin-2.8.0

[ 2018-04-05T10:53:55+08:00 ] 185.174.100.148 /phpMyAdmin-2.8.1-rc1/
INFO: [ app_init ] --START--
INFO: Run Behavior\BuildLiteBehavior [ RunTime:0.000026s ]
INFO: [ app_init ] --END-- [ RunTime:0.000395s ]
ERR: 无法加载模块:PhpMyAdmin-2.8

[ 2018-04-05T10:53:55+08:00 ] 185.174.100.148 /phpMyAdmin-2.8.1/
INFO: [ app_init ] --START--
INFO: Run Behavior\BuildLiteBehavior [ RunTime:0.000026s ]
INFO: [ app_init ] --END-- [ RunTime:0.000460s ]
ERR: 无法加载模块:PhpMyAdmin-2.8

[ 2018-04-05T10:53:55+08:00 ] 185.174.100.148 /phpMyAdmin-2.8.2/
INFO: [ app_init ] --START--
INFO: Run Behavior\BuildLiteBehavior [ RunTime:0.000027s ]
INFO: [ app_init ] --END-- [ RunTime:0.000365s ]
ERR: 无法加载模块:PhpMyAdmin-2.8

[ 2018-04-05T10:53:55+08:00 ] 185.174.100.148 /sqlmanager/
INFO: [ app_init ] --START--
INFO: Run Behavior\BuildLiteBehavior [ RunTime:0.000050s ]
INFO: [ app_init ] --END-- [ RunTime:0.000424s ]
ERR: 无法加载模块:Sqlmanager

[ 2018-04-05T10:53:55+08:00 ] 185.174.100.148 /mysqlmanager/
INFO: [ app_init ] --START--
INFO: Run Behavior\BuildLiteBehavior [ RunTime:0.000023s ]
INFO: [ app_init ] --END-- [ RunTime:0.000416s ]
ERR: 无法加载模块:Mysqlmanager

[ 2018-04-05T10:53:55+08:00 ] 185.174.100.148 /p/m/a/
INFO: [ app_init ] --START--
INFO: Run Behavior\BuildLiteBehavior [ RunTime:0.000028s ]
INFO: [ app_init ] --END-- [ RunTime:0.000462s ]
ERR: 无法加载模块:P

[ 2018-04-05T10:53:55+08:00 ] 185.174.100.148 /PMA2005/
INFO: [ app_init ] --START--
INFO: Run Behavior\BuildLiteBehavior [ RunTime:0.000019s ]
INFO: [ app_init ] --END-- [ RunTime:0.000446s ]
ERR: 无法加载模块:PMA2005

[ 2018-04-05T10:53:55+08:00 ] 185.174.100.148 /pma2005/
INFO: [ app_init ] --START--
INFO: Run Behavior\BuildLiteBehavior [ RunTime:0.000028s ]
INFO: [ app_init ] --END-- [ RunTime:0.000502s ]
ERR: 无法加载模块:Pma2005

[ 2018-04-05T10:53:55+08:00 ] 185.174.100.148 /phpmanager/
INFO: [ app_init ] --START--
INFO: Run Behavior\BuildLiteBehavior [ RunTime:0.000063s ]
INFO: [ app_init ] --END-- [ RunTime:0.000553s ]
ERR: 无法加载模块:Phpmanager

[ 2018-04-05T10:53:55+08:00 ] 185.174.100.148 /php-myadmin/
INFO: [ app_init ] --START--
INFO: Run Behavior\BuildLiteBehavior [ RunTime:0.000038s ]
INFO: [ app_init ] --END-- [ RunTime:0.000610s ]
ERR: 无法加载模块:Php-myadmin

[ 2018-04-05T10:53:55+08:00 ] 185.174.100.148 /phpmy-admin/
INFO: [ app_init ] --START--
INFO: Run Behavior\BuildLiteBehavior [ RunTime:0.000053s ]
INFO: [ app_init ] --END-- [ RunTime:0.000531s ]
ERR: 无法加载模块:Phpmy-admin

[ 2018-04-05T10:53:55+08:00 ] 185.174.100.148 /webadmin/
INFO: [ app_init ] --START--
INFO: Run Behavior\BuildLiteBehavior [ RunTime:0.000059s ]
INFO: [ app_init ] --END-- [ RunTime:0.000482s ]
ERR: 无法加载模块:Webadmin

[ 2018-04-05T10:53:56+08:00 ] 185.174.100.148 /sqlweb/
INFO: [ app_init ] --START--
INFO: Run Behavior\BuildLiteBehavior [ RunTime:0.000028s ]
INFO: [ app_init ] --END-- [ RunTime:0.000477s ]
ERR: 无法加载模块:Sqlweb

[ 2018-04-05T10:53:56+08:00 ] 185.174.100.148 /websql/
INFO: [ app_init ] --START--
INFO: Run Behavior\BuildLiteBehavior [ RunTime:0.000020s ]
INFO: [ app_init ] --END-- [ RunTime:0.000380s ]
ERR: 无法加载模块:Websql

[ 2018-04-05T10:53:56+08:00 ] 185.174.100.148 /webdb/
INFO: [ app_init ] --START--
INFO: Run Behavior\BuildLiteBehavior [ RunTime:0.000019s ]
INFO: [ app_init ] --END-- [ RunTime:0.000354s ]
ERR: 无法加载模块:Webdb

[ 2018-04-05T10:53:56+08:00 ] 185.174.100.148 /mysqladmin/
INFO: [ app_init ] --START--
INFO: Run Behavior\BuildLiteBehavior [ RunTime:0.000022s ]
INFO: [ app_init ] --END-- [ RunTime:0.000455s ]
ERR: 无法加载模块:Mysqladmin

[ 2018-04-05T10:53:56+08:00 ] 185.174.100.148 /mysql-admin/
INFO: [ app_init ] --START--
INFO: Run Behavior\BuildLiteBehavior [ RunTime:0.000028s ]
INFO: [ app_init ] --END-- [ RunTime:0.000545s ]
ERR: 无法加载模块:Mysql-admin

[ 2018-04-05T11:49:56+08:00 ] 180.76.15.149 /robots.txt
INFO: [ app_init ] --START--
INFO: Run Behavior\BuildLiteBehavior [ RunTime:0.000019s ]
INFO: [ app_init ] --END-- [ RunTime:0.000408s ]
ERR: 无法加载模块:Robots

[ 2018-04-05T11:49:58+08:00 ] 180.76.15.162 /robots.txt
INFO: [ app_init ] --START--
INFO: Run Behavior\BuildLiteBehavior [ RunTime:0.000029s ]
INFO: [ app_init ] --END-- [ RunTime:0.000478s ]
ERR: 无法加载模块:Robots

[ 2018-04-05T13:48:36+08:00 ] 58.208.116.169 /Public/img/slider-bg2.jpg
INFO: [ app_init ] --START--
INFO: Run Behavior\BuildLiteBehavior [ RunTime:0.000061s ]
INFO: [ app_init ] --END-- [ RunTime:0.000387s ]
ERR: 无法加载模块:Public

[ 2018-04-05T14:15:47+08:00 ] 58.208.116.169 /favicon.ico
INFO: [ app_init ] --START--
INFO: Run Behavior\BuildLiteBehavior [ RunTime:0.000019s ]
INFO: [ app_init ] --END-- [ RunTime:0.000348s ]
ERR: 无法加载模块:Favicon

[ 2018-04-05T14:20:07+08:00 ] 58.208.116.169 /Public/img/slider-bg2.jpg
INFO: [ app_init ] --START--
INFO: Run Behavior\BuildLiteBehavior [ RunTime:0.000028s ]
INFO: [ app_init ] --END-- [ RunTime:0.000560s ]
ERR: 无法加载模块:Public

[ 2018-04-05T15:25:53+08:00 ] 47.254.42.83 http://i1.sinaimg.cn/dy/deco/2013/0329/logo/LOGO_1x.png
INFO: [ app_init ] --START--
INFO: Run Behavior\BuildLiteBehavior [ RunTime:0.000046s ]
INFO: [ app_init ] --END-- [ RunTime:0.000354s ]
ERR: 无法加载模块:Dy

